[0.063s] Invoking command in '/home/krishil/ros2_ws/build/my_cpp_pkg': CMAKE_PREFIX_PATH=${CMAKE_PREFIX_PATH}:/home/krishil/ros2_ws/install/my_py_pkg:/opt/ros/humble /usr/bin/cmake --build /home/krishil/ros2_ws/build/my_cpp_pkg -- -j3 -l3
[0.744s] [ 16%] Built target cpp_subscriber
[0.744s] [ 33%] Built target cpp_node
[0.744s] [ 50%] Built target number_publisher
[0.744s] [ 66%] Built target add_two_ints_server
[0.744s] [ 83%] Built target add_two_ints_client_oop
[0.744s] [100%] Built target add_two_ints_client_no_oop
[0.751s] Invoked command in '/home/krishil/ros2_ws/build/my_cpp_pkg' returned '0': CMAKE_PREFIX_PATH=${CMAKE_PREFIX_PATH}:/home/krishil/ros2_ws/install/my_py_pkg:/opt/ros/humble /usr/bin/cmake --build /home/krishil/ros2_ws/build/my_cpp_pkg -- -j3 -l3
[1.170s] Invoking command in '/home/krishil/ros2_ws/build/my_cpp_pkg': CMAKE_PREFIX_PATH=${CMAKE_PREFIX_PATH}:/home/krishil/ros2_ws/install/my_py_pkg:/opt/ros/humble /usr/bin/cmake --install /home/krishil/ros2_ws/build/my_cpp_pkg
[1.187s] -- Install configuration: ""
[1.188s] -- Execute custom install script
[1.189s] -- Up-to-date symlink: /home/krishil/ros2_ws/install/my_cpp_pkg/lib/my_cpp_pkg/cpp_node
[1.189s] -- Up-to-date symlink: /home/krishil/ros2_ws/install/my_cpp_pkg/lib/my_cpp_pkg/cpp_subscriber
[1.191s] -- Up-to-date symlink: /home/krishil/ros2_ws/install/my_cpp_pkg/lib/my_cpp_pkg/number_publisher
[1.191s] -- Up-to-date symlink: /home/krishil/ros2_ws/install/my_cpp_pkg/lib/my_cpp_pkg/add_two_ints_server
[1.191s] -- Up-to-date symlink: /home/krishil/ros2_ws/install/my_cpp_pkg/lib/my_cpp_pkg/add_two_ints_client_no_oop
[1.191s] -- Up-to-date symlink: /home/krishil/ros2_ws/install/my_cpp_pkg/lib/my_cpp_pkg/add_two_ints_client_oop
[1.191s] -- Up-to-date symlink: /home/krishil/ros2_ws/install/my_cpp_pkg/share/ament_index/resource_index/package_run_dependencies/my_cpp_pkg
[1.191s] -- Up-to-date symlink: /home/krishil/ros2_ws/install/my_cpp_pkg/share/ament_index/resource_index/parent_prefix_path/my_cpp_pkg
[1.192s] -- Up-to-date symlink: /home/krishil/ros2_ws/install/my_cpp_pkg/share/my_cpp_pkg/environment/ament_prefix_path.sh
[1.192s] -- Up-to-date symlink: /home/krishil/ros2_ws/install/my_cpp_pkg/share/my_cpp_pkg/environment/ament_prefix_path.dsv
[1.193s] -- Up-to-date symlink: /home/krishil/ros2_ws/install/my_cpp_pkg/share/my_cpp_pkg/environment/path.sh
[1.193s] -- Up-to-date symlink: /home/krishil/ros2_ws/install/my_cpp_pkg/share/my_cpp_pkg/environment/path.dsv
[1.194s] -- Up-to-date symlink: /home/krishil/ros2_ws/install/my_cpp_pkg/share/my_cpp_pkg/local_setup.bash
[1.194s] -- Up-to-date symlink: /home/krishil/ros2_ws/install/my_cpp_pkg/share/my_cpp_pkg/local_setup.sh
[1.195s] -- Up-to-date symlink: /home/krishil/ros2_ws/install/my_cpp_pkg/share/my_cpp_pkg/local_setup.zsh
[1.196s] -- Up-to-date symlink: /home/krishil/ros2_ws/install/my_cpp_pkg/share/my_cpp_pkg/local_setup.dsv
[1.197s] -- Symlinking: /home/krishil/ros2_ws/install/my_cpp_pkg/share/my_cpp_pkg/package.dsv
[1.211s] -- Up-to-date symlink: /home/krishil/ros2_ws/install/my_cpp_pkg/share/ament_index/resource_index/packages/my_cpp_pkg
[1.211s] -- Up-to-date symlink: /home/krishil/ros2_ws/install/my_cpp_pkg/share/my_cpp_pkg/cmake/my_cpp_pkgConfig.cmake
[1.211s] -- Up-to-date symlink: /home/krishil/ros2_ws/install/my_cpp_pkg/share/my_cpp_pkg/cmake/my_cpp_pkgConfig-version.cmake
[1.211s] -- Up-to-date symlink: /home/krishil/ros2_ws/install/my_cpp_pkg/share/my_cpp_pkg/package.xml
[1.222s] Invoked command in '/home/krishil/ros2_ws/build/my_cpp_pkg' returned '0': CMAKE_PREFIX_PATH=${CMAKE_PREFIX_PATH}:/home/krishil/ros2_ws/install/my_py_pkg:/opt/ros/humble /usr/bin/cmake --install /home/krishil/ros2_ws/build/my_cpp_pkg
