[0.097s] DEBUG:colcon:Command line arguments: ['/usr/bin/colcon', 'build']
[0.098s] DEBUG:colcon:Parsed command line arguments: Namespace(log_base=None, log_level=None, verb_name='build', build_base='build', install_base='install', merge_install=False, symlink_install=False, test_result_base=None, continue_on_error=False, executor='parallel', parallel_workers=3, event_handlers=None, ignore_user_meta=False, metas=['./colcon.meta'], base_paths=['.'], packages_ignore=None, packages_ignore_regex=None, paths=None, packages_up_to=None, packages_up_to_regex=None, packages_above=None, packages_above_and_dependencies=None, packages_above_depth=None, packages_select_by_dep=None, packages_skip_by_dep=None, packages_skip_up_to=None, packages_select_build_failed=False, packages_skip_build_finished=False, packages_select_test_failures=False, packages_skip_test_passed=False, packages_select=None, packages_skip=None, packages_select_regex=None, packages_skip_regex=None, packages_start=None, packages_end=None, allow_overriding=[], cmake_args=None, cmake_target=None, cmake_target_skip_unavailable=False, cmake_clean_cache=False, cmake_clean_first=False, cmake_force_configure=False, ament_cmake_args=None, catkin_cmake_args=None, catkin_skip_building_tests=False, verb_parser=<colcon_defaults.argument_parser.defaults.DefaultArgumentsDecorator object at 0x764436424310>, verb_extension=<colcon_core.verb.build.BuildVerb object at 0x764436518eb0>, main=<bound method BuildVerb.main of <colcon_core.verb.build.BuildVerb object at 0x764436518eb0>>)
[0.241s] Level 1:colcon.colcon_core.package_discovery:discover_packages(colcon_meta) check parameters
[0.242s] Level 1:colcon.colcon_core.package_discovery:discover_packages(recursive) check parameters
[0.242s] Level 1:colcon.colcon_core.package_discovery:discover_packages(ignore) check parameters
[0.242s] Level 1:colcon.colcon_core.package_discovery:discover_packages(path) check parameters
[0.242s] Level 1:colcon.colcon_core.package_discovery:discover_packages(colcon_meta) discover
[0.242s] Level 1:colcon.colcon_core.package_discovery:discover_packages(recursive) discover
[0.242s] INFO:colcon.colcon_core.package_discovery:Crawling recursively for packages in '/home/krishil/ros2_ws'
[0.242s] Level 1:colcon.colcon_core.package_identification:_identify(.) by extensions ['ignore', 'ignore_ament_install']
[0.242s] Level 1:colcon.colcon_core.package_identification:_identify(.) by extension 'ignore'
[0.242s] Level 1:colcon.colcon_core.package_identification:_identify(.) by extension 'ignore_ament_install'
[0.242s] Level 1:colcon.colcon_core.package_identification:_identify(.) by extensions ['colcon_pkg']
[0.242s] Level 1:colcon.colcon_core.package_identification:_identify(.) by extension 'colcon_pkg'
[0.242s] Level 1:colcon.colcon_core.package_identification:_identify(.) by extensions ['colcon_meta']
[0.242s] Level 1:colcon.colcon_core.package_identification:_identify(.) by extension 'colcon_meta'
[0.242s] Level 1:colcon.colcon_core.package_identification:_identify(.) by extensions ['ros']
[0.242s] Level 1:colcon.colcon_core.package_identification:_identify(.) by extension 'ros'
[0.252s] Level 1:colcon.colcon_core.package_identification:_identify(.) by extensions ['cmake', 'python']
[0.252s] Level 1:colcon.colcon_core.package_identification:_identify(.) by extension 'cmake'
[0.253s] Level 1:colcon.colcon_core.package_identification:_identify(.) by extension 'python'
[0.253s] Level 1:colcon.colcon_core.package_identification:_identify(.) by extensions ['python_setup_py']
[0.253s] Level 1:colcon.colcon_core.package_identification:_identify(.) by extension 'python_setup_py'
[0.253s] Level 1:colcon.colcon_core.package_identification:_identify(build) by extensions ['ignore', 'ignore_ament_install']
[0.253s] Level 1:colcon.colcon_core.package_identification:_identify(build) by extension 'ignore'
[0.253s] Level 1:colcon.colcon_core.package_identification:_identify(build) ignored
[0.253s] Level 1:colcon.colcon_core.package_identification:_identify(install) by extensions ['ignore', 'ignore_ament_install']
[0.253s] Level 1:colcon.colcon_core.package_identification:_identify(install) by extension 'ignore'
[0.253s] Level 1:colcon.colcon_core.package_identification:_identify(install) ignored
[0.253s] Level 1:colcon.colcon_core.package_identification:_identify(log) by extensions ['ignore', 'ignore_ament_install']
[0.253s] Level 1:colcon.colcon_core.package_identification:_identify(log) by extension 'ignore'
[0.253s] Level 1:colcon.colcon_core.package_identification:_identify(log) ignored
[0.253s] Level 1:colcon.colcon_core.package_identification:_identify(src) by extensions ['ignore', 'ignore_ament_install']
[0.253s] Level 1:colcon.colcon_core.package_identification:_identify(src) by extension 'ignore'
[0.254s] Level 1:colcon.colcon_core.package_identification:_identify(src) by extension 'ignore_ament_install'
[0.254s] Level 1:colcon.colcon_core.package_identification:_identify(src) by extensions ['colcon_pkg']
[0.254s] Level 1:colcon.colcon_core.package_identification:_identify(src) by extension 'colcon_pkg'
[0.254s] Level 1:colcon.colcon_core.package_identification:_identify(src) by extensions ['colcon_meta']
[0.254s] Level 1:colcon.colcon_core.package_identification:_identify(src) by extension 'colcon_meta'
[0.254s] Level 1:colcon.colcon_core.package_identification:_identify(src) by extensions ['ros']
[0.254s] Level 1:colcon.colcon_core.package_identification:_identify(src) by extension 'ros'
[0.254s] Level 1:colcon.colcon_core.package_identification:_identify(src) by extensions ['cmake', 'python']
[0.254s] Level 1:colcon.colcon_core.package_identification:_identify(src) by extension 'cmake'
[0.254s] Level 1:colcon.colcon_core.package_identification:_identify(src) by extension 'python'
[0.254s] Level 1:colcon.colcon_core.package_identification:_identify(src) by extensions ['python_setup_py']
[0.254s] Level 1:colcon.colcon_core.package_identification:_identify(src) by extension 'python_setup_py'
[0.254s] Level 1:colcon.colcon_core.package_identification:_identify(src/build) by extensions ['ignore', 'ignore_ament_install']
[0.254s] Level 1:colcon.colcon_core.package_identification:_identify(src/build) by extension 'ignore'
[0.254s] Level 1:colcon.colcon_core.package_identification:_identify(src/build) ignored
[0.254s] Level 1:colcon.colcon_core.package_identification:_identify(src/install) by extensions ['ignore', 'ignore_ament_install']
[0.254s] Level 1:colcon.colcon_core.package_identification:_identify(src/install) by extension 'ignore'
[0.254s] Level 1:colcon.colcon_core.package_identification:_identify(src/install) ignored
[0.254s] Level 1:colcon.colcon_core.package_identification:_identify(src/log) by extensions ['ignore', 'ignore_ament_install']
[0.254s] Level 1:colcon.colcon_core.package_identification:_identify(src/log) by extension 'ignore'
[0.255s] Level 1:colcon.colcon_core.package_identification:_identify(src/log) ignored
[0.255s] Level 1:colcon.colcon_core.package_identification:_identify(src/my_cpp_pkg) by extensions ['ignore', 'ignore_ament_install']
[0.255s] Level 1:colcon.colcon_core.package_identification:_identify(src/my_cpp_pkg) by extension 'ignore'
[0.255s] Level 1:colcon.colcon_core.package_identification:_identify(src/my_cpp_pkg) by extension 'ignore_ament_install'
[0.255s] Level 1:colcon.colcon_core.package_identification:_identify(src/my_cpp_pkg) by extensions ['colcon_pkg']
[0.255s] Level 1:colcon.colcon_core.package_identification:_identify(src/my_cpp_pkg) by extension 'colcon_pkg'
[0.255s] Level 1:colcon.colcon_core.package_identification:_identify(src/my_cpp_pkg) by extensions ['colcon_meta']
[0.255s] Level 1:colcon.colcon_core.package_identification:_identify(src/my_cpp_pkg) by extension 'colcon_meta'
[0.255s] Level 1:colcon.colcon_core.package_identification:_identify(src/my_cpp_pkg) by extensions ['ros']
[0.255s] Level 1:colcon.colcon_core.package_identification:_identify(src/my_cpp_pkg) by extension 'ros'
[0.257s] DEBUG:colcon.colcon_core.package_identification:Package 'src/my_cpp_pkg' with type 'ros.ament_cmake' and name 'my_cpp_pkg'
[0.257s] Level 1:colcon.colcon_core.package_identification:_identify(src/my_py_pkg) by extensions ['ignore', 'ignore_ament_install']
[0.258s] Level 1:colcon.colcon_core.package_identification:_identify(src/my_py_pkg) by extension 'ignore'
[0.258s] Level 1:colcon.colcon_core.package_identification:_identify(src/my_py_pkg) by extension 'ignore_ament_install'
[0.258s] Level 1:colcon.colcon_core.package_identification:_identify(src/my_py_pkg) by extensions ['colcon_pkg']
[0.258s] Level 1:colcon.colcon_core.package_identification:_identify(src/my_py_pkg) by extension 'colcon_pkg'
[0.258s] Level 1:colcon.colcon_core.package_identification:_identify(src/my_py_pkg) by extensions ['colcon_meta']
[0.258s] Level 1:colcon.colcon_core.package_identification:_identify(src/my_py_pkg) by extension 'colcon_meta'
[0.258s] Level 1:colcon.colcon_core.package_identification:_identify(src/my_py_pkg) by extensions ['ros']
[0.258s] Level 1:colcon.colcon_core.package_identification:_identify(src/my_py_pkg) by extension 'ros'
[0.258s] DEBUG:colcon.colcon_core.package_identification:Package 'src/my_py_pkg' with type 'ros.ament_python' and name 'my_py_pkg'
[0.259s] Level 1:colcon.colcon_core.package_identification:_identify(src/my_robot_interfaces) by extensions ['ignore', 'ignore_ament_install']
[0.259s] Level 1:colcon.colcon_core.package_identification:_identify(src/my_robot_interfaces) by extension 'ignore'
[0.259s] Level 1:colcon.colcon_core.package_identification:_identify(src/my_robot_interfaces) by extension 'ignore_ament_install'
[0.259s] Level 1:colcon.colcon_core.package_identification:_identify(src/my_robot_interfaces) by extensions ['colcon_pkg']
[0.259s] Level 1:colcon.colcon_core.package_identification:_identify(src/my_robot_interfaces) by extension 'colcon_pkg'
[0.259s] Level 1:colcon.colcon_core.package_identification:_identify(src/my_robot_interfaces) by extensions ['colcon_meta']
[0.259s] Level 1:colcon.colcon_core.package_identification:_identify(src/my_robot_interfaces) by extension 'colcon_meta'
[0.259s] Level 1:colcon.colcon_core.package_identification:_identify(src/my_robot_interfaces) by extensions ['ros']
[0.259s] Level 1:colcon.colcon_core.package_identification:_identify(src/my_robot_interfaces) by extension 'ros'
[0.259s] DEBUG:colcon.colcon_core.package_identification:Package 'src/my_robot_interfaces' with type 'ros.ament_cmake' and name 'my_robot_interfaces'
[0.259s] Level 1:colcon.colcon_core.package_discovery:discover_packages(recursive) using defaults
[0.260s] Level 1:colcon.colcon_core.package_discovery:discover_packages(ignore) discover
[0.260s] Level 1:colcon.colcon_core.package_discovery:discover_packages(ignore) using defaults
[0.260s] Level 1:colcon.colcon_core.package_discovery:discover_packages(path) discover
[0.260s] Level 1:colcon.colcon_core.package_discovery:discover_packages(path) using defaults
[0.277s] Level 1:colcon.colcon_core.package_discovery:discover_packages(prefix_path) check parameters
[0.277s] Level 1:colcon.colcon_core.package_discovery:discover_packages(prefix_path) discover
[0.278s] DEBUG:colcon.colcon_installed_package_information.package_discovery:Found 3 installed packages in /home/krishil/ros2_ws/install
[0.280s] DEBUG:colcon.colcon_installed_package_information.package_discovery:Found 270 installed packages in /opt/ros/humble
[0.281s] Level 1:colcon.colcon_core.package_discovery:discover_packages(prefix_path) using defaults
[0.323s] Level 5:colcon.colcon_core.verb:set package 'my_robot_interfaces' build argument 'cmake_args' from command line to 'None'
[0.323s] Level 5:colcon.colcon_core.verb:set package 'my_robot_interfaces' build argument 'cmake_target' from command line to 'None'
[0.323s] Level 5:colcon.colcon_core.verb:set package 'my_robot_interfaces' build argument 'cmake_target_skip_unavailable' from command line to 'False'
[0.323s] Level 5:colcon.colcon_core.verb:set package 'my_robot_interfaces' build argument 'cmake_clean_cache' from command line to 'False'
[0.323s] Level 5:colcon.colcon_core.verb:set package 'my_robot_interfaces' build argument 'cmake_clean_first' from command line to 'False'
[0.323s] Level 5:colcon.colcon_core.verb:set package 'my_robot_interfaces' build argument 'cmake_force_configure' from command line to 'False'
[0.323s] Level 5:colcon.colcon_core.verb:set package 'my_robot_interfaces' build argument 'ament_cmake_args' from command line to 'None'
[0.323s] Level 5:colcon.colcon_core.verb:set package 'my_robot_interfaces' build argument 'catkin_cmake_args' from command line to 'None'
[0.323s] Level 5:colcon.colcon_core.verb:set package 'my_robot_interfaces' build argument 'catkin_skip_building_tests' from command line to 'False'
[0.323s] DEBUG:colcon.colcon_core.verb:Building package 'my_robot_interfaces' with the following arguments: {'ament_cmake_args': None, 'build_base': '/home/krishil/ros2_ws/build/my_robot_interfaces', 'catkin_cmake_args': None, 'catkin_skip_building_tests': False, 'cmake_args': None, 'cmake_clean_cache': False, 'cmake_clean_first': False, 'cmake_force_configure': False, 'cmake_target': None, 'cmake_target_skip_unavailable': False, 'install_base': '/home/krishil/ros2_ws/install/my_robot_interfaces', 'merge_install': False, 'path': '/home/krishil/ros2_ws/src/my_robot_interfaces', 'symlink_install': False, 'test_result_base': None}
[0.323s] Level 5:colcon.colcon_core.verb:set package 'my_cpp_pkg' build argument 'cmake_args' from command line to 'None'
[0.323s] Level 5:colcon.colcon_core.verb:set package 'my_cpp_pkg' build argument 'cmake_target' from command line to 'None'
[0.323s] Level 5:colcon.colcon_core.verb:set package 'my_cpp_pkg' build argument 'cmake_target_skip_unavailable' from command line to 'False'
[0.323s] Level 5:colcon.colcon_core.verb:set package 'my_cpp_pkg' build argument 'cmake_clean_cache' from command line to 'False'
[0.323s] Level 5:colcon.colcon_core.verb:set package 'my_cpp_pkg' build argument 'cmake_clean_first' from command line to 'False'
[0.323s] Level 5:colcon.colcon_core.verb:set package 'my_cpp_pkg' build argument 'cmake_force_configure' from command line to 'False'
[0.323s] Level 5:colcon.colcon_core.verb:set package 'my_cpp_pkg' build argument 'ament_cmake_args' from command line to 'None'
[0.323s] Level 5:colcon.colcon_core.verb:set package 'my_cpp_pkg' build argument 'catkin_cmake_args' from command line to 'None'
[0.323s] Level 5:colcon.colcon_core.verb:set package 'my_cpp_pkg' build argument 'catkin_skip_building_tests' from command line to 'False'
[0.323s] DEBUG:colcon.colcon_core.verb:Building package 'my_cpp_pkg' with the following arguments: {'ament_cmake_args': None, 'build_base': '/home/krishil/ros2_ws/build/my_cpp_pkg', 'catkin_cmake_args': None, 'catkin_skip_building_tests': False, 'cmake_args': None, 'cmake_clean_cache': False, 'cmake_clean_first': False, 'cmake_force_configure': False, 'cmake_target': None, 'cmake_target_skip_unavailable': False, 'install_base': '/home/krishil/ros2_ws/install/my_cpp_pkg', 'merge_install': False, 'path': '/home/krishil/ros2_ws/src/my_cpp_pkg', 'symlink_install': False, 'test_result_base': None}
[0.324s] Level 5:colcon.colcon_core.verb:set package 'my_py_pkg' build argument 'cmake_args' from command line to 'None'
[0.324s] Level 5:colcon.colcon_core.verb:set package 'my_py_pkg' build argument 'cmake_target' from command line to 'None'
[0.324s] Level 5:colcon.colcon_core.verb:set package 'my_py_pkg' build argument 'cmake_target_skip_unavailable' from command line to 'False'
[0.324s] Level 5:colcon.colcon_core.verb:set package 'my_py_pkg' build argument 'cmake_clean_cache' from command line to 'False'
[0.324s] Level 5:colcon.colcon_core.verb:set package 'my_py_pkg' build argument 'cmake_clean_first' from command line to 'False'
[0.324s] Level 5:colcon.colcon_core.verb:set package 'my_py_pkg' build argument 'cmake_force_configure' from command line to 'False'
[0.324s] Level 5:colcon.colcon_core.verb:set package 'my_py_pkg' build argument 'ament_cmake_args' from command line to 'None'
[0.324s] Level 5:colcon.colcon_core.verb:set package 'my_py_pkg' build argument 'catkin_cmake_args' from command line to 'None'
[0.324s] Level 5:colcon.colcon_core.verb:set package 'my_py_pkg' build argument 'catkin_skip_building_tests' from command line to 'False'
[0.324s] DEBUG:colcon.colcon_core.verb:Building package 'my_py_pkg' with the following arguments: {'ament_cmake_args': None, 'build_base': '/home/krishil/ros2_ws/build/my_py_pkg', 'catkin_cmake_args': None, 'catkin_skip_building_tests': False, 'cmake_args': None, 'cmake_clean_cache': False, 'cmake_clean_first': False, 'cmake_force_configure': False, 'cmake_target': None, 'cmake_target_skip_unavailable': False, 'install_base': '/home/krishil/ros2_ws/install/my_py_pkg', 'merge_install': False, 'path': '/home/krishil/ros2_ws/src/my_py_pkg', 'symlink_install': False, 'test_result_base': None}
[0.324s] INFO:colcon.colcon_core.executor:Executing jobs using 'parallel' executor
[0.352s] DEBUG:colcon.colcon_parallel_executor.executor.parallel:run_until_complete
[0.354s] INFO:colcon.colcon_ros.task.ament_cmake.build:Building ROS package in '/home/krishil/ros2_ws/src/my_robot_interfaces' with build type 'ament_cmake'
[0.354s] INFO:colcon.colcon_cmake.task.cmake.build:Building CMake package in '/home/krishil/ros2_ws/src/my_robot_interfaces'
[0.395s] INFO:colcon.colcon_core.plugin_system:Skipping extension 'colcon_core.shell.bat': Not used on non-Windows systems
[0.395s] INFO:colcon.colcon_core.shell:Skip shell extension 'powershell' for command environment: Not usable outside of PowerShell
[0.395s] DEBUG:colcon.colcon_core.shell:Skip shell extension 'dsv' for command environment
[0.417s] DEBUG:colcon.colcon_core.event_handler.log_command:Invoking command in '/home/krishil/ros2_ws/build/my_robot_interfaces': CMAKE_PREFIX_PATH=${CMAKE_PREFIX_PATH}:/home/krishil/ros2_ws/install/my_py_pkg:/opt/ros/humble /usr/bin/cmake --build /home/krishil/ros2_ws/build/my_robot_interfaces -- -j3 -l3
[1.073s] DEBUG:colcon.colcon_core.event_handler.log_command:Invoked command in '/home/krishil/ros2_ws/build/my_robot_interfaces' returned '0': CMAKE_PREFIX_PATH=${CMAKE_PREFIX_PATH}:/home/krishil/ros2_ws/install/my_py_pkg:/opt/ros/humble /usr/bin/cmake --build /home/krishil/ros2_ws/build/my_robot_interfaces -- -j3 -l3
[1.545s] DEBUG:colcon.colcon_core.event_handler.log_command:Invoking command in '/home/krishil/ros2_ws/build/my_robot_interfaces': CMAKE_PREFIX_PATH=${CMAKE_PREFIX_PATH}:/home/krishil/ros2_ws/install/my_py_pkg:/opt/ros/humble /usr/bin/cmake --install /home/krishil/ros2_ws/build/my_robot_interfaces
[1.620s] Level 1:colcon.colcon_core.environment:create_environment_scripts_only(my_robot_interfaces)
[1.622s] DEBUG:colcon.colcon_core.event_handler.log_command:Invoked command in '/home/krishil/ros2_ws/build/my_robot_interfaces' returned '0': CMAKE_PREFIX_PATH=${CMAKE_PREFIX_PATH}:/home/krishil/ros2_ws/install/my_py_pkg:/opt/ros/humble /usr/bin/cmake --install /home/krishil/ros2_ws/build/my_robot_interfaces
[1.624s] Level 1:colcon.colcon_core.environment:checking '/home/krishil/ros2_ws/install/my_robot_interfaces' for CMake module files
[1.625s] Level 1:colcon.colcon_core.environment:checking '/home/krishil/ros2_ws/install/my_robot_interfaces' for CMake config files
[1.625s] Level 1:colcon.colcon_core.shell:create_environment_hook('my_robot_interfaces', 'cmake_prefix_path')
[1.625s] INFO:colcon.colcon_core.shell:Creating environment hook '/home/krishil/ros2_ws/install/my_robot_interfaces/share/my_robot_interfaces/hook/cmake_prefix_path.ps1'
[1.626s] INFO:colcon.colcon_core.shell:Creating environment descriptor '/home/krishil/ros2_ws/install/my_robot_interfaces/share/my_robot_interfaces/hook/cmake_prefix_path.dsv'
[1.628s] INFO:colcon.colcon_core.shell:Creating environment hook '/home/krishil/ros2_ws/install/my_robot_interfaces/share/my_robot_interfaces/hook/cmake_prefix_path.sh'
[1.629s] Level 1:colcon.colcon_core.environment:checking '/home/krishil/ros2_ws/install/my_robot_interfaces/lib'
[1.629s] Level 1:colcon.colcon_core.shell:create_environment_hook('my_robot_interfaces', 'ld_library_path_lib')
[1.630s] INFO:colcon.colcon_core.shell:Creating environment hook '/home/krishil/ros2_ws/install/my_robot_interfaces/share/my_robot_interfaces/hook/ld_library_path_lib.ps1'
[1.630s] INFO:colcon.colcon_core.shell:Creating environment descriptor '/home/krishil/ros2_ws/install/my_robot_interfaces/share/my_robot_interfaces/hook/ld_library_path_lib.dsv'
[1.631s] INFO:colcon.colcon_core.shell:Creating environment hook '/home/krishil/ros2_ws/install/my_robot_interfaces/share/my_robot_interfaces/hook/ld_library_path_lib.sh'
[1.632s] Level 1:colcon.colcon_core.environment:checking '/home/krishil/ros2_ws/install/my_robot_interfaces/bin'
[1.632s] Level 1:colcon.colcon_core.environment:checking '/home/krishil/ros2_ws/install/my_robot_interfaces/lib/pkgconfig/my_robot_interfaces.pc'
[1.632s] Level 1:colcon.colcon_core.environment:checking '/home/krishil/ros2_ws/install/my_robot_interfaces/lib/python3.10/site-packages'
[1.632s] Level 1:colcon.colcon_core.environment:checking '/home/krishil/ros2_ws/install/my_robot_interfaces/bin'
[1.633s] INFO:colcon.colcon_core.shell:Creating package script '/home/krishil/ros2_ws/install/my_robot_interfaces/share/my_robot_interfaces/package.ps1'
[1.634s] INFO:colcon.colcon_core.shell:Creating package descriptor '/home/krishil/ros2_ws/install/my_robot_interfaces/share/my_robot_interfaces/package.dsv'
[1.635s] INFO:colcon.colcon_core.shell:Creating package script '/home/krishil/ros2_ws/install/my_robot_interfaces/share/my_robot_interfaces/package.sh'
[1.637s] INFO:colcon.colcon_core.shell:Creating package script '/home/krishil/ros2_ws/install/my_robot_interfaces/share/my_robot_interfaces/package.bash'
[1.639s] INFO:colcon.colcon_core.shell:Creating package script '/home/krishil/ros2_ws/install/my_robot_interfaces/share/my_robot_interfaces/package.zsh'
[1.641s] Level 1:colcon.colcon_core.environment:create_file_with_runtime_dependencies(/home/krishil/ros2_ws/install/my_robot_interfaces/share/colcon-core/packages/my_robot_interfaces)
[2.070s] Level 1:colcon.colcon_core.environment:create_environment_scripts_only(my_robot_interfaces)
[2.071s] Level 1:colcon.colcon_core.environment:checking '/home/krishil/ros2_ws/install/my_robot_interfaces' for CMake module files
[2.072s] Level 1:colcon.colcon_core.environment:checking '/home/krishil/ros2_ws/install/my_robot_interfaces' for CMake config files
[2.072s] Level 1:colcon.colcon_core.shell:create_environment_hook('my_robot_interfaces', 'cmake_prefix_path')
[2.072s] INFO:colcon.colcon_core.shell:Creating environment hook '/home/krishil/ros2_ws/install/my_robot_interfaces/share/my_robot_interfaces/hook/cmake_prefix_path.ps1'
[2.073s] INFO:colcon.colcon_core.shell:Creating environment descriptor '/home/krishil/ros2_ws/install/my_robot_interfaces/share/my_robot_interfaces/hook/cmake_prefix_path.dsv'
[2.074s] INFO:colcon.colcon_core.shell:Creating environment hook '/home/krishil/ros2_ws/install/my_robot_interfaces/share/my_robot_interfaces/hook/cmake_prefix_path.sh'
[2.075s] Level 1:colcon.colcon_core.environment:checking '/home/krishil/ros2_ws/install/my_robot_interfaces/lib'
[2.075s] Level 1:colcon.colcon_core.shell:create_environment_hook('my_robot_interfaces', 'ld_library_path_lib')
[2.075s] INFO:colcon.colcon_core.shell:Creating environment hook '/home/krishil/ros2_ws/install/my_robot_interfaces/share/my_robot_interfaces/hook/ld_library_path_lib.ps1'
[2.076s] INFO:colcon.colcon_core.shell:Creating environment descriptor '/home/krishil/ros2_ws/install/my_robot_interfaces/share/my_robot_interfaces/hook/ld_library_path_lib.dsv'
[2.076s] INFO:colcon.colcon_core.shell:Creating environment hook '/home/krishil/ros2_ws/install/my_robot_interfaces/share/my_robot_interfaces/hook/ld_library_path_lib.sh'
[2.077s] Level 1:colcon.colcon_core.environment:checking '/home/krishil/ros2_ws/install/my_robot_interfaces/bin'
[2.078s] Level 1:colcon.colcon_core.environment:checking '/home/krishil/ros2_ws/install/my_robot_interfaces/lib/pkgconfig/my_robot_interfaces.pc'
[2.078s] Level 1:colcon.colcon_core.environment:checking '/home/krishil/ros2_ws/install/my_robot_interfaces/lib/python3.10/site-packages'
[2.078s] Level 1:colcon.colcon_core.environment:checking '/home/krishil/ros2_ws/install/my_robot_interfaces/bin'
[2.078s] INFO:colcon.colcon_core.shell:Creating package script '/home/krishil/ros2_ws/install/my_robot_interfaces/share/my_robot_interfaces/package.ps1'
[2.079s] INFO:colcon.colcon_core.shell:Creating package descriptor '/home/krishil/ros2_ws/install/my_robot_interfaces/share/my_robot_interfaces/package.dsv'
[2.080s] INFO:colcon.colcon_core.shell:Creating package script '/home/krishil/ros2_ws/install/my_robot_interfaces/share/my_robot_interfaces/package.sh'
[2.081s] INFO:colcon.colcon_core.shell:Creating package script '/home/krishil/ros2_ws/install/my_robot_interfaces/share/my_robot_interfaces/package.bash'
[2.082s] INFO:colcon.colcon_core.shell:Creating package script '/home/krishil/ros2_ws/install/my_robot_interfaces/share/my_robot_interfaces/package.zsh'
[2.082s] Level 1:colcon.colcon_core.environment:create_file_with_runtime_dependencies(/home/krishil/ros2_ws/install/my_robot_interfaces/share/colcon-core/packages/my_robot_interfaces)
[2.083s] INFO:colcon.colcon_ros.task.ament_cmake.build:Building ROS package in '/home/krishil/ros2_ws/src/my_cpp_pkg' with build type 'ament_cmake'
[2.083s] INFO:colcon.colcon_cmake.task.cmake.build:Building CMake package in '/home/krishil/ros2_ws/src/my_cpp_pkg'
[2.084s] INFO:colcon.colcon_core.shell:Skip shell extension 'powershell' for command environment: Not usable outside of PowerShell
[2.084s] DEBUG:colcon.colcon_core.shell:Skip shell extension 'dsv' for command environment
[2.088s] INFO:colcon.colcon_ros.task.ament_python.build:Building ROS package in '/home/krishil/ros2_ws/src/my_py_pkg' with build type 'ament_python'
[2.088s] Level 1:colcon.colcon_core.shell:create_environment_hook('my_py_pkg', 'ament_prefix_path')
[2.088s] INFO:colcon.colcon_core.shell:Creating environment hook '/home/krishil/ros2_ws/install/my_py_pkg/share/my_py_pkg/hook/ament_prefix_path.ps1'
[2.089s] INFO:colcon.colcon_core.shell:Creating environment descriptor '/home/krishil/ros2_ws/install/my_py_pkg/share/my_py_pkg/hook/ament_prefix_path.dsv'
[2.090s] INFO:colcon.colcon_core.shell:Creating environment hook '/home/krishil/ros2_ws/install/my_py_pkg/share/my_py_pkg/hook/ament_prefix_path.sh'
[2.091s] INFO:colcon.colcon_core.shell:Skip shell extension 'powershell' for command environment: Not usable outside of PowerShell
[2.091s] DEBUG:colcon.colcon_core.shell:Skip shell extension 'dsv' for command environment
[2.113s] DEBUG:colcon.colcon_core.event_handler.log_command:Invoking command in '/home/krishil/ros2_ws/build/my_cpp_pkg': AMENT_PREFIX_PATH=/home/krishil/ros2_ws/install/my_robot_interfaces:${AMENT_PREFIX_PATH} CMAKE_PREFIX_PATH=/home/krishil/ros2_ws/install/my_robot_interfaces:/home/krishil/ros2_ws/install/my_cpp_pkg:/home/krishil/ros2_ws/install/my_py_pkg:/opt/ros/humble LD_LIBRARY_PATH=/home/krishil/ros2_ws/install/my_robot_interfaces/lib:${LD_LIBRARY_PATH} PYTHONPATH=/home/krishil/ros2_ws/install/my_robot_interfaces/local/lib/python3.10/dist-packages:${PYTHONPATH} /usr/bin/cmake --build /home/krishil/ros2_ws/build/my_cpp_pkg -- -j3 -l3
[2.564s] INFO:colcon.colcon_core.task.python.build:Building Python package in '/home/krishil/ros2_ws/src/my_py_pkg'
[2.564s] INFO:colcon.colcon_core.shell:Skip shell extension 'powershell' for command environment: Not usable outside of PowerShell
[2.564s] DEBUG:colcon.colcon_core.shell:Skip shell extension 'dsv' for command environment
[2.585s] DEBUG:colcon.colcon_core.event_handler.log_command:Invoked command in '/home/krishil/ros2_ws/build/my_cpp_pkg' returned '0': AMENT_PREFIX_PATH=/home/krishil/ros2_ws/install/my_robot_interfaces:${AMENT_PREFIX_PATH} CMAKE_PREFIX_PATH=/home/krishil/ros2_ws/install/my_robot_interfaces:/home/krishil/ros2_ws/install/my_cpp_pkg:/home/krishil/ros2_ws/install/my_py_pkg:/opt/ros/humble LD_LIBRARY_PATH=/home/krishil/ros2_ws/install/my_robot_interfaces/lib:${LD_LIBRARY_PATH} PYTHONPATH=/home/krishil/ros2_ws/install/my_robot_interfaces/local/lib/python3.10/dist-packages:${PYTHONPATH} /usr/bin/cmake --build /home/krishil/ros2_ws/build/my_cpp_pkg -- -j3 -l3
[2.735s] DEBUG:colcon.colcon_core.event_handler.log_command:Invoking command in '/home/krishil/ros2_ws/build/my_cpp_pkg': AMENT_PREFIX_PATH=/home/krishil/ros2_ws/install/my_robot_interfaces:${AMENT_PREFIX_PATH} CMAKE_PREFIX_PATH=/home/krishil/ros2_ws/install/my_robot_interfaces:/home/krishil/ros2_ws/install/my_cpp_pkg:/home/krishil/ros2_ws/install/my_py_pkg:/opt/ros/humble LD_LIBRARY_PATH=/home/krishil/ros2_ws/install/my_robot_interfaces/lib:${LD_LIBRARY_PATH} PYTHONPATH=/home/krishil/ros2_ws/install/my_robot_interfaces/local/lib/python3.10/dist-packages:${PYTHONPATH} /usr/bin/cmake --install /home/krishil/ros2_ws/build/my_cpp_pkg
[2.793s] Level 1:colcon.colcon_core.environment:create_environment_scripts_only(my_cpp_pkg)
[2.794s] Level 1:colcon.colcon_core.environment:checking '/home/krishil/ros2_ws/install/my_cpp_pkg' for CMake module files
[2.795s] DEBUG:colcon.colcon_core.event_handler.log_command:Invoked command in '/home/krishil/ros2_ws/build/my_cpp_pkg' returned '0': AMENT_PREFIX_PATH=/home/krishil/ros2_ws/install/my_robot_interfaces:${AMENT_PREFIX_PATH} CMAKE_PREFIX_PATH=/home/krishil/ros2_ws/install/my_robot_interfaces:/home/krishil/ros2_ws/install/my_cpp_pkg:/home/krishil/ros2_ws/install/my_py_pkg:/opt/ros/humble LD_LIBRARY_PATH=/home/krishil/ros2_ws/install/my_robot_interfaces/lib:${LD_LIBRARY_PATH} PYTHONPATH=/home/krishil/ros2_ws/install/my_robot_interfaces/local/lib/python3.10/dist-packages:${PYTHONPATH} /usr/bin/cmake --install /home/krishil/ros2_ws/build/my_cpp_pkg
[2.795s] Level 1:colcon.colcon_core.environment:checking '/home/krishil/ros2_ws/install/my_cpp_pkg' for CMake config files
[2.795s] Level 1:colcon.colcon_core.shell:create_environment_hook('my_cpp_pkg', 'cmake_prefix_path')
[2.796s] INFO:colcon.colcon_core.shell:Creating environment hook '/home/krishil/ros2_ws/install/my_cpp_pkg/share/my_cpp_pkg/hook/cmake_prefix_path.ps1'
[2.797s] INFO:colcon.colcon_core.shell:Creating environment descriptor '/home/krishil/ros2_ws/install/my_cpp_pkg/share/my_cpp_pkg/hook/cmake_prefix_path.dsv'
[2.798s] INFO:colcon.colcon_core.shell:Creating environment hook '/home/krishil/ros2_ws/install/my_cpp_pkg/share/my_cpp_pkg/hook/cmake_prefix_path.sh'
[2.799s] Level 1:colcon.colcon_core.environment:checking '/home/krishil/ros2_ws/install/my_cpp_pkg/lib'
[2.799s] Level 1:colcon.colcon_core.environment:checking '/home/krishil/ros2_ws/install/my_cpp_pkg/bin'
[2.799s] Level 1:colcon.colcon_core.environment:checking '/home/krishil/ros2_ws/install/my_cpp_pkg/lib/pkgconfig/my_cpp_pkg.pc'
[2.799s] Level 1:colcon.colcon_core.environment:checking '/home/krishil/ros2_ws/install/my_cpp_pkg/lib/python3.10/site-packages'
[2.800s] Level 1:colcon.colcon_core.environment:checking '/home/krishil/ros2_ws/install/my_cpp_pkg/bin'
[2.800s] INFO:colcon.colcon_core.shell:Creating package script '/home/krishil/ros2_ws/install/my_cpp_pkg/share/my_cpp_pkg/package.ps1'
[2.801s] INFO:colcon.colcon_core.shell:Creating package descriptor '/home/krishil/ros2_ws/install/my_cpp_pkg/share/my_cpp_pkg/package.dsv'
[2.802s] INFO:colcon.colcon_core.shell:Creating package script '/home/krishil/ros2_ws/install/my_cpp_pkg/share/my_cpp_pkg/package.sh'
[2.803s] INFO:colcon.colcon_core.shell:Creating package script '/home/krishil/ros2_ws/install/my_cpp_pkg/share/my_cpp_pkg/package.bash'
[2.804s] INFO:colcon.colcon_core.shell:Creating package script '/home/krishil/ros2_ws/install/my_cpp_pkg/share/my_cpp_pkg/package.zsh'
[2.805s] Level 1:colcon.colcon_core.environment:create_file_with_runtime_dependencies(/home/krishil/ros2_ws/install/my_cpp_pkg/share/colcon-core/packages/my_cpp_pkg)
[2.991s] Level 1:colcon.colcon_core.environment:create_environment_scripts_only(my_cpp_pkg)
[2.992s] Level 1:colcon.colcon_core.environment:checking '/home/krishil/ros2_ws/install/my_cpp_pkg' for CMake module files
[2.992s] Level 1:colcon.colcon_core.environment:checking '/home/krishil/ros2_ws/install/my_cpp_pkg' for CMake config files
[2.992s] Level 1:colcon.colcon_core.shell:create_environment_hook('my_cpp_pkg', 'cmake_prefix_path')
[2.993s] INFO:colcon.colcon_core.shell:Creating environment hook '/home/krishil/ros2_ws/install/my_cpp_pkg/share/my_cpp_pkg/hook/cmake_prefix_path.ps1'
[2.993s] INFO:colcon.colcon_core.shell:Creating environment descriptor '/home/krishil/ros2_ws/install/my_cpp_pkg/share/my_cpp_pkg/hook/cmake_prefix_path.dsv'
[2.994s] INFO:colcon.colcon_core.shell:Creating environment hook '/home/krishil/ros2_ws/install/my_cpp_pkg/share/my_cpp_pkg/hook/cmake_prefix_path.sh'
[2.996s] Level 1:colcon.colcon_core.environment:checking '/home/krishil/ros2_ws/install/my_cpp_pkg/lib'
[2.996s] Level 1:colcon.colcon_core.environment:checking '/home/krishil/ros2_ws/install/my_cpp_pkg/bin'
[2.996s] Level 1:colcon.colcon_core.environment:checking '/home/krishil/ros2_ws/install/my_cpp_pkg/lib/pkgconfig/my_cpp_pkg.pc'
[2.996s] Level 1:colcon.colcon_core.environment:checking '/home/krishil/ros2_ws/install/my_cpp_pkg/lib/python3.10/site-packages'
[2.996s] Level 1:colcon.colcon_core.environment:checking '/home/krishil/ros2_ws/install/my_cpp_pkg/bin'
[2.996s] INFO:colcon.colcon_core.shell:Creating package script '/home/krishil/ros2_ws/install/my_cpp_pkg/share/my_cpp_pkg/package.ps1'
[2.997s] INFO:colcon.colcon_core.shell:Creating package descriptor '/home/krishil/ros2_ws/install/my_cpp_pkg/share/my_cpp_pkg/package.dsv'
[2.998s] INFO:colcon.colcon_core.shell:Creating package script '/home/krishil/ros2_ws/install/my_cpp_pkg/share/my_cpp_pkg/package.sh'
[2.999s] INFO:colcon.colcon_core.shell:Creating package script '/home/krishil/ros2_ws/install/my_cpp_pkg/share/my_cpp_pkg/package.bash'
[3.000s] INFO:colcon.colcon_core.shell:Creating package script '/home/krishil/ros2_ws/install/my_cpp_pkg/share/my_cpp_pkg/package.zsh'
[3.000s] Level 1:colcon.colcon_core.environment:create_file_with_runtime_dependencies(/home/krishil/ros2_ws/install/my_cpp_pkg/share/colcon-core/packages/my_cpp_pkg)
[3.133s] DEBUG:colcon.colcon_core.event_handler.log_command:Invoking command in '/home/krishil/ros2_ws/src/my_py_pkg': AMENT_PREFIX_PATH=/home/krishil/ros2_ws/install/my_robot_interfaces:${AMENT_PREFIX_PATH} CMAKE_PREFIX_PATH=/home/krishil/ros2_ws/install/my_robot_interfaces:${CMAKE_PREFIX_PATH} LD_LIBRARY_PATH=/home/krishil/ros2_ws/install/my_robot_interfaces/lib:${LD_LIBRARY_PATH} PYTHONPATH=/home/krishil/ros2_ws/build/my_py_pkg/prefix_override:/usr/lib/python3/dist-packages/colcon_core/task/python/colcon_distutils_commands:/home/krishil/ros2_ws/install/my_py_pkg/lib/python3.10/site-packages:/home/krishil/ros2_ws/install/my_robot_interfaces/local/lib/python3.10/dist-packages:${PYTHONPATH} /usr/bin/python3 -W ignore:setup.py install is deprecated setup.py egg_info --egg-base ../../build/my_py_pkg build --build-base /home/krishil/ros2_ws/build/my_py_pkg/build install --record /home/krishil/ros2_ws/build/my_py_pkg/install.log --single-version-externally-managed install_data
[3.499s] Level 1:colcon.colcon_core.environment:checking '/home/krishil/ros2_ws/install/my_py_pkg' for CMake module files
[3.499s] Level 1:colcon.colcon_core.environment:checking '/home/krishil/ros2_ws/install/my_py_pkg' for CMake config files
[3.500s] Level 1:colcon.colcon_core.environment:checking '/home/krishil/ros2_ws/install/my_py_pkg/lib'
[3.500s] Level 1:colcon.colcon_core.environment:checking '/home/krishil/ros2_ws/install/my_py_pkg/bin'
[3.500s] Level 1:colcon.colcon_core.environment:checking '/home/krishil/ros2_ws/install/my_py_pkg/lib/pkgconfig/my_py_pkg.pc'
[3.500s] Level 1:colcon.colcon_core.environment:checking '/home/krishil/ros2_ws/install/my_py_pkg/lib/python3.10/site-packages'
[3.500s] Level 1:colcon.colcon_core.shell:create_environment_hook('my_py_pkg', 'pythonpath')
[3.500s] INFO:colcon.colcon_core.shell:Creating environment hook '/home/krishil/ros2_ws/install/my_py_pkg/share/my_py_pkg/hook/pythonpath.ps1'
[3.501s] INFO:colcon.colcon_core.shell:Creating environment descriptor '/home/krishil/ros2_ws/install/my_py_pkg/share/my_py_pkg/hook/pythonpath.dsv'
[3.501s] INFO:colcon.colcon_core.shell:Creating environment hook '/home/krishil/ros2_ws/install/my_py_pkg/share/my_py_pkg/hook/pythonpath.sh'
[3.503s] DEBUG:colcon.colcon_core.event_handler.log_command:Invoked command in '/home/krishil/ros2_ws/src/my_py_pkg' returned '0': AMENT_PREFIX_PATH=/home/krishil/ros2_ws/install/my_robot_interfaces:${AMENT_PREFIX_PATH} CMAKE_PREFIX_PATH=/home/krishil/ros2_ws/install/my_robot_interfaces:${CMAKE_PREFIX_PATH} LD_LIBRARY_PATH=/home/krishil/ros2_ws/install/my_robot_interfaces/lib:${LD_LIBRARY_PATH} PYTHONPATH=/home/krishil/ros2_ws/build/my_py_pkg/prefix_override:/usr/lib/python3/dist-packages/colcon_core/task/python/colcon_distutils_commands:/home/krishil/ros2_ws/install/my_py_pkg/lib/python3.10/site-packages:/home/krishil/ros2_ws/install/my_robot_interfaces/local/lib/python3.10/dist-packages:${PYTHONPATH} /usr/bin/python3 -W ignore:setup.py install is deprecated setup.py egg_info --egg-base ../../build/my_py_pkg build --build-base /home/krishil/ros2_ws/build/my_py_pkg/build install --record /home/krishil/ros2_ws/build/my_py_pkg/install.log --single-version-externally-managed install_data
[3.506s] Level 1:colcon.colcon_core.environment:checking '/home/krishil/ros2_ws/install/my_py_pkg/bin'
[3.506s] Level 1:colcon.colcon_core.environment:create_environment_scripts_only(my_py_pkg)
[3.506s] INFO:colcon.colcon_core.shell:Creating package script '/home/krishil/ros2_ws/install/my_py_pkg/share/my_py_pkg/package.ps1'
[3.507s] INFO:colcon.colcon_core.shell:Creating package descriptor '/home/krishil/ros2_ws/install/my_py_pkg/share/my_py_pkg/package.dsv'
[3.508s] INFO:colcon.colcon_core.shell:Creating package script '/home/krishil/ros2_ws/install/my_py_pkg/share/my_py_pkg/package.sh'
[3.509s] INFO:colcon.colcon_core.shell:Creating package script '/home/krishil/ros2_ws/install/my_py_pkg/share/my_py_pkg/package.bash'
[3.510s] INFO:colcon.colcon_core.shell:Creating package script '/home/krishil/ros2_ws/install/my_py_pkg/share/my_py_pkg/package.zsh'
[3.510s] Level 1:colcon.colcon_core.environment:create_file_with_runtime_dependencies(/home/krishil/ros2_ws/install/my_py_pkg/share/colcon-core/packages/my_py_pkg)
[3.511s] DEBUG:colcon.colcon_parallel_executor.executor.parallel:closing loop
[3.511s] DEBUG:colcon.colcon_parallel_executor.executor.parallel:loop closed
[3.511s] DEBUG:colcon.colcon_parallel_executor.executor.parallel:run_until_complete finished with '0'
[3.511s] DEBUG:colcon.colcon_core.event_reactor:joining thread
[3.521s] INFO:colcon.colcon_core.plugin_system:Skipping extension 'colcon_notification.desktop_notification.terminal_notifier': Not used on non-Darwin systems
[3.521s] INFO:colcon.colcon_core.plugin_system:Skipping extension 'colcon_notification.desktop_notification.win32': Not used on non-Windows systems
[3.521s] INFO:colcon.colcon_notification.desktop_notification:Sending desktop notification using 'notify2'
[3.556s] DEBUG:colcon.colcon_core.event_reactor:joined thread
[3.556s] INFO:colcon.colcon_core.shell:Creating prefix script '/home/krishil/ros2_ws/install/local_setup.ps1'
[3.559s] INFO:colcon.colcon_core.shell:Creating prefix util module '/home/krishil/ros2_ws/install/_local_setup_util_ps1.py'
[3.562s] INFO:colcon.colcon_core.shell:Creating prefix chain script '/home/krishil/ros2_ws/install/setup.ps1'
[3.573s] INFO:colcon.colcon_core.shell:Creating prefix script '/home/krishil/ros2_ws/install/local_setup.sh'
[3.574s] INFO:colcon.colcon_core.shell:Creating prefix util module '/home/krishil/ros2_ws/install/_local_setup_util_sh.py'
[3.575s] INFO:colcon.colcon_core.shell:Creating prefix chain script '/home/krishil/ros2_ws/install/setup.sh'
[3.576s] INFO:colcon.colcon_core.shell:Creating prefix script '/home/krishil/ros2_ws/install/local_setup.bash'
[3.577s] INFO:colcon.colcon_core.shell:Creating prefix chain script '/home/krishil/ros2_ws/install/setup.bash'
[3.580s] INFO:colcon.colcon_core.shell:Creating prefix script '/home/krishil/ros2_ws/install/local_setup.zsh'
[3.581s] INFO:colcon.colcon_core.shell:Creating prefix chain script '/home/krishil/ros2_ws/install/setup.zsh'
