[0.880s] Invoking command in '/home/krishil/ros2_ws/src/my_py_pkg': PYTHONPATH=/home/krishil/ros2_ws/build/my_py_pkg/prefix_override:/usr/lib/python3/dist-packages/colcon_core/task/python/colcon_distutils_commands:/home/krishil/ros2_ws/install/my_py_pkg/lib/python3.10/site-packages:${PYTHONPATH} /usr/bin/python3 -W ignore:setup.py install is deprecated setup.py egg_info --egg-base ../../build/my_py_pkg build --build-base /home/krishil/ros2_ws/build/my_py_pkg/build install --record /home/krishil/ros2_ws/build/my_py_pkg/install.log --single-version-externally-managed install_data
[1.149s] running egg_info
[1.151s] writing ../../build/my_py_pkg/my_py_pkg.egg-info/PKG-INFO
[1.151s] writing dependency_links to ../../build/my_py_pkg/my_py_pkg.egg-info/dependency_links.txt
[1.155s] writing entry points to ../../build/my_py_pkg/my_py_pkg.egg-info/entry_points.txt
[1.155s] writing requirements to ../../build/my_py_pkg/my_py_pkg.egg-info/requires.txt
[1.155s] writing top-level names to ../../build/my_py_pkg/my_py_pkg.egg-info/top_level.txt
[1.155s] reading manifest file '../../build/my_py_pkg/my_py_pkg.egg-info/SOURCES.txt'
[1.157s] writing manifest file '../../build/my_py_pkg/my_py_pkg.egg-info/SOURCES.txt'
[1.158s] running build
[1.158s] running build_py
[1.158s] copying my_py_pkg/number_counter.py -> /home/krishil/ros2_ws/build/my_py_pkg/build/lib/my_py_pkg
[1.158s] running install
[1.160s] running install_lib
[1.160s] copying /home/krishil/ros2_ws/build/my_py_pkg/build/lib/my_py_pkg/number_counter.py -> /home/krishil/ros2_ws/install/my_py_pkg/lib/python3.10/site-packages/my_py_pkg
[1.161s] byte-compiling /home/krishil/ros2_ws/install/my_py_pkg/lib/python3.10/site-packages/my_py_pkg/number_counter.py to number_counter.cpython-310.pyc
[1.161s] running install_data
[1.161s] running install_egg_info
[1.164s] removing '/home/krishil/ros2_ws/install/my_py_pkg/lib/python3.10/site-packages/my_py_pkg-0.0.0-py3.10.egg-info' (and everything under it)
[1.171s] Copying ../../build/my_py_pkg/my_py_pkg.egg-info to /home/krishil/ros2_ws/install/my_py_pkg/lib/python3.10/site-packages/my_py_pkg-0.0.0-py3.10.egg-info
[1.171s] running install_scripts
[1.198s] Installing add_two_ints_client_no_oop script to /home/krishil/ros2_ws/install/my_py_pkg/lib/my_py_pkg
[1.198s] Installing add_two_ints_client_oop script to /home/krishil/ros2_ws/install/my_py_pkg/lib/my_py_pkg
[1.198s] Installing add_two_ints_server script to /home/krishil/ros2_ws/install/my_py_pkg/lib/my_py_pkg
[1.198s] Installing number_counter script to /home/krishil/ros2_ws/install/my_py_pkg/lib/my_py_pkg
[1.199s] Installing pynode script to /home/krishil/ros2_ws/install/my_py_pkg/lib/my_py_pkg
[1.199s] Installing robot_news_station script to /home/krishil/ros2_ws/install/my_py_pkg/lib/my_py_pkg
[1.201s] writing list of installed files to '/home/krishil/ros2_ws/build/my_py_pkg/install.log'
[1.232s] Invoked command in '/home/krishil/ros2_ws/src/my_py_pkg' returned '0': PYTHONPATH=/home/krishil/ros2_ws/build/my_py_pkg/prefix_override:/usr/lib/python3/dist-packages/colcon_core/task/python/colcon_distutils_commands:/home/krishil/ros2_ws/install/my_py_pkg/lib/python3.10/site-packages:${PYTHONPATH} /usr/bin/python3 -W ignore:setup.py install is deprecated setup.py egg_info --egg-base ../../build/my_py_pkg build --build-base /home/krishil/ros2_ws/build/my_py_pkg/build install --record /home/krishil/ros2_ws/build/my_py_pkg/install.log --single-version-externally-managed install_data
