[0.365s] Invoking command in '/home/krishil/ros2_ws/build/my_cpp_pkg': CMAKE_PREFIX_PATH=${CMAKE_PREFIX_PATH}:/home/krishil/ros2_ws/install/my_py_pkg:/opt/ros/humble /usr/bin/cmake --build /home/krishil/ros2_ws/build/my_cpp_pkg -- -j3 -l3
[0.543s] [ 33%] Built target cpp_node
[0.588s] [ 50%] [32mBuilding CXX object CMakeFiles/number_publisher.dir/src/number_publisher.cpp.o[0m
[6.872s] [ 66%] [32m[1mLinking CXX executable number_publisher[0m
[7.579s] [ 66%] Built target number_publisher
[7.721s] [100%] Built target cpp_subscriber
[7.749s] Invoked command in '/home/krishil/ros2_ws/build/my_cpp_pkg' returned '0': CMAKE_PREFIX_PATH=${CMAKE_PREFIX_PATH}:/home/krishil/ros2_ws/install/my_py_pkg:/opt/ros/humble /usr/bin/cmake --build /home/krishil/ros2_ws/build/my_cpp_pkg -- -j3 -l3
[7.916s] Invoking command in '/home/krishil/ros2_ws/build/my_cpp_pkg': CMAKE_PREFIX_PATH=${CMAKE_PREFIX_PATH}:/home/krishil/ros2_ws/install/my_py_pkg:/opt/ros/humble /usr/bin/cmake --install /home/krishil/ros2_ws/build/my_cpp_pkg
[7.941s] -- Install configuration: ""
[7.982s] -- Execute custom install script
[7.988s] -- Up-to-date symlink: /home/krishil/ros2_ws/install/my_cpp_pkg/lib/my_cpp_pkg/cpp_node
[7.988s] -- Up-to-date symlink: /home/krishil/ros2_ws/install/my_cpp_pkg/lib/my_cpp_pkg/cpp_subscriber
[7.988s] -- Up-to-date symlink: /home/krishil/ros2_ws/install/my_cpp_pkg/lib/my_cpp_pkg/number_publisher
[7.988s] -- Up-to-date symlink: /home/krishil/ros2_ws/install/my_cpp_pkg/share/ament_index/resource_index/package_run_dependencies/my_cpp_pkg
[7.988s] -- Up-to-date symlink: /home/krishil/ros2_ws/install/my_cpp_pkg/share/ament_index/resource_index/parent_prefix_path/my_cpp_pkg
[7.988s] -- Up-to-date symlink: /home/krishil/ros2_ws/install/my_cpp_pkg/share/my_cpp_pkg/environment/ament_prefix_path.sh
[7.988s] -- Up-to-date symlink: /home/krishil/ros2_ws/install/my_cpp_pkg/share/my_cpp_pkg/environment/ament_prefix_path.dsv
[7.988s] -- Up-to-date symlink: /home/krishil/ros2_ws/install/my_cpp_pkg/share/my_cpp_pkg/environment/path.sh
[7.989s] -- Up-to-date symlink: /home/krishil/ros2_ws/install/my_cpp_pkg/share/my_cpp_pkg/environment/path.dsv
[7.989s] -- Up-to-date symlink: /home/krishil/ros2_ws/install/my_cpp_pkg/share/my_cpp_pkg/local_setup.bash
[7.989s] -- Up-to-date symlink: /home/krishil/ros2_ws/install/my_cpp_pkg/share/my_cpp_pkg/local_setup.sh
[7.989s] -- Up-to-date symlink: /home/krishil/ros2_ws/install/my_cpp_pkg/share/my_cpp_pkg/local_setup.zsh
[7.989s] -- Up-to-date symlink: /home/krishil/ros2_ws/install/my_cpp_pkg/share/my_cpp_pkg/local_setup.dsv
[7.989s] -- Symlinking: /home/krishil/ros2_ws/install/my_cpp_pkg/share/my_cpp_pkg/package.dsv
[8.034s] -- Up-to-date symlink: /home/krishil/ros2_ws/install/my_cpp_pkg/share/ament_index/resource_index/packages/my_cpp_pkg
[8.034s] -- Up-to-date symlink: /home/krishil/ros2_ws/install/my_cpp_pkg/share/my_cpp_pkg/cmake/my_cpp_pkgConfig.cmake
[8.034s] -- Up-to-date symlink: /home/krishil/ros2_ws/install/my_cpp_pkg/share/my_cpp_pkg/cmake/my_cpp_pkgConfig-version.cmake
[8.034s] -- Up-to-date symlink: /home/krishil/ros2_ws/install/my_cpp_pkg/share/my_cpp_pkg/package.xml
[8.037s] Invoked command in '/home/krishil/ros2_ws/build/my_cpp_pkg' returned '0': CMAKE_PREFIX_PATH=${CMAKE_PREFIX_PATH}:/home/krishil/ros2_ws/install/my_py_pkg:/opt/ros/humble /usr/bin/cmake --install /home/krishil/ros2_ws/build/my_cpp_pkg
