[0.051s] Invoking command in '/home/krishil/ros2_ws/build/my_cpp_pkg': CMAKE_PREFIX_PATH=${CMAKE_PREFIX_PATH}:/home/krishil/ros2_ws/install/my_py_pkg:/opt/ros/humble /usr/bin/cmake --build /home/krishil/ros2_ws/build/my_cpp_pkg -- -j3 -l3
[0.214s] -- Found ament_cmake: 1.3.10 (/opt/ros/humble/share/ament_cmake/cmake)
[0.481s] -- Override CMake install command with custom implementation using symlinks instead of copying resources
[0.574s] -- Found rclcpp: 16.0.10 (/opt/ros/humble/share/rclcpp/cmake)
[0.781s] -- Found rosidl_generator_c: 3.1.5 (/opt/ros/humble/share/rosidl_generator_c/cmake)
[0.788s] -- Found rosidl_adapter: 3.1.5 (/opt/ros/humble/share/rosidl_adapter/cmake)
[0.802s] -- Found rosidl_generator_cpp: 3.1.5 (/opt/ros/humble/share/rosidl_generator_cpp/cmake)
[0.836s] -- Using all available rosidl_typesupport_c: rosidl_typesupport_fastrtps_c;rosidl_typesupport_introspection_c
[0.864s] -- Using all available rosidl_typesupport_cpp: rosidl_typesupport_fastrtps_cpp;rosidl_typesupport_introspection_cpp
[1.029s] -- Found rmw_implementation_cmake: 6.1.2 (/opt/ros/humble/share/rmw_implementation_cmake/cmake)
[1.039s] -- Found rmw_fastrtps_cpp: 6.2.7 (/opt/ros/humble/share/rmw_fastrtps_cpp/cmake)
[1.325s] -- Using RMW implementation 'rmw_fastrtps_cpp' as default
[1.661s] -- Configuring done
[1.760s] -- Generating done
[1.762s] -- Build files have been written to: /home/krishil/ros2_ws/build/my_cpp_pkg
[1.826s] [35m[1mConsolidate compiler generated dependencies of target cpp_node[0m
[1.857s] [100%] Built target cpp_node
[1.874s] Invoked command in '/home/krishil/ros2_ws/build/my_cpp_pkg' returned '0': CMAKE_PREFIX_PATH=${CMAKE_PREFIX_PATH}:/home/krishil/ros2_ws/install/my_py_pkg:/opt/ros/humble /usr/bin/cmake --build /home/krishil/ros2_ws/build/my_cpp_pkg -- -j3 -l3
[1.961s] Invoking command in '/home/krishil/ros2_ws/build/my_cpp_pkg': CMAKE_PREFIX_PATH=${CMAKE_PREFIX_PATH}:/home/krishil/ros2_ws/install/my_py_pkg:/opt/ros/humble /usr/bin/cmake --install /home/krishil/ros2_ws/build/my_cpp_pkg
[1.971s] -- Install configuration: ""
[1.973s] -- Execute custom install script
[1.973s] -- Up-to-date symlink: /home/krishil/ros2_ws/install/my_cpp_pkg/lib/my_cpp_pkg/cpp_node
[1.973s] -- Up-to-date symlink: /home/krishil/ros2_ws/install/my_cpp_pkg/share/ament_index/resource_index/package_run_dependencies/my_cpp_pkg
[1.973s] -- Up-to-date symlink: /home/krishil/ros2_ws/install/my_cpp_pkg/share/ament_index/resource_index/parent_prefix_path/my_cpp_pkg
[1.973s] -- Up-to-date symlink: /home/krishil/ros2_ws/install/my_cpp_pkg/share/my_cpp_pkg/environment/ament_prefix_path.sh
[1.973s] -- Up-to-date symlink: /home/krishil/ros2_ws/install/my_cpp_pkg/share/my_cpp_pkg/environment/ament_prefix_path.dsv
[1.973s] -- Up-to-date symlink: /home/krishil/ros2_ws/install/my_cpp_pkg/share/my_cpp_pkg/environment/path.sh
[1.973s] -- Up-to-date symlink: /home/krishil/ros2_ws/install/my_cpp_pkg/share/my_cpp_pkg/environment/path.dsv
[1.973s] -- Up-to-date symlink: /home/krishil/ros2_ws/install/my_cpp_pkg/share/my_cpp_pkg/local_setup.bash
[1.973s] -- Up-to-date symlink: /home/krishil/ros2_ws/install/my_cpp_pkg/share/my_cpp_pkg/local_setup.sh
[1.973s] -- Up-to-date symlink: /home/krishil/ros2_ws/install/my_cpp_pkg/share/my_cpp_pkg/local_setup.zsh
[1.974s] -- Up-to-date symlink: /home/krishil/ros2_ws/install/my_cpp_pkg/share/my_cpp_pkg/local_setup.dsv
[1.974s] -- Symlinking: /home/krishil/ros2_ws/install/my_cpp_pkg/share/my_cpp_pkg/package.dsv
[1.986s] -- Up-to-date symlink: /home/krishil/ros2_ws/install/my_cpp_pkg/share/ament_index/resource_index/packages/my_cpp_pkg
[1.986s] -- Up-to-date symlink: /home/krishil/ros2_ws/install/my_cpp_pkg/share/my_cpp_pkg/cmake/my_cpp_pkgConfig.cmake
[1.986s] -- Up-to-date symlink: /home/krishil/ros2_ws/install/my_cpp_pkg/share/my_cpp_pkg/cmake/my_cpp_pkgConfig-version.cmake
[1.987s] -- Up-to-date symlink: /home/krishil/ros2_ws/install/my_cpp_pkg/share/my_cpp_pkg/package.xml
[1.990s] Invoked command in '/home/krishil/ros2_ws/build/my_cpp_pkg' returned '0': CMAKE_PREFIX_PATH=${CMAKE_PREFIX_PATH}:/home/krishil/ros2_ws/install/my_py_pkg:/opt/ros/humble /usr/bin/cmake --install /home/krishil/ros2_ws/build/my_cpp_pkg
