[0.684s] Invoking command in '/home/krishil/ros2_ws/src/my_py_pkg': PYTHONPATH=/home/krishil/ros2_ws/build/my_py_pkg/prefix_override:/usr/lib/python3/dist-packages/colcon_core/task/python/colcon_distutils_commands:/home/krishil/ros2_ws/install/my_py_pkg/lib/python3.10/site-packages:${PYTHONPATH} /usr/bin/python3 -W ignore:setup.py install is deprecated setup.py egg_info --egg-base ../../build/my_py_pkg build --build-base /home/krishil/ros2_ws/build/my_py_pkg/build install --record /home/krishil/ros2_ws/build/my_py_pkg/install.log --single-version-externally-managed install_data
[0.921s] running egg_info
[0.926s] writing ../../build/my_py_pkg/my_py_pkg.egg-info/PKG-INFO
[0.926s] writing dependency_links to ../../build/my_py_pkg/my_py_pkg.egg-info/dependency_links.txt
[0.926s] writing entry points to ../../build/my_py_pkg/my_py_pkg.egg-info/entry_points.txt
[0.927s] writing requirements to ../../build/my_py_pkg/my_py_pkg.egg-info/requires.txt
[0.927s] writing top-level names to ../../build/my_py_pkg/my_py_pkg.egg-info/top_level.txt
[0.932s] reading manifest file '../../build/my_py_pkg/my_py_pkg.egg-info/SOURCES.txt'
[0.932s] writing manifest file '../../build/my_py_pkg/my_py_pkg.egg-info/SOURCES.txt'
[0.932s] running build
[0.933s] running build_py
[0.934s] running install
[0.934s] running install_lib
[0.947s] running install_data
[0.948s] running install_egg_info
[0.949s] removing '/home/krishil/ros2_ws/install/my_py_pkg/lib/python3.10/site-packages/my_py_pkg-0.0.0-py3.10.egg-info' (and everything under it)
[0.952s] Copying ../../build/my_py_pkg/my_py_pkg.egg-info to /home/krishil/ros2_ws/install/my_py_pkg/lib/python3.10/site-packages/my_py_pkg-0.0.0-py3.10.egg-info
[0.953s] running install_scripts
[0.983s] Installing pynode script to /home/krishil/ros2_ws/install/my_py_pkg/lib/my_py_pkg
[0.983s] Installing robot_news_station script to /home/krishil/ros2_ws/install/my_py_pkg/lib/my_py_pkg
[0.984s] writing list of installed files to '/home/krishil/ros2_ws/build/my_py_pkg/install.log'
[1.038s] Invoked command in '/home/krishil/ros2_ws/src/my_py_pkg' returned '0': PYTHONPATH=/home/krishil/ros2_ws/build/my_py_pkg/prefix_override:/usr/lib/python3/dist-packages/colcon_core/task/python/colcon_distutils_commands:/home/krishil/ros2_ws/install/my_py_pkg/lib/python3.10/site-packages:${PYTHONPATH} /usr/bin/python3 -W ignore:setup.py install is deprecated setup.py egg_info --egg-base ../../build/my_py_pkg build --build-base /home/krishil/ros2_ws/build/my_py_pkg/build install --record /home/krishil/ros2_ws/build/my_py_pkg/install.log --single-version-externally-managed install_data
