[0.484s] Invoking command in '/home/krishil/ros2_ws/build/my_cpp_pkg': AMENT_PREFIX_PATH=/home/krishil/ros2_ws/install/my_robot_interfaces:${AMENT_PREFIX_PATH} CMAKE_PREFIX_PATH=/home/krishil/ros2_ws/install/my_robot_interfaces:/home/krishil/ros2_ws/install/my_cpp_pkg:/home/krishil/ros2_ws/install/my_py_pkg:/opt/ros/humble LD_LIBRARY_PATH=/home/krishil/ros2_ws/install/my_robot_interfaces/lib:${LD_LIBRARY_PATH} PYTHONPATH=/home/krishil/ros2_ws/install/my_robot_interfaces/local/lib/python3.10/dist-packages:${PYTHONPATH} /usr/bin/cmake --build /home/krishil/ros2_ws/build/my_cpp_pkg -- -j3 -l3
[0.672s] [ 14%] Built target cpp_node
[0.719s] [ 28%] Built target number_publisher
[0.782s] [ 42%] Built target add_two_ints_server
[0.875s] [ 57%] Built target add_two_ints_client_no_oop
[0.958s] [ 71%] Built target add_two_ints_client_oop
[1.028s] [ 85%] Built target hw_status_publisher
[1.139s] [ 92%] [32mBuilding CXX object CMakeFiles/cpp_subscriber.dir/src/robot_news_listener.cpp.o[0m
[9.555s] [100%] [32m[1mLinking CXX executable cpp_subscriber[0m
[10.272s] [100%] Built target cpp_subscriber
[10.289s] Invoked command in '/home/krishil/ros2_ws/build/my_cpp_pkg' returned '0': AMENT_PREFIX_PATH=/home/krishil/ros2_ws/install/my_robot_interfaces:${AMENT_PREFIX_PATH} CMAKE_PREFIX_PATH=/home/krishil/ros2_ws/install/my_robot_interfaces:/home/krishil/ros2_ws/install/my_cpp_pkg:/home/krishil/ros2_ws/install/my_py_pkg:/opt/ros/humble LD_LIBRARY_PATH=/home/krishil/ros2_ws/install/my_robot_interfaces/lib:${LD_LIBRARY_PATH} PYTHONPATH=/home/krishil/ros2_ws/install/my_robot_interfaces/local/lib/python3.10/dist-packages:${PYTHONPATH} /usr/bin/cmake --build /home/krishil/ros2_ws/build/my_cpp_pkg -- -j3 -l3
[10.481s] Invoking command in '/home/krishil/ros2_ws/build/my_cpp_pkg': AMENT_PREFIX_PATH=/home/krishil/ros2_ws/install/my_robot_interfaces:${AMENT_PREFIX_PATH} CMAKE_PREFIX_PATH=/home/krishil/ros2_ws/install/my_robot_interfaces:/home/krishil/ros2_ws/install/my_cpp_pkg:/home/krishil/ros2_ws/install/my_py_pkg:/opt/ros/humble LD_LIBRARY_PATH=/home/krishil/ros2_ws/install/my_robot_interfaces/lib:${LD_LIBRARY_PATH} PYTHONPATH=/home/krishil/ros2_ws/install/my_robot_interfaces/local/lib/python3.10/dist-packages:${PYTHONPATH} /usr/bin/cmake --install /home/krishil/ros2_ws/build/my_cpp_pkg
[10.494s] -- Install configuration: ""
[10.494s] -- Execute custom install script
[10.498s] -- Up-to-date symlink: /home/krishil/ros2_ws/install/my_cpp_pkg/lib/my_cpp_pkg/cpp_node
[10.498s] -- Up-to-date symlink: /home/krishil/ros2_ws/install/my_cpp_pkg/lib/my_cpp_pkg/cpp_subscriber
[10.498s] -- Up-to-date symlink: /home/krishil/ros2_ws/install/my_cpp_pkg/lib/my_cpp_pkg/number_publisher
[10.498s] -- Up-to-date symlink: /home/krishil/ros2_ws/install/my_cpp_pkg/lib/my_cpp_pkg/add_two_ints_server
[10.498s] -- Up-to-date symlink: /home/krishil/ros2_ws/install/my_cpp_pkg/lib/my_cpp_pkg/add_two_ints_client_no_oop
[10.498s] -- Up-to-date symlink: /home/krishil/ros2_ws/install/my_cpp_pkg/lib/my_cpp_pkg/add_two_ints_client_oop
[10.498s] -- Up-to-date symlink: /home/krishil/ros2_ws/install/my_cpp_pkg/lib/my_cpp_pkg/hw_status_publisher
[10.498s] -- Up-to-date symlink: /home/krishil/ros2_ws/install/my_cpp_pkg/share/ament_index/resource_index/package_run_dependencies/my_cpp_pkg
[10.498s] -- Up-to-date symlink: /home/krishil/ros2_ws/install/my_cpp_pkg/share/ament_index/resource_index/parent_prefix_path/my_cpp_pkg
[10.498s] -- Up-to-date symlink: /home/krishil/ros2_ws/install/my_cpp_pkg/share/my_cpp_pkg/environment/ament_prefix_path.sh
[10.517s] -- Up-to-date symlink: /home/krishil/ros2_ws/install/my_cpp_pkg/share/my_cpp_pkg/environment/ament_prefix_path.dsv
[10.517s] -- Up-to-date symlink: /home/krishil/ros2_ws/install/my_cpp_pkg/share/my_cpp_pkg/environment/path.sh
[10.517s] -- Up-to-date symlink: /home/krishil/ros2_ws/install/my_cpp_pkg/share/my_cpp_pkg/environment/path.dsv
[10.517s] -- Up-to-date symlink: /home/krishil/ros2_ws/install/my_cpp_pkg/share/my_cpp_pkg/local_setup.bash
[10.517s] -- Up-to-date symlink: /home/krishil/ros2_ws/install/my_cpp_pkg/share/my_cpp_pkg/local_setup.sh
[10.518s] -- Up-to-date symlink: /home/krishil/ros2_ws/install/my_cpp_pkg/share/my_cpp_pkg/local_setup.zsh
[10.518s] -- Up-to-date symlink: /home/krishil/ros2_ws/install/my_cpp_pkg/share/my_cpp_pkg/local_setup.dsv
[10.518s] -- Symlinking: /home/krishil/ros2_ws/install/my_cpp_pkg/share/my_cpp_pkg/package.dsv
[10.541s] -- Up-to-date symlink: /home/krishil/ros2_ws/install/my_cpp_pkg/share/ament_index/resource_index/packages/my_cpp_pkg
[10.542s] -- Up-to-date symlink: /home/krishil/ros2_ws/install/my_cpp_pkg/share/my_cpp_pkg/cmake/my_cpp_pkgConfig.cmake
[10.542s] -- Up-to-date symlink: /home/krishil/ros2_ws/install/my_cpp_pkg/share/my_cpp_pkg/cmake/my_cpp_pkgConfig-version.cmake
[10.542s] -- Up-to-date symlink: /home/krishil/ros2_ws/install/my_cpp_pkg/share/my_cpp_pkg/package.xml
[10.548s] Invoked command in '/home/krishil/ros2_ws/build/my_cpp_pkg' returned '0': AMENT_PREFIX_PATH=/home/krishil/ros2_ws/install/my_robot_interfaces:${AMENT_PREFIX_PATH} CMAKE_PREFIX_PATH=/home/krishil/ros2_ws/install/my_robot_interfaces:/home/krishil/ros2_ws/install/my_cpp_pkg:/home/krishil/ros2_ws/install/my_py_pkg:/opt/ros/humble LD_LIBRARY_PATH=/home/krishil/ros2_ws/install/my_robot_interfaces/lib:${LD_LIBRARY_PATH} PYTHONPATH=/home/krishil/ros2_ws/install/my_robot_interfaces/local/lib/python3.10/dist-packages:${PYTHONPATH} /usr/bin/cmake --install /home/krishil/ros2_ws/build/my_cpp_pkg
