[0.037s] Invoking command in '/home/krishil/ros2_ws/build/my_cpp_pkg': AMENT_PREFIX_PATH=/home/krishil/ros2_ws/install/my_robot_interfaces:${AMENT_PREFIX_PATH} CMAKE_PREFIX_PATH=/home/krishil/ros2_ws/install/my_robot_interfaces:/home/krishil/ros2_ws/install/my_cpp_pkg:/home/krishil/ros2_ws/install/my_py_pkg:/opt/ros/humble LD_LIBRARY_PATH=/home/krishil/ros2_ws/install/my_robot_interfaces/lib:${LD_LIBRARY_PATH} PYTHONPATH=/home/krishil/ros2_ws/install/my_robot_interfaces/local/lib/python3.10/dist-packages:${PYTHONPATH} /usr/bin/cmake --build /home/krishil/ros2_ws/build/my_cpp_pkg -- -j3 -l3
[0.217s] [ 14%] Built target cpp_node
[0.218s] [ 28%] Built target cpp_subscriber
[0.230s] [ 42%] Built target number_publisher
[0.286s] [ 57%] Built target add_two_ints_server
[0.310s] [ 71%] Built target add_two_ints_client_no_oop
[0.322s] [ 85%] Built target add_two_ints_client_oop
[0.342s] [100%] Built target hw_status_publisher
[0.495s] Invoked command in '/home/krishil/ros2_ws/build/my_cpp_pkg' returned '0': AMENT_PREFIX_PATH=/home/krishil/ros2_ws/install/my_robot_interfaces:${AMENT_PREFIX_PATH} CMAKE_PREFIX_PATH=/home/krishil/ros2_ws/install/my_robot_interfaces:/home/krishil/ros2_ws/install/my_cpp_pkg:/home/krishil/ros2_ws/install/my_py_pkg:/opt/ros/humble LD_LIBRARY_PATH=/home/krishil/ros2_ws/install/my_robot_interfaces/lib:${LD_LIBRARY_PATH} PYTHONPATH=/home/krishil/ros2_ws/install/my_robot_interfaces/local/lib/python3.10/dist-packages:${PYTHONPATH} /usr/bin/cmake --build /home/krishil/ros2_ws/build/my_cpp_pkg -- -j3 -l3
[0.672s] Invoking command in '/home/krishil/ros2_ws/build/my_cpp_pkg': AMENT_PREFIX_PATH=/home/krishil/ros2_ws/install/my_robot_interfaces:${AMENT_PREFIX_PATH} CMAKE_PREFIX_PATH=/home/krishil/ros2_ws/install/my_robot_interfaces:/home/krishil/ros2_ws/install/my_cpp_pkg:/home/krishil/ros2_ws/install/my_py_pkg:/opt/ros/humble LD_LIBRARY_PATH=/home/krishil/ros2_ws/install/my_robot_interfaces/lib:${LD_LIBRARY_PATH} PYTHONPATH=/home/krishil/ros2_ws/install/my_robot_interfaces/local/lib/python3.10/dist-packages:${PYTHONPATH} /usr/bin/cmake --install /home/krishil/ros2_ws/build/my_cpp_pkg
[0.680s] -- Install configuration: ""
[0.680s] -- Execute custom install script
[0.681s] -- Up-to-date symlink: /home/krishil/ros2_ws/install/my_cpp_pkg/lib/my_cpp_pkg/cpp_node
[0.681s] -- Up-to-date symlink: /home/krishil/ros2_ws/install/my_cpp_pkg/lib/my_cpp_pkg/cpp_subscriber
[0.681s] -- Up-to-date symlink: /home/krishil/ros2_ws/install/my_cpp_pkg/lib/my_cpp_pkg/number_publisher
[0.681s] -- Up-to-date symlink: /home/krishil/ros2_ws/install/my_cpp_pkg/lib/my_cpp_pkg/add_two_ints_server
[0.682s] -- Up-to-date symlink: /home/krishil/ros2_ws/install/my_cpp_pkg/lib/my_cpp_pkg/add_two_ints_client_no_oop
[0.682s] -- Up-to-date symlink: /home/krishil/ros2_ws/install/my_cpp_pkg/lib/my_cpp_pkg/add_two_ints_client_oop
[0.682s] -- Up-to-date symlink: /home/krishil/ros2_ws/install/my_cpp_pkg/lib/my_cpp_pkg/hw_status_publisher
[0.682s] -- Up-to-date symlink: /home/krishil/ros2_ws/install/my_cpp_pkg/share/ament_index/resource_index/package_run_dependencies/my_cpp_pkg
[0.682s] -- Up-to-date symlink: /home/krishil/ros2_ws/install/my_cpp_pkg/share/ament_index/resource_index/parent_prefix_path/my_cpp_pkg
[0.683s] -- Up-to-date symlink: /home/krishil/ros2_ws/install/my_cpp_pkg/share/my_cpp_pkg/environment/ament_prefix_path.sh
[0.683s] -- Up-to-date symlink: /home/krishil/ros2_ws/install/my_cpp_pkg/share/my_cpp_pkg/environment/ament_prefix_path.dsv
[0.683s] -- Up-to-date symlink: /home/krishil/ros2_ws/install/my_cpp_pkg/share/my_cpp_pkg/environment/path.sh
[0.683s] -- Up-to-date symlink: /home/krishil/ros2_ws/install/my_cpp_pkg/share/my_cpp_pkg/environment/path.dsv
[0.683s] -- Up-to-date symlink: /home/krishil/ros2_ws/install/my_cpp_pkg/share/my_cpp_pkg/local_setup.bash
[0.684s] -- Up-to-date symlink: /home/krishil/ros2_ws/install/my_cpp_pkg/share/my_cpp_pkg/local_setup.sh
[0.684s] -- Up-to-date symlink: /home/krishil/ros2_ws/install/my_cpp_pkg/share/my_cpp_pkg/local_setup.zsh
[0.684s] -- Up-to-date symlink: /home/krishil/ros2_ws/install/my_cpp_pkg/share/my_cpp_pkg/local_setup.dsv
[0.684s] -- Symlinking: /home/krishil/ros2_ws/install/my_cpp_pkg/share/my_cpp_pkg/package.dsv
[0.695s] -- Up-to-date symlink: /home/krishil/ros2_ws/install/my_cpp_pkg/share/ament_index/resource_index/packages/my_cpp_pkg
[0.695s] -- Up-to-date symlink: /home/krishil/ros2_ws/install/my_cpp_pkg/share/my_cpp_pkg/cmake/my_cpp_pkgConfig.cmake
[0.695s] -- Up-to-date symlink: /home/krishil/ros2_ws/install/my_cpp_pkg/share/my_cpp_pkg/cmake/my_cpp_pkgConfig-version.cmake
[0.695s] -- Up-to-date symlink: /home/krishil/ros2_ws/install/my_cpp_pkg/share/my_cpp_pkg/package.xml
[0.700s] Invoked command in '/home/krishil/ros2_ws/build/my_cpp_pkg' returned '0': AMENT_PREFIX_PATH=/home/krishil/ros2_ws/install/my_robot_interfaces:${AMENT_PREFIX_PATH} CMAKE_PREFIX_PATH=/home/krishil/ros2_ws/install/my_robot_interfaces:/home/krishil/ros2_ws/install/my_cpp_pkg:/home/krishil/ros2_ws/install/my_py_pkg:/opt/ros/humble LD_LIBRARY_PATH=/home/krishil/ros2_ws/install/my_robot_interfaces/lib:${LD_LIBRARY_PATH} PYTHONPATH=/home/krishil/ros2_ws/install/my_robot_interfaces/local/lib/python3.10/dist-packages:${PYTHONPATH} /usr/bin/cmake --install /home/krishil/ros2_ws/build/my_cpp_pkg
