[0.901s] Invoking command in '/home/krishil/ros2_ws/src/my_py_pkg': PYTHONPATH=/home/krishil/ros2_ws/build/my_py_pkg/prefix_override:/usr/lib/python3/dist-packages/colcon_core/task/python/colcon_distutils_commands:/home/krishil/ros2_ws/install/my_py_pkg/lib/python3.10/site-packages:${PYTHONPATH} /usr/bin/python3 -W ignore:setup.py install is deprecated setup.py egg_info --egg-base ../../build/my_py_pkg build --build-base /home/krishil/ros2_ws/build/my_py_pkg/build install --record /home/krishil/ros2_ws/build/my_py_pkg/install.log --single-version-externally-managed install_data
[1.194s] running egg_info
[1.197s] writing ../../build/my_py_pkg/my_py_pkg.egg-info/PKG-INFO
[1.198s] writing dependency_links to ../../build/my_py_pkg/my_py_pkg.egg-info/dependency_links.txt
[1.199s] writing entry points to ../../build/my_py_pkg/my_py_pkg.egg-info/entry_points.txt
[1.200s] writing requirements to ../../build/my_py_pkg/my_py_pkg.egg-info/requires.txt
[1.200s] writing top-level names to ../../build/my_py_pkg/my_py_pkg.egg-info/top_level.txt
[1.204s] reading manifest file '../../build/my_py_pkg/my_py_pkg.egg-info/SOURCES.txt'
[1.204s] writing manifest file '../../build/my_py_pkg/my_py_pkg.egg-info/SOURCES.txt'
[1.204s] running build
[1.204s] running build_py
[1.205s] copying my_py_pkg/add_two_ints_client_no_oop.py -> /home/krishil/ros2_ws/build/my_py_pkg/build/lib/my_py_pkg
[1.205s] running install
[1.206s] running install_lib
[1.207s] copying /home/krishil/ros2_ws/build/my_py_pkg/build/lib/my_py_pkg/add_two_ints_client_no_oop.py -> /home/krishil/ros2_ws/install/my_py_pkg/lib/python3.10/site-packages/my_py_pkg
[1.209s] byte-compiling /home/krishil/ros2_ws/install/my_py_pkg/lib/python3.10/site-packages/my_py_pkg/add_two_ints_client_no_oop.py to add_two_ints_client_no_oop.cpython-310.pyc
[1.210s] running install_data
[1.210s] running install_egg_info
[1.212s] removing '/home/krishil/ros2_ws/install/my_py_pkg/lib/python3.10/site-packages/my_py_pkg-0.0.0-py3.10.egg-info' (and everything under it)
[1.217s] Copying ../../build/my_py_pkg/my_py_pkg.egg-info to /home/krishil/ros2_ws/install/my_py_pkg/lib/python3.10/site-packages/my_py_pkg-0.0.0-py3.10.egg-info
[1.218s] running install_scripts
[1.242s] Installing add_two_ints_client_no_oop script to /home/krishil/ros2_ws/install/my_py_pkg/lib/my_py_pkg
[1.246s] Installing add_two_ints_server script to /home/krishil/ros2_ws/install/my_py_pkg/lib/my_py_pkg
[1.246s] Installing number_counter script to /home/krishil/ros2_ws/install/my_py_pkg/lib/my_py_pkg
[1.246s] Installing pynode script to /home/krishil/ros2_ws/install/my_py_pkg/lib/my_py_pkg
[1.246s] Installing robot_news_station script to /home/krishil/ros2_ws/install/my_py_pkg/lib/my_py_pkg
[1.246s] writing list of installed files to '/home/krishil/ros2_ws/build/my_py_pkg/install.log'
[1.291s] Invoked command in '/home/krishil/ros2_ws/src/my_py_pkg' returned '0': PYTHONPATH=/home/krishil/ros2_ws/build/my_py_pkg/prefix_override:/usr/lib/python3/dist-packages/colcon_core/task/python/colcon_distutils_commands:/home/krishil/ros2_ws/install/my_py_pkg/lib/python3.10/site-packages:${PYTHONPATH} /usr/bin/python3 -W ignore:setup.py install is deprecated setup.py egg_info --egg-base ../../build/my_py_pkg build --build-base /home/krishil/ros2_ws/build/my_py_pkg/build install --record /home/krishil/ros2_ws/build/my_py_pkg/install.log --single-version-externally-managed install_data
