[0.045s] Invoking command in '/home/krishil/ros2_ws/build/my_robot_interfaces': CMAKE_PREFIX_PATH=${CMAKE_PREFIX_PATH}:/home/krishil/ros2_ws/install/my_py_pkg:/opt/ros/humble /usr/bin/cmake --build /home/krishil/ros2_ws/build/my_robot_interfaces -- -j3 -l3
[0.430s] [  1%] Built target my_robot_interfaces__cpp
[0.519s] [  1%] Built target ament_cmake_python_copy_my_robot_interfaces
[0.577s] [ 12%] Built target my_robot_interfaces__rosidl_typesupport_cpp
[0.634s] [ 23%] Built target my_robot_interfaces__rosidl_typesupport_fastrtps_cpp
[0.730s] [ 34%] Built target my_robot_interfaces__rosidl_typesupport_introspection_cpp
[1.155s] running egg_info
[1.155s] writing my_robot_interfaces.egg-info/PKG-INFO
[1.156s] writing dependency_links to my_robot_interfaces.egg-info/dependency_links.txt
[1.157s] writing top-level names to my_robot_interfaces.egg-info/top_level.txt
[1.165s] reading manifest file 'my_robot_interfaces.egg-info/SOURCES.txt'
[1.165s] writing manifest file 'my_robot_interfaces.egg-info/SOURCES.txt'
[1.256s] [ 34%] Built target ament_cmake_python_build_my_robot_interfaces_egg
[1.358s] [ 45%] Built target my_robot_interfaces__rosidl_generator_c
[1.445s] [ 56%] Built target my_robot_interfaces__rosidl_typesupport_fastrtps_c
[1.534s] [ 67%] Built target my_robot_interfaces__rosidl_typesupport_c
[1.614s] [ 78%] Built target my_robot_interfaces__rosidl_typesupport_introspection_c
[1.695s] [ 78%] Built target my_robot_interfaces
[1.756s] [ 80%] Built target my_robot_interfaces__py
[1.855s] [ 89%] Built target my_robot_interfaces__rosidl_generator_py
[1.924s] [ 92%] Built target my_robot_interfaces__rosidl_typesupport_fastrtps_c__pyext
[2.027s] [ 96%] Built target my_robot_interfaces__rosidl_typesupport_c__pyext
[2.123s] [100%] Built target my_robot_interfaces__rosidl_typesupport_introspection_c__pyext
[2.154s] Invoked command in '/home/krishil/ros2_ws/build/my_robot_interfaces' returned '0': CMAKE_PREFIX_PATH=${CMAKE_PREFIX_PATH}:/home/krishil/ros2_ws/install/my_py_pkg:/opt/ros/humble /usr/bin/cmake --build /home/krishil/ros2_ws/build/my_robot_interfaces -- -j3 -l3
[2.990s] Invoking command in '/home/krishil/ros2_ws/build/my_robot_interfaces': CMAKE_PREFIX_PATH=${CMAKE_PREFIX_PATH}:/home/krishil/ros2_ws/install/my_py_pkg:/opt/ros/humble /usr/bin/cmake --install /home/krishil/ros2_ws/build/my_robot_interfaces
[3.002s] -- Install configuration: ""
[3.002s] -- Up-to-date: /home/krishil/ros2_ws/install/my_robot_interfaces/share/ament_index/resource_index/rosidl_interfaces/my_robot_interfaces
[3.002s] -- Up-to-date: /home/krishil/ros2_ws/install/my_robot_interfaces/include/my_robot_interfaces/my_robot_interfaces
[3.002s] -- Up-to-date: /home/krishil/ros2_ws/install/my_robot_interfaces/include/my_robot_interfaces/my_robot_interfaces/msg
[3.003s] -- Up-to-date: /home/krishil/ros2_ws/install/my_robot_interfaces/include/my_robot_interfaces/my_robot_interfaces/msg/detail
[3.003s] -- Up-to-date: /home/krishil/ros2_ws/install/my_robot_interfaces/include/my_robot_interfaces/my_robot_interfaces/msg/detail/led_status__functions.c
[3.003s] -- Up-to-date: /home/krishil/ros2_ws/install/my_robot_interfaces/include/my_robot_interfaces/my_robot_interfaces/msg/detail/led_status__functions.h
[3.003s] -- Up-to-date: /home/krishil/ros2_ws/install/my_robot_interfaces/include/my_robot_interfaces/my_robot_interfaces/msg/detail/hardware_status__functions.c
[3.003s] -- Up-to-date: /home/krishil/ros2_ws/install/my_robot_interfaces/include/my_robot_interfaces/my_robot_interfaces/msg/detail/led_status__struct.h
[3.003s] -- Up-to-date: /home/krishil/ros2_ws/install/my_robot_interfaces/include/my_robot_interfaces/my_robot_interfaces/msg/detail/hardware_status__struct.h
[3.003s] -- Up-to-date: /home/krishil/ros2_ws/install/my_robot_interfaces/include/my_robot_interfaces/my_robot_interfaces/msg/detail/hardware_status__functions.h
[3.003s] -- Up-to-date: /home/krishil/ros2_ws/install/my_robot_interfaces/include/my_robot_interfaces/my_robot_interfaces/msg/detail/hardware_status__type_support.h
[3.004s] -- Up-to-date: /home/krishil/ros2_ws/install/my_robot_interfaces/include/my_robot_interfaces/my_robot_interfaces/msg/detail/led_status__type_support.h
[3.004s] -- Up-to-date: /home/krishil/ros2_ws/install/my_robot_interfaces/include/my_robot_interfaces/my_robot_interfaces/msg/led_status.h
[3.004s] -- Up-to-date: /home/krishil/ros2_ws/install/my_robot_interfaces/include/my_robot_interfaces/my_robot_interfaces/msg/hardware_status.h
[3.004s] -- Up-to-date: /home/krishil/ros2_ws/install/my_robot_interfaces/include/my_robot_interfaces/my_robot_interfaces/msg/rosidl_generator_c__visibility_control.h
[3.004s] -- Up-to-date: /home/krishil/ros2_ws/install/my_robot_interfaces/include/my_robot_interfaces/my_robot_interfaces/srv
[3.004s] -- Up-to-date: /home/krishil/ros2_ws/install/my_robot_interfaces/include/my_robot_interfaces/my_robot_interfaces/srv/set_led.h
[3.004s] -- Up-to-date: /home/krishil/ros2_ws/install/my_robot_interfaces/include/my_robot_interfaces/my_robot_interfaces/srv/compute_rectangle_area.h
[3.004s] -- Up-to-date: /home/krishil/ros2_ws/install/my_robot_interfaces/include/my_robot_interfaces/my_robot_interfaces/srv/detail
[3.005s] -- Up-to-date: /home/krishil/ros2_ws/install/my_robot_interfaces/include/my_robot_interfaces/my_robot_interfaces/srv/detail/compute_rectangle_area__type_support.h
[3.005s] -- Up-to-date: /home/krishil/ros2_ws/install/my_robot_interfaces/include/my_robot_interfaces/my_robot_interfaces/srv/detail/compute_rectangle_area__functions.h
[3.005s] -- Up-to-date: /home/krishil/ros2_ws/install/my_robot_interfaces/include/my_robot_interfaces/my_robot_interfaces/srv/detail/set_led__type_support.h
[3.005s] -- Up-to-date: /home/krishil/ros2_ws/install/my_robot_interfaces/include/my_robot_interfaces/my_robot_interfaces/srv/detail/set_led__struct.h
[3.005s] -- Up-to-date: /home/krishil/ros2_ws/install/my_robot_interfaces/include/my_robot_interfaces/my_robot_interfaces/srv/detail/compute_rectangle_area__struct.h
[3.005s] -- Up-to-date: /home/krishil/ros2_ws/install/my_robot_interfaces/include/my_robot_interfaces/my_robot_interfaces/srv/detail/compute_rectangle_area__functions.c
[3.005s] -- Up-to-date: /home/krishil/ros2_ws/install/my_robot_interfaces/include/my_robot_interfaces/my_robot_interfaces/srv/detail/set_led__functions.c
[3.005s] -- Up-to-date: /home/krishil/ros2_ws/install/my_robot_interfaces/include/my_robot_interfaces/my_robot_interfaces/srv/detail/set_led__functions.h
[3.006s] -- Up-to-date: /home/krishil/ros2_ws/install/my_robot_interfaces/share/my_robot_interfaces/environment/library_path.sh
[3.006s] -- Up-to-date: /home/krishil/ros2_ws/install/my_robot_interfaces/share/my_robot_interfaces/environment/library_path.dsv
[3.006s] -- Up-to-date: /home/krishil/ros2_ws/install/my_robot_interfaces/lib/libmy_robot_interfaces__rosidl_generator_c.so
[3.007s] -- Up-to-date: /home/krishil/ros2_ws/install/my_robot_interfaces/include/my_robot_interfaces/my_robot_interfaces
[3.007s] -- Up-to-date: /home/krishil/ros2_ws/install/my_robot_interfaces/include/my_robot_interfaces/my_robot_interfaces/msg
[3.007s] -- Up-to-date: /home/krishil/ros2_ws/install/my_robot_interfaces/include/my_robot_interfaces/my_robot_interfaces/msg/detail
[3.007s] -- Up-to-date: /home/krishil/ros2_ws/install/my_robot_interfaces/include/my_robot_interfaces/my_robot_interfaces/msg/detail/hardware_status__rosidl_typesupport_fastrtps_c.h
[3.007s] -- Up-to-date: /home/krishil/ros2_ws/install/my_robot_interfaces/include/my_robot_interfaces/my_robot_interfaces/msg/detail/led_status__rosidl_typesupport_fastrtps_c.h
[3.008s] -- Up-to-date: /home/krishil/ros2_ws/install/my_robot_interfaces/include/my_robot_interfaces/my_robot_interfaces/msg/rosidl_typesupport_fastrtps_c__visibility_control.h
[3.008s] -- Up-to-date: /home/krishil/ros2_ws/install/my_robot_interfaces/include/my_robot_interfaces/my_robot_interfaces/srv
[3.009s] -- Up-to-date: /home/krishil/ros2_ws/install/my_robot_interfaces/include/my_robot_interfaces/my_robot_interfaces/srv/detail
[3.009s] -- Up-to-date: /home/krishil/ros2_ws/install/my_robot_interfaces/include/my_robot_interfaces/my_robot_interfaces/srv/detail/set_led__rosidl_typesupport_fastrtps_c.h
[3.009s] -- Up-to-date: /home/krishil/ros2_ws/install/my_robot_interfaces/include/my_robot_interfaces/my_robot_interfaces/srv/detail/compute_rectangle_area__rosidl_typesupport_fastrtps_c.h
[3.009s] -- Up-to-date: /home/krishil/ros2_ws/install/my_robot_interfaces/lib/libmy_robot_interfaces__rosidl_typesupport_fastrtps_c.so
[3.009s] -- Up-to-date: /home/krishil/ros2_ws/install/my_robot_interfaces/include/my_robot_interfaces/my_robot_interfaces
[3.009s] -- Up-to-date: /home/krishil/ros2_ws/install/my_robot_interfaces/include/my_robot_interfaces/my_robot_interfaces/msg
[3.009s] -- Up-to-date: /home/krishil/ros2_ws/install/my_robot_interfaces/include/my_robot_interfaces/my_robot_interfaces/msg/detail
[3.009s] -- Up-to-date: /home/krishil/ros2_ws/install/my_robot_interfaces/include/my_robot_interfaces/my_robot_interfaces/msg/detail/led_status__type_support.c
[3.010s] -- Up-to-date: /home/krishil/ros2_ws/install/my_robot_interfaces/include/my_robot_interfaces/my_robot_interfaces/msg/detail/hardware_status__type_support.c
[3.010s] -- Up-to-date: /home/krishil/ros2_ws/install/my_robot_interfaces/include/my_robot_interfaces/my_robot_interfaces/msg/detail/hardware_status__rosidl_typesupport_introspection_c.h
[3.010s] -- Up-to-date: /home/krishil/ros2_ws/install/my_robot_interfaces/include/my_robot_interfaces/my_robot_interfaces/msg/detail/led_status__rosidl_typesupport_introspection_c.h
[3.010s] -- Up-to-date: /home/krishil/ros2_ws/install/my_robot_interfaces/include/my_robot_interfaces/my_robot_interfaces/msg/rosidl_typesupport_introspection_c__visibility_control.h
[3.010s] -- Up-to-date: /home/krishil/ros2_ws/install/my_robot_interfaces/include/my_robot_interfaces/my_robot_interfaces/srv
[3.010s] -- Up-to-date: /home/krishil/ros2_ws/install/my_robot_interfaces/include/my_robot_interfaces/my_robot_interfaces/srv/detail
[3.010s] -- Up-to-date: /home/krishil/ros2_ws/install/my_robot_interfaces/include/my_robot_interfaces/my_robot_interfaces/srv/detail/compute_rectangle_area__rosidl_typesupport_introspection_c.h
[3.010s] -- Up-to-date: /home/krishil/ros2_ws/install/my_robot_interfaces/include/my_robot_interfaces/my_robot_interfaces/srv/detail/compute_rectangle_area__type_support.c
[3.010s] -- Up-to-date: /home/krishil/ros2_ws/install/my_robot_interfaces/include/my_robot_interfaces/my_robot_interfaces/srv/detail/set_led__type_support.c
[3.010s] -- Up-to-date: /home/krishil/ros2_ws/install/my_robot_interfaces/include/my_robot_interfaces/my_robot_interfaces/srv/detail/set_led__rosidl_typesupport_introspection_c.h
[3.011s] -- Up-to-date: /home/krishil/ros2_ws/install/my_robot_interfaces/lib/libmy_robot_interfaces__rosidl_typesupport_introspection_c.so
[3.011s] -- Up-to-date: /home/krishil/ros2_ws/install/my_robot_interfaces/lib/libmy_robot_interfaces__rosidl_typesupport_c.so
[3.011s] -- Up-to-date: /home/krishil/ros2_ws/install/my_robot_interfaces/include/my_robot_interfaces/my_robot_interfaces
[3.011s] -- Up-to-date: /home/krishil/ros2_ws/install/my_robot_interfaces/include/my_robot_interfaces/my_robot_interfaces/msg
[3.012s] -- Up-to-date: /home/krishil/ros2_ws/install/my_robot_interfaces/include/my_robot_interfaces/my_robot_interfaces/msg/led_status.hpp
[3.012s] -- Up-to-date: /home/krishil/ros2_ws/install/my_robot_interfaces/include/my_robot_interfaces/my_robot_interfaces/msg/detail
[3.012s] -- Up-to-date: /home/krishil/ros2_ws/install/my_robot_interfaces/include/my_robot_interfaces/my_robot_interfaces/msg/detail/led_status__traits.hpp
[3.012s] -- Up-to-date: /home/krishil/ros2_ws/install/my_robot_interfaces/include/my_robot_interfaces/my_robot_interfaces/msg/detail/led_status__struct.hpp
[3.012s] -- Up-to-date: /home/krishil/ros2_ws/install/my_robot_interfaces/include/my_robot_interfaces/my_robot_interfaces/msg/detail/hardware_status__traits.hpp
[3.013s] -- Up-to-date: /home/krishil/ros2_ws/install/my_robot_interfaces/include/my_robot_interfaces/my_robot_interfaces/msg/detail/led_status__builder.hpp
[3.013s] -- Up-to-date: /home/krishil/ros2_ws/install/my_robot_interfaces/include/my_robot_interfaces/my_robot_interfaces/msg/detail/hardware_status__struct.hpp
[3.013s] -- Up-to-date: /home/krishil/ros2_ws/install/my_robot_interfaces/include/my_robot_interfaces/my_robot_interfaces/msg/detail/hardware_status__builder.hpp
[3.013s] -- Up-to-date: /home/krishil/ros2_ws/install/my_robot_interfaces/include/my_robot_interfaces/my_robot_interfaces/msg/hardware_status.hpp
[3.013s] -- Up-to-date: /home/krishil/ros2_ws/install/my_robot_interfaces/include/my_robot_interfaces/my_robot_interfaces/srv
[3.013s] -- Up-to-date: /home/krishil/ros2_ws/install/my_robot_interfaces/include/my_robot_interfaces/my_robot_interfaces/srv/detail
[3.013s] -- Up-to-date: /home/krishil/ros2_ws/install/my_robot_interfaces/include/my_robot_interfaces/my_robot_interfaces/srv/detail/compute_rectangle_area__traits.hpp
[3.013s] -- Up-to-date: /home/krishil/ros2_ws/install/my_robot_interfaces/include/my_robot_interfaces/my_robot_interfaces/srv/detail/set_led__struct.hpp
[3.013s] -- Up-to-date: /home/krishil/ros2_ws/install/my_robot_interfaces/include/my_robot_interfaces/my_robot_interfaces/srv/detail/set_led__traits.hpp
[3.014s] -- Up-to-date: /home/krishil/ros2_ws/install/my_robot_interfaces/include/my_robot_interfaces/my_robot_interfaces/srv/detail/compute_rectangle_area__struct.hpp
[3.014s] -- Up-to-date: /home/krishil/ros2_ws/install/my_robot_interfaces/include/my_robot_interfaces/my_robot_interfaces/srv/detail/compute_rectangle_area__builder.hpp
[3.014s] -- Up-to-date: /home/krishil/ros2_ws/install/my_robot_interfaces/include/my_robot_interfaces/my_robot_interfaces/srv/detail/set_led__builder.hpp
[3.014s] -- Up-to-date: /home/krishil/ros2_ws/install/my_robot_interfaces/include/my_robot_interfaces/my_robot_interfaces/srv/compute_rectangle_area.hpp
[3.014s] -- Up-to-date: /home/krishil/ros2_ws/install/my_robot_interfaces/include/my_robot_interfaces/my_robot_interfaces/srv/set_led.hpp
[3.015s] -- Up-to-date: /home/krishil/ros2_ws/install/my_robot_interfaces/include/my_robot_interfaces/my_robot_interfaces
[3.015s] -- Up-to-date: /home/krishil/ros2_ws/install/my_robot_interfaces/include/my_robot_interfaces/my_robot_interfaces/msg
[3.015s] -- Up-to-date: /home/krishil/ros2_ws/install/my_robot_interfaces/include/my_robot_interfaces/my_robot_interfaces/msg/detail
[3.015s] -- Up-to-date: /home/krishil/ros2_ws/install/my_robot_interfaces/include/my_robot_interfaces/my_robot_interfaces/msg/detail/dds_fastrtps
[3.016s] -- Up-to-date: /home/krishil/ros2_ws/install/my_robot_interfaces/include/my_robot_interfaces/my_robot_interfaces/msg/detail/led_status__rosidl_typesupport_fastrtps_cpp.hpp
[3.016s] -- Up-to-date: /home/krishil/ros2_ws/install/my_robot_interfaces/include/my_robot_interfaces/my_robot_interfaces/msg/detail/hardware_status__rosidl_typesupport_fastrtps_cpp.hpp
[3.016s] -- Up-to-date: /home/krishil/ros2_ws/install/my_robot_interfaces/include/my_robot_interfaces/my_robot_interfaces/msg/rosidl_typesupport_fastrtps_cpp__visibility_control.h
[3.016s] -- Up-to-date: /home/krishil/ros2_ws/install/my_robot_interfaces/include/my_robot_interfaces/my_robot_interfaces/srv
[3.016s] -- Up-to-date: /home/krishil/ros2_ws/install/my_robot_interfaces/include/my_robot_interfaces/my_robot_interfaces/srv/detail
[3.016s] -- Up-to-date: /home/krishil/ros2_ws/install/my_robot_interfaces/include/my_robot_interfaces/my_robot_interfaces/srv/detail/dds_fastrtps
[3.016s] -- Up-to-date: /home/krishil/ros2_ws/install/my_robot_interfaces/include/my_robot_interfaces/my_robot_interfaces/srv/detail/compute_rectangle_area__rosidl_typesupport_fastrtps_cpp.hpp
[3.017s] -- Up-to-date: /home/krishil/ros2_ws/install/my_robot_interfaces/include/my_robot_interfaces/my_robot_interfaces/srv/detail/set_led__rosidl_typesupport_fastrtps_cpp.hpp
[3.017s] -- Up-to-date: /home/krishil/ros2_ws/install/my_robot_interfaces/lib/libmy_robot_interfaces__rosidl_typesupport_fastrtps_cpp.so
[3.018s] -- Up-to-date: /home/krishil/ros2_ws/install/my_robot_interfaces/include/my_robot_interfaces/my_robot_interfaces
[3.019s] -- Up-to-date: /home/krishil/ros2_ws/install/my_robot_interfaces/include/my_robot_interfaces/my_robot_interfaces/msg
[3.020s] -- Up-to-date: /home/krishil/ros2_ws/install/my_robot_interfaces/include/my_robot_interfaces/my_robot_interfaces/msg/detail
[3.022s] -- Up-to-date: /home/krishil/ros2_ws/install/my_robot_interfaces/include/my_robot_interfaces/my_robot_interfaces/msg/detail/hardware_status__type_support.cpp
[3.022s] -- Up-to-date: /home/krishil/ros2_ws/install/my_robot_interfaces/include/my_robot_interfaces/my_robot_interfaces/msg/detail/hardware_status__rosidl_typesupport_introspection_cpp.hpp
[3.022s] -- Up-to-date: /home/krishil/ros2_ws/install/my_robot_interfaces/include/my_robot_interfaces/my_robot_interfaces/msg/detail/led_status__rosidl_typesupport_introspection_cpp.hpp
[3.022s] -- Up-to-date: /home/krishil/ros2_ws/install/my_robot_interfaces/include/my_robot_interfaces/my_robot_interfaces/msg/detail/led_status__type_support.cpp
[3.022s] -- Up-to-date: /home/krishil/ros2_ws/install/my_robot_interfaces/include/my_robot_interfaces/my_robot_interfaces/srv
[3.023s] -- Up-to-date: /home/krishil/ros2_ws/install/my_robot_interfaces/include/my_robot_interfaces/my_robot_interfaces/srv/detail
[3.023s] -- Up-to-date: /home/krishil/ros2_ws/install/my_robot_interfaces/include/my_robot_interfaces/my_robot_interfaces/srv/detail/set_led__rosidl_typesupport_introspection_cpp.hpp
[3.023s] -- Up-to-date: /home/krishil/ros2_ws/install/my_robot_interfaces/include/my_robot_interfaces/my_robot_interfaces/srv/detail/compute_rectangle_area__type_support.cpp
[3.023s] -- Up-to-date: /home/krishil/ros2_ws/install/my_robot_interfaces/include/my_robot_interfaces/my_robot_interfaces/srv/detail/compute_rectangle_area__rosidl_typesupport_introspection_cpp.hpp
[3.023s] -- Up-to-date: /home/krishil/ros2_ws/install/my_robot_interfaces/include/my_robot_interfaces/my_robot_interfaces/srv/detail/set_led__type_support.cpp
[3.023s] -- Up-to-date: /home/krishil/ros2_ws/install/my_robot_interfaces/lib/libmy_robot_interfaces__rosidl_typesupport_introspection_cpp.so
[3.023s] -- Up-to-date: /home/krishil/ros2_ws/install/my_robot_interfaces/lib/libmy_robot_interfaces__rosidl_typesupport_cpp.so
[3.023s] -- Up-to-date: /home/krishil/ros2_ws/install/my_robot_interfaces/share/my_robot_interfaces/environment/pythonpath.sh
[3.024s] -- Up-to-date: /home/krishil/ros2_ws/install/my_robot_interfaces/share/my_robot_interfaces/environment/pythonpath.dsv
[3.024s] -- Up-to-date: /home/krishil/ros2_ws/install/my_robot_interfaces/local/lib/python3.10/dist-packages/my_robot_interfaces-0.0.0-py3.10.egg-info
[3.024s] -- Installing: /home/krishil/ros2_ws/install/my_robot_interfaces/local/lib/python3.10/dist-packages/my_robot_interfaces-0.0.0-py3.10.egg-info/SOURCES.txt
[3.024s] -- Installing: /home/krishil/ros2_ws/install/my_robot_interfaces/local/lib/python3.10/dist-packages/my_robot_interfaces-0.0.0-py3.10.egg-info/top_level.txt
[3.025s] -- Installing: /home/krishil/ros2_ws/install/my_robot_interfaces/local/lib/python3.10/dist-packages/my_robot_interfaces-0.0.0-py3.10.egg-info/dependency_links.txt
[3.025s] -- Installing: /home/krishil/ros2_ws/install/my_robot_interfaces/local/lib/python3.10/dist-packages/my_robot_interfaces-0.0.0-py3.10.egg-info/PKG-INFO
[3.025s] -- Up-to-date: /home/krishil/ros2_ws/install/my_robot_interfaces/local/lib/python3.10/dist-packages/my_robot_interfaces
[3.026s] -- Up-to-date: /home/krishil/ros2_ws/install/my_robot_interfaces/local/lib/python3.10/dist-packages/my_robot_interfaces/msg
[3.026s] -- Up-to-date: /home/krishil/ros2_ws/install/my_robot_interfaces/local/lib/python3.10/dist-packages/my_robot_interfaces/msg/_hardware_status_s.c
[3.026s] -- Up-to-date: /home/krishil/ros2_ws/install/my_robot_interfaces/local/lib/python3.10/dist-packages/my_robot_interfaces/msg/__init__.py
[3.026s] -- Up-to-date: /home/krishil/ros2_ws/install/my_robot_interfaces/local/lib/python3.10/dist-packages/my_robot_interfaces/msg/_led_status_s.c
[3.026s] -- Up-to-date: /home/krishil/ros2_ws/install/my_robot_interfaces/local/lib/python3.10/dist-packages/my_robot_interfaces/msg/_hardware_status.py
[3.026s] -- Up-to-date: /home/krishil/ros2_ws/install/my_robot_interfaces/local/lib/python3.10/dist-packages/my_robot_interfaces/msg/_led_status.py
[3.027s] -- Up-to-date: /home/krishil/ros2_ws/install/my_robot_interfaces/local/lib/python3.10/dist-packages/my_robot_interfaces/my_robot_interfaces_s__rosidl_typesupport_c.cpython-310-x86_64-linux-gnu.so
[3.028s] -- Up-to-date: /home/krishil/ros2_ws/install/my_robot_interfaces/local/lib/python3.10/dist-packages/my_robot_interfaces/__init__.py
[3.028s] -- Up-to-date: /home/krishil/ros2_ws/install/my_robot_interfaces/local/lib/python3.10/dist-packages/my_robot_interfaces/_my_robot_interfaces_s.ep.rosidl_typesupport_c.c
[3.028s] -- Up-to-date: /home/krishil/ros2_ws/install/my_robot_interfaces/local/lib/python3.10/dist-packages/my_robot_interfaces/srv
[3.028s] -- Up-to-date: /home/krishil/ros2_ws/install/my_robot_interfaces/local/lib/python3.10/dist-packages/my_robot_interfaces/srv/_set_led.py
[3.028s] -- Up-to-date: /home/krishil/ros2_ws/install/my_robot_interfaces/local/lib/python3.10/dist-packages/my_robot_interfaces/srv/__init__.py
[3.028s] -- Up-to-date: /home/krishil/ros2_ws/install/my_robot_interfaces/local/lib/python3.10/dist-packages/my_robot_interfaces/srv/_set_led_s.c
[3.028s] -- Up-to-date: /home/krishil/ros2_ws/install/my_robot_interfaces/local/lib/python3.10/dist-packages/my_robot_interfaces/srv/_compute_rectangle_area_s.c
[3.028s] -- Up-to-date: /home/krishil/ros2_ws/install/my_robot_interfaces/local/lib/python3.10/dist-packages/my_robot_interfaces/srv/_compute_rectangle_area.py
[3.028s] -- Up-to-date: /home/krishil/ros2_ws/install/my_robot_interfaces/local/lib/python3.10/dist-packages/my_robot_interfaces/my_robot_interfaces_s__rosidl_typesupport_introspection_c.cpython-310-x86_64-linux-gnu.so
[3.028s] -- Up-to-date: /home/krishil/ros2_ws/install/my_robot_interfaces/local/lib/python3.10/dist-packages/my_robot_interfaces/_my_robot_interfaces_s.ep.rosidl_typesupport_introspection_c.c
[3.029s] -- Up-to-date: /home/krishil/ros2_ws/install/my_robot_interfaces/local/lib/python3.10/dist-packages/my_robot_interfaces/my_robot_interfaces_s__rosidl_typesupport_fastrtps_c.cpython-310-x86_64-linux-gnu.so
[3.030s] -- Up-to-date: /home/krishil/ros2_ws/install/my_robot_interfaces/local/lib/python3.10/dist-packages/my_robot_interfaces/_my_robot_interfaces_s.ep.rosidl_typesupport_fastrtps_c.c
[3.030s] -- Up-to-date: /home/krishil/ros2_ws/install/my_robot_interfaces/local/lib/python3.10/dist-packages/my_robot_interfaces/libmy_robot_interfaces__rosidl_generator_py.so
[3.071s] Listing '/home/krishil/ros2_ws/install/my_robot_interfaces/local/lib/python3.10/dist-packages/my_robot_interfaces'...
[3.071s] Listing '/home/krishil/ros2_ws/install/my_robot_interfaces/local/lib/python3.10/dist-packages/my_robot_interfaces/msg'...
[3.071s] Listing '/home/krishil/ros2_ws/install/my_robot_interfaces/local/lib/python3.10/dist-packages/my_robot_interfaces/srv'...
[3.077s] -- Up-to-date: /home/krishil/ros2_ws/install/my_robot_interfaces/local/lib/python3.10/dist-packages/my_robot_interfaces/my_robot_interfaces_s__rosidl_typesupport_fastrtps_c.cpython-310-x86_64-linux-gnu.so
[3.077s] -- Up-to-date: /home/krishil/ros2_ws/install/my_robot_interfaces/local/lib/python3.10/dist-packages/my_robot_interfaces/my_robot_interfaces_s__rosidl_typesupport_introspection_c.cpython-310-x86_64-linux-gnu.so
[3.078s] -- Up-to-date: /home/krishil/ros2_ws/install/my_robot_interfaces/local/lib/python3.10/dist-packages/my_robot_interfaces/my_robot_interfaces_s__rosidl_typesupport_c.cpython-310-x86_64-linux-gnu.so
[3.078s] -- Up-to-date: /home/krishil/ros2_ws/install/my_robot_interfaces/lib/libmy_robot_interfaces__rosidl_generator_py.so
[3.079s] -- Up-to-date: /home/krishil/ros2_ws/install/my_robot_interfaces/share/my_robot_interfaces/msg/HardwareStatus.idl
[3.079s] -- Up-to-date: /home/krishil/ros2_ws/install/my_robot_interfaces/share/my_robot_interfaces/srv/ComputeRectangleArea.idl
[3.079s] -- Up-to-date: /home/krishil/ros2_ws/install/my_robot_interfaces/share/my_robot_interfaces/msg/LedStatus.idl
[3.079s] -- Up-to-date: /home/krishil/ros2_ws/install/my_robot_interfaces/share/my_robot_interfaces/srv/SetLed.idl
[3.081s] -- Up-to-date: /home/krishil/ros2_ws/install/my_robot_interfaces/share/my_robot_interfaces/msg/HardwareStatus.msg
[3.081s] -- Up-to-date: /home/krishil/ros2_ws/install/my_robot_interfaces/share/my_robot_interfaces/srv/ComputeRectangleArea.srv
[3.081s] -- Up-to-date: /home/krishil/ros2_ws/install/my_robot_interfaces/share/my_robot_interfaces/srv/ComputeRectangleArea_Request.msg
[3.081s] -- Up-to-date: /home/krishil/ros2_ws/install/my_robot_interfaces/share/my_robot_interfaces/srv/ComputeRectangleArea_Response.msg
[3.082s] -- Up-to-date: /home/krishil/ros2_ws/install/my_robot_interfaces/share/my_robot_interfaces/msg/LedStatus.msg
[3.082s] -- Up-to-date: /home/krishil/ros2_ws/install/my_robot_interfaces/share/my_robot_interfaces/srv/SetLed.srv
[3.084s] -- Up-to-date: /home/krishil/ros2_ws/install/my_robot_interfaces/share/my_robot_interfaces/srv/SetLed_Request.msg
[3.085s] -- Up-to-date: /home/krishil/ros2_ws/install/my_robot_interfaces/share/my_robot_interfaces/srv/SetLed_Response.msg
[3.085s] -- Up-to-date: /home/krishil/ros2_ws/install/my_robot_interfaces/share/ament_index/resource_index/package_run_dependencies/my_robot_interfaces
[3.085s] -- Up-to-date: /home/krishil/ros2_ws/install/my_robot_interfaces/share/ament_index/resource_index/parent_prefix_path/my_robot_interfaces
[3.085s] -- Up-to-date: /home/krishil/ros2_ws/install/my_robot_interfaces/share/my_robot_interfaces/environment/ament_prefix_path.sh
[3.085s] -- Up-to-date: /home/krishil/ros2_ws/install/my_robot_interfaces/share/my_robot_interfaces/environment/ament_prefix_path.dsv
[3.085s] -- Up-to-date: /home/krishil/ros2_ws/install/my_robot_interfaces/share/my_robot_interfaces/environment/path.sh
[3.085s] -- Up-to-date: /home/krishil/ros2_ws/install/my_robot_interfaces/share/my_robot_interfaces/environment/path.dsv
[3.086s] -- Up-to-date: /home/krishil/ros2_ws/install/my_robot_interfaces/share/my_robot_interfaces/local_setup.bash
[3.086s] -- Up-to-date: /home/krishil/ros2_ws/install/my_robot_interfaces/share/my_robot_interfaces/local_setup.sh
[3.086s] -- Up-to-date: /home/krishil/ros2_ws/install/my_robot_interfaces/share/my_robot_interfaces/local_setup.zsh
[3.086s] -- Up-to-date: /home/krishil/ros2_ws/install/my_robot_interfaces/share/my_robot_interfaces/local_setup.dsv
[3.086s] -- Installing: /home/krishil/ros2_ws/install/my_robot_interfaces/share/my_robot_interfaces/package.dsv
[3.086s] -- Up-to-date: /home/krishil/ros2_ws/install/my_robot_interfaces/share/ament_index/resource_index/packages/my_robot_interfaces
[3.088s] -- Up-to-date: /home/krishil/ros2_ws/install/my_robot_interfaces/share/my_robot_interfaces/cmake/export_my_robot_interfaces__rosidl_generator_cExport.cmake
[3.089s] -- Up-to-date: /home/krishil/ros2_ws/install/my_robot_interfaces/share/my_robot_interfaces/cmake/export_my_robot_interfaces__rosidl_generator_cExport-noconfig.cmake
[3.089s] -- Up-to-date: /home/krishil/ros2_ws/install/my_robot_interfaces/share/my_robot_interfaces/cmake/export_my_robot_interfaces__rosidl_typesupport_fastrtps_cExport.cmake
[3.089s] -- Up-to-date: /home/krishil/ros2_ws/install/my_robot_interfaces/share/my_robot_interfaces/cmake/export_my_robot_interfaces__rosidl_typesupport_fastrtps_cExport-noconfig.cmake
[3.089s] -- Up-to-date: /home/krishil/ros2_ws/install/my_robot_interfaces/share/my_robot_interfaces/cmake/my_robot_interfaces__rosidl_typesupport_introspection_cExport.cmake
[3.089s] -- Up-to-date: /home/krishil/ros2_ws/install/my_robot_interfaces/share/my_robot_interfaces/cmake/my_robot_interfaces__rosidl_typesupport_introspection_cExport-noconfig.cmake
[3.089s] -- Up-to-date: /home/krishil/ros2_ws/install/my_robot_interfaces/share/my_robot_interfaces/cmake/my_robot_interfaces__rosidl_typesupport_cExport.cmake
[3.089s] -- Up-to-date: /home/krishil/ros2_ws/install/my_robot_interfaces/share/my_robot_interfaces/cmake/my_robot_interfaces__rosidl_typesupport_cExport-noconfig.cmake
[3.089s] -- Up-to-date: /home/krishil/ros2_ws/install/my_robot_interfaces/share/my_robot_interfaces/cmake/export_my_robot_interfaces__rosidl_generator_cppExport.cmake
[3.089s] -- Up-to-date: /home/krishil/ros2_ws/install/my_robot_interfaces/share/my_robot_interfaces/cmake/export_my_robot_interfaces__rosidl_typesupport_fastrtps_cppExport.cmake
[3.089s] -- Up-to-date: /home/krishil/ros2_ws/install/my_robot_interfaces/share/my_robot_interfaces/cmake/export_my_robot_interfaces__rosidl_typesupport_fastrtps_cppExport-noconfig.cmake
[3.090s] -- Up-to-date: /home/krishil/ros2_ws/install/my_robot_interfaces/share/my_robot_interfaces/cmake/my_robot_interfaces__rosidl_typesupport_introspection_cppExport.cmake
[3.090s] -- Up-to-date: /home/krishil/ros2_ws/install/my_robot_interfaces/share/my_robot_interfaces/cmake/my_robot_interfaces__rosidl_typesupport_introspection_cppExport-noconfig.cmake
[3.090s] -- Up-to-date: /home/krishil/ros2_ws/install/my_robot_interfaces/share/my_robot_interfaces/cmake/my_robot_interfaces__rosidl_typesupport_cppExport.cmake
[3.090s] -- Up-to-date: /home/krishil/ros2_ws/install/my_robot_interfaces/share/my_robot_interfaces/cmake/my_robot_interfaces__rosidl_typesupport_cppExport-noconfig.cmake
[3.090s] -- Up-to-date: /home/krishil/ros2_ws/install/my_robot_interfaces/share/my_robot_interfaces/cmake/export_my_robot_interfaces__rosidl_generator_pyExport.cmake
[3.090s] -- Up-to-date: /home/krishil/ros2_ws/install/my_robot_interfaces/share/my_robot_interfaces/cmake/export_my_robot_interfaces__rosidl_generator_pyExport-noconfig.cmake
[3.090s] -- Up-to-date: /home/krishil/ros2_ws/install/my_robot_interfaces/share/my_robot_interfaces/cmake/rosidl_cmake-extras.cmake
[3.090s] -- Up-to-date: /home/krishil/ros2_ws/install/my_robot_interfaces/share/my_robot_interfaces/cmake/ament_cmake_export_include_directories-extras.cmake
[3.090s] -- Up-to-date: /home/krishil/ros2_ws/install/my_robot_interfaces/share/my_robot_interfaces/cmake/ament_cmake_export_libraries-extras.cmake
[3.090s] -- Up-to-date: /home/krishil/ros2_ws/install/my_robot_interfaces/share/my_robot_interfaces/cmake/ament_cmake_export_targets-extras.cmake
[3.090s] -- Up-to-date: /home/krishil/ros2_ws/install/my_robot_interfaces/share/my_robot_interfaces/cmake/rosidl_cmake_export_typesupport_targets-extras.cmake
[3.090s] -- Up-to-date: /home/krishil/ros2_ws/install/my_robot_interfaces/share/my_robot_interfaces/cmake/ament_cmake_export_dependencies-extras.cmake
[3.090s] -- Up-to-date: /home/krishil/ros2_ws/install/my_robot_interfaces/share/my_robot_interfaces/cmake/rosidl_cmake_export_typesupport_libraries-extras.cmake
[3.090s] -- Up-to-date: /home/krishil/ros2_ws/install/my_robot_interfaces/share/my_robot_interfaces/cmake/my_robot_interfacesConfig.cmake
[3.090s] -- Up-to-date: /home/krishil/ros2_ws/install/my_robot_interfaces/share/my_robot_interfaces/cmake/my_robot_interfacesConfig-version.cmake
[3.090s] -- Up-to-date: /home/krishil/ros2_ws/install/my_robot_interfaces/share/my_robot_interfaces/package.xml
[3.093s] Invoked command in '/home/krishil/ros2_ws/build/my_robot_interfaces' returned '0': CMAKE_PREFIX_PATH=${CMAKE_PREFIX_PATH}:/home/krishil/ros2_ws/install/my_py_pkg:/opt/ros/humble /usr/bin/cmake --install /home/krishil/ros2_ws/build/my_robot_interfaces
