[1.044s] Invoking command in '/home/krishil/ros2_ws/src/my_py_pkg': AMENT_PREFIX_PATH=/home/krishil/ros2_ws/install/my_robot_interfaces:${AMENT_PREFIX_PATH} CMAKE_PREFIX_PATH=/home/krishil/ros2_ws/install/my_robot_interfaces:${CMAKE_PREFIX_PATH} LD_LIBRARY_PATH=/home/krishil/ros2_ws/install/my_robot_interfaces/lib:${LD_LIBRARY_PATH} PYTHONPATH=/home/krishil/ros2_ws/build/my_py_pkg/prefix_override:/usr/lib/python3/dist-packages/colcon_core/task/python/colcon_distutils_commands:/home/krishil/ros2_ws/install/my_py_pkg/lib/python3.10/site-packages:/home/krishil/ros2_ws/install/my_robot_interfaces/local/lib/python3.10/dist-packages:${PYTHONPATH} /usr/bin/python3 -W ignore:setup.py install is deprecated setup.py egg_info --egg-base ../../build/my_py_pkg build --build-base /home/krishil/ros2_ws/build/my_py_pkg/build install --record /home/krishil/ros2_ws/build/my_py_pkg/install.log --single-version-externally-managed install_data
[1.316s] running egg_info
[1.317s] writing ../../build/my_py_pkg/my_py_pkg.egg-info/PKG-INFO
[1.318s] writing dependency_links to ../../build/my_py_pkg/my_py_pkg.egg-info/dependency_links.txt
[1.318s] writing entry points to ../../build/my_py_pkg/my_py_pkg.egg-info/entry_points.txt
[1.320s] writing requirements to ../../build/my_py_pkg/my_py_pkg.egg-info/requires.txt
[1.320s] writing top-level names to ../../build/my_py_pkg/my_py_pkg.egg-info/top_level.txt
[1.321s] reading manifest file '../../build/my_py_pkg/my_py_pkg.egg-info/SOURCES.txt'
[1.323s] writing manifest file '../../build/my_py_pkg/my_py_pkg.egg-info/SOURCES.txt'
[1.323s] running build
[1.323s] running build_py
[1.324s] copying my_py_pkg/robot_news_station.py -> /home/krishil/ros2_ws/build/my_py_pkg/build/lib/my_py_pkg
[1.324s] running install
[1.325s] running install_lib
[1.326s] copying /home/krishil/ros2_ws/build/my_py_pkg/build/lib/my_py_pkg/robot_news_station.py -> /home/krishil/ros2_ws/install/my_py_pkg/lib/python3.10/site-packages/my_py_pkg
[1.327s] byte-compiling /home/krishil/ros2_ws/install/my_py_pkg/lib/python3.10/site-packages/my_py_pkg/robot_news_station.py to robot_news_station.cpython-310.pyc
[1.329s] running install_data
[1.333s] running install_egg_info
[1.333s] removing '/home/krishil/ros2_ws/install/my_py_pkg/lib/python3.10/site-packages/my_py_pkg-0.0.0-py3.10.egg-info' (and everything under it)
[1.338s] Copying ../../build/my_py_pkg/my_py_pkg.egg-info to /home/krishil/ros2_ws/install/my_py_pkg/lib/python3.10/site-packages/my_py_pkg-0.0.0-py3.10.egg-info
[1.351s] running install_scripts
[1.380s] Installing add_two_ints_client_no_oop script to /home/krishil/ros2_ws/install/my_py_pkg/lib/my_py_pkg
[1.381s] Installing add_two_ints_client_oop script to /home/krishil/ros2_ws/install/my_py_pkg/lib/my_py_pkg
[1.382s] Installing add_two_ints_server script to /home/krishil/ros2_ws/install/my_py_pkg/lib/my_py_pkg
[1.383s] Installing battery script to /home/krishil/ros2_ws/install/my_py_pkg/lib/my_py_pkg
[1.383s] Installing hw_status_publisher script to /home/krishil/ros2_ws/install/my_py_pkg/lib/my_py_pkg
[1.384s] Installing led script to /home/krishil/ros2_ws/install/my_py_pkg/lib/my_py_pkg
[1.385s] Installing number_counter script to /home/krishil/ros2_ws/install/my_py_pkg/lib/my_py_pkg
[1.385s] Installing pynode script to /home/krishil/ros2_ws/install/my_py_pkg/lib/my_py_pkg
[1.386s] Installing robot_news_station script to /home/krishil/ros2_ws/install/my_py_pkg/lib/my_py_pkg
[1.387s] writing list of installed files to '/home/krishil/ros2_ws/build/my_py_pkg/install.log'
[1.413s] Invoked command in '/home/krishil/ros2_ws/src/my_py_pkg' returned '0': AMENT_PREFIX_PATH=/home/krishil/ros2_ws/install/my_robot_interfaces:${AMENT_PREFIX_PATH} CMAKE_PREFIX_PATH=/home/krishil/ros2_ws/install/my_robot_interfaces:${CMAKE_PREFIX_PATH} LD_LIBRARY_PATH=/home/krishil/ros2_ws/install/my_robot_interfaces/lib:${LD_LIBRARY_PATH} PYTHONPATH=/home/krishil/ros2_ws/build/my_py_pkg/prefix_override:/usr/lib/python3/dist-packages/colcon_core/task/python/colcon_distutils_commands:/home/krishil/ros2_ws/install/my_py_pkg/lib/python3.10/site-packages:/home/krishil/ros2_ws/install/my_robot_interfaces/local/lib/python3.10/dist-packages:${PYTHONPATH} /usr/bin/python3 -W ignore:setup.py install is deprecated setup.py egg_info --egg-base ../../build/my_py_pkg build --build-base /home/krishil/ros2_ws/build/my_py_pkg/build install --record /home/krishil/ros2_ws/build/my_py_pkg/install.log --single-version-externally-managed install_data
