[0.050s] Invoking command in '/home/krishil/ros2_ws/build/my_cpp_pkg': CMAKE_PREFIX_PATH=${CMAKE_PREFIX_PATH}:/home/krishil/ros2_ws/install/my_py_pkg:/opt/ros/humble /usr/bin/cmake --build /home/krishil/ros2_ws/build/my_cpp_pkg -- -j3 -l3
[0.312s] [35m[1mConsolidate compiler generated dependencies of target cpp_node[0m
[0.360s] [ 50%] [32mBuilding CXX object CMakeFiles/cpp_node.dir/src/my_first_node.cpp.o[0m
[5.063s] [100%] [32m[1mLinking CXX executable cpp_node[0m
[5.280s] [100%] Built target cpp_node
[5.300s] Invoked command in '/home/krishil/ros2_ws/build/my_cpp_pkg' returned '0': CMAKE_PREFIX_PATH=${CMAKE_PREFIX_PATH}:/home/krishil/ros2_ws/install/my_py_pkg:/opt/ros/humble /usr/bin/cmake --build /home/krishil/ros2_ws/build/my_cpp_pkg -- -j3 -l3
[5.399s] Invoking command in '/home/krishil/ros2_ws/build/my_cpp_pkg': CMAKE_PREFIX_PATH=${CMAKE_PREFIX_PATH}:/home/krishil/ros2_ws/install/my_py_pkg:/opt/ros/humble /usr/bin/cmake --install /home/krishil/ros2_ws/build/my_cpp_pkg
[5.419s] -- Install configuration: ""
[5.426s] -- Installing: /home/krishil/ros2_ws/install/my_cpp_pkg/lib/my_cpp_pkg/cpp_node
[5.428s] -- Set runtime path of "/home/krishil/ros2_ws/install/my_cpp_pkg/lib/my_cpp_pkg/cpp_node" to ""
[5.435s] -- Up-to-date: /home/krishil/ros2_ws/install/my_cpp_pkg/share/ament_index/resource_index/package_run_dependencies/my_cpp_pkg
[5.435s] -- Up-to-date: /home/krishil/ros2_ws/install/my_cpp_pkg/share/ament_index/resource_index/parent_prefix_path/my_cpp_pkg
[5.435s] -- Up-to-date: /home/krishil/ros2_ws/install/my_cpp_pkg/share/my_cpp_pkg/environment/ament_prefix_path.sh
[5.435s] -- Up-to-date: /home/krishil/ros2_ws/install/my_cpp_pkg/share/my_cpp_pkg/environment/ament_prefix_path.dsv
[5.435s] -- Up-to-date: /home/krishil/ros2_ws/install/my_cpp_pkg/share/my_cpp_pkg/environment/path.sh
[5.436s] -- Up-to-date: /home/krishil/ros2_ws/install/my_cpp_pkg/share/my_cpp_pkg/environment/path.dsv
[5.436s] -- Up-to-date: /home/krishil/ros2_ws/install/my_cpp_pkg/share/my_cpp_pkg/local_setup.bash
[5.436s] -- Up-to-date: /home/krishil/ros2_ws/install/my_cpp_pkg/share/my_cpp_pkg/local_setup.sh
[5.436s] -- Up-to-date: /home/krishil/ros2_ws/install/my_cpp_pkg/share/my_cpp_pkg/local_setup.zsh
[5.436s] -- Up-to-date: /home/krishil/ros2_ws/install/my_cpp_pkg/share/my_cpp_pkg/local_setup.dsv
[5.437s] -- Installing: /home/krishil/ros2_ws/install/my_cpp_pkg/share/my_cpp_pkg/package.dsv
[5.437s] -- Up-to-date: /home/krishil/ros2_ws/install/my_cpp_pkg/share/ament_index/resource_index/packages/my_cpp_pkg
[5.437s] -- Up-to-date: /home/krishil/ros2_ws/install/my_cpp_pkg/share/my_cpp_pkg/cmake/my_cpp_pkgConfig.cmake
[5.437s] -- Up-to-date: /home/krishil/ros2_ws/install/my_cpp_pkg/share/my_cpp_pkg/cmake/my_cpp_pkgConfig-version.cmake
[5.437s] -- Up-to-date: /home/krishil/ros2_ws/install/my_cpp_pkg/share/my_cpp_pkg/package.xml
[5.438s] Invoked command in '/home/krishil/ros2_ws/build/my_cpp_pkg' returned '0': CMAKE_PREFIX_PATH=${CMAKE_PREFIX_PATH}:/home/krishil/ros2_ws/install/my_py_pkg:/opt/ros/humble /usr/bin/cmake --install /home/krishil/ros2_ws/build/my_cpp_pkg
