[0.025s] Invoking command in '/home/krishil/ros2_ws/build/my_robot_interfaces': CMAKE_PREFIX_PATH=${CMAKE_PREFIX_PATH}:/home/krishil/ros2_ws/install/my_py_pkg:/opt/ros/humble /usr/bin/cmake --build /home/krishil/ros2_ws/build/my_robot_interfaces -- -j3 -l3
[0.199s] [  9%] Built target my_robot_interfaces__rosidl_generator_c
[0.227s] [ 12%] Built target my_robot_interfaces__cpp
[0.283s] [ 22%] Built target my_robot_interfaces__rosidl_typesupport_fastrtps_c
[0.284s] [ 22%] Built target ament_cmake_python_copy_my_robot_interfaces
[0.351s] [ 32%] Built target my_robot_interfaces__rosidl_typesupport_introspection_c
[0.375s] [ 41%] Built target my_robot_interfaces__rosidl_typesupport_c
[0.383s] [ 51%] Built target my_robot_interfaces__rosidl_typesupport_fastrtps_cpp
[0.406s] [ 61%] Built target my_robot_interfaces__rosidl_typesupport_introspection_cpp
[0.424s] [ 70%] Built target my_robot_interfaces__rosidl_typesupport_cpp
[0.488s] [ 70%] Built target my_robot_interfaces
[0.526s] [ 74%] Built target my_robot_interfaces__py
[0.605s] [ 80%] Built target my_robot_interfaces__rosidl_generator_py
[0.695s] [ 87%] Built target my_robot_interfaces__rosidl_typesupport_fastrtps_c__pyext
[0.714s] [ 93%] Built target my_robot_interfaces__rosidl_typesupport_introspection_c__pyext
[0.772s] [100%] Built target my_robot_interfaces__rosidl_typesupport_c__pyext
[0.863s] running egg_info
[0.863s] writing my_robot_interfaces.egg-info/PKG-INFO
[0.875s] writing dependency_links to my_robot_interfaces.egg-info/dependency_links.txt
[0.875s] writing top-level names to my_robot_interfaces.egg-info/top_level.txt
[0.880s] reading manifest file 'my_robot_interfaces.egg-info/SOURCES.txt'
[0.880s] writing manifest file 'my_robot_interfaces.egg-info/SOURCES.txt'
[0.916s] [100%] Built target ament_cmake_python_build_my_robot_interfaces_egg
[0.943s] Invoked command in '/home/krishil/ros2_ws/build/my_robot_interfaces' returned '0': CMAKE_PREFIX_PATH=${CMAKE_PREFIX_PATH}:/home/krishil/ros2_ws/install/my_py_pkg:/opt/ros/humble /usr/bin/cmake --build /home/krishil/ros2_ws/build/my_robot_interfaces -- -j3 -l3
[1.164s] Invoking command in '/home/krishil/ros2_ws/build/my_robot_interfaces': CMAKE_PREFIX_PATH=${CMAKE_PREFIX_PATH}:/home/krishil/ros2_ws/install/my_py_pkg:/opt/ros/humble /usr/bin/cmake --install /home/krishil/ros2_ws/build/my_robot_interfaces
[1.185s] -- Install configuration: ""
[1.185s] -- Up-to-date: /home/krishil/ros2_ws/install/my_robot_interfaces/share/ament_index/resource_index/rosidl_interfaces/my_robot_interfaces
[1.185s] -- Up-to-date: /home/krishil/ros2_ws/install/my_robot_interfaces/include/my_robot_interfaces/my_robot_interfaces
[1.186s] -- Up-to-date: /home/krishil/ros2_ws/install/my_robot_interfaces/include/my_robot_interfaces/my_robot_interfaces/msg
[1.186s] -- Up-to-date: /home/krishil/ros2_ws/install/my_robot_interfaces/include/my_robot_interfaces/my_robot_interfaces/msg/detail
[1.186s] -- Up-to-date: /home/krishil/ros2_ws/install/my_robot_interfaces/include/my_robot_interfaces/my_robot_interfaces/msg/detail/hardware_status__functions.c
[1.186s] -- Up-to-date: /home/krishil/ros2_ws/install/my_robot_interfaces/include/my_robot_interfaces/my_robot_interfaces/msg/detail/hardware_status__struct.h
[1.186s] -- Up-to-date: /home/krishil/ros2_ws/install/my_robot_interfaces/include/my_robot_interfaces/my_robot_interfaces/msg/detail/hardware_status__functions.h
[1.186s] -- Up-to-date: /home/krishil/ros2_ws/install/my_robot_interfaces/include/my_robot_interfaces/my_robot_interfaces/msg/detail/hardware_status__type_support.h
[1.186s] -- Up-to-date: /home/krishil/ros2_ws/install/my_robot_interfaces/include/my_robot_interfaces/my_robot_interfaces/msg/hardware_status.h
[1.186s] -- Up-to-date: /home/krishil/ros2_ws/install/my_robot_interfaces/include/my_robot_interfaces/my_robot_interfaces/msg/rosidl_generator_c__visibility_control.h
[1.187s] -- Up-to-date: /home/krishil/ros2_ws/install/my_robot_interfaces/share/my_robot_interfaces/environment/library_path.sh
[1.187s] -- Up-to-date: /home/krishil/ros2_ws/install/my_robot_interfaces/share/my_robot_interfaces/environment/library_path.dsv
[1.187s] -- Up-to-date: /home/krishil/ros2_ws/install/my_robot_interfaces/lib/libmy_robot_interfaces__rosidl_generator_c.so
[1.187s] -- Up-to-date: /home/krishil/ros2_ws/install/my_robot_interfaces/include/my_robot_interfaces/my_robot_interfaces
[1.187s] -- Up-to-date: /home/krishil/ros2_ws/install/my_robot_interfaces/include/my_robot_interfaces/my_robot_interfaces/msg
[1.187s] -- Up-to-date: /home/krishil/ros2_ws/install/my_robot_interfaces/include/my_robot_interfaces/my_robot_interfaces/msg/detail
[1.187s] -- Up-to-date: /home/krishil/ros2_ws/install/my_robot_interfaces/include/my_robot_interfaces/my_robot_interfaces/msg/detail/hardware_status__rosidl_typesupport_fastrtps_c.h
[1.187s] -- Up-to-date: /home/krishil/ros2_ws/install/my_robot_interfaces/include/my_robot_interfaces/my_robot_interfaces/msg/rosidl_typesupport_fastrtps_c__visibility_control.h
[1.187s] -- Up-to-date: /home/krishil/ros2_ws/install/my_robot_interfaces/lib/libmy_robot_interfaces__rosidl_typesupport_fastrtps_c.so
[1.187s] -- Up-to-date: /home/krishil/ros2_ws/install/my_robot_interfaces/include/my_robot_interfaces/my_robot_interfaces
[1.187s] -- Up-to-date: /home/krishil/ros2_ws/install/my_robot_interfaces/include/my_robot_interfaces/my_robot_interfaces/msg
[1.187s] -- Up-to-date: /home/krishil/ros2_ws/install/my_robot_interfaces/include/my_robot_interfaces/my_robot_interfaces/msg/detail
[1.187s] -- Up-to-date: /home/krishil/ros2_ws/install/my_robot_interfaces/include/my_robot_interfaces/my_robot_interfaces/msg/detail/hardware_status__type_support.c
[1.187s] -- Up-to-date: /home/krishil/ros2_ws/install/my_robot_interfaces/include/my_robot_interfaces/my_robot_interfaces/msg/detail/hardware_status__rosidl_typesupport_introspection_c.h
[1.188s] -- Up-to-date: /home/krishil/ros2_ws/install/my_robot_interfaces/include/my_robot_interfaces/my_robot_interfaces/msg/rosidl_typesupport_introspection_c__visibility_control.h
[1.188s] -- Up-to-date: /home/krishil/ros2_ws/install/my_robot_interfaces/lib/libmy_robot_interfaces__rosidl_typesupport_introspection_c.so
[1.188s] -- Up-to-date: /home/krishil/ros2_ws/install/my_robot_interfaces/lib/libmy_robot_interfaces__rosidl_typesupport_c.so
[1.188s] -- Up-to-date: /home/krishil/ros2_ws/install/my_robot_interfaces/include/my_robot_interfaces/my_robot_interfaces
[1.188s] -- Up-to-date: /home/krishil/ros2_ws/install/my_robot_interfaces/include/my_robot_interfaces/my_robot_interfaces/msg
[1.188s] -- Up-to-date: /home/krishil/ros2_ws/install/my_robot_interfaces/include/my_robot_interfaces/my_robot_interfaces/msg/detail
[1.188s] -- Up-to-date: /home/krishil/ros2_ws/install/my_robot_interfaces/include/my_robot_interfaces/my_robot_interfaces/msg/detail/hardware_status__traits.hpp
[1.188s] -- Up-to-date: /home/krishil/ros2_ws/install/my_robot_interfaces/include/my_robot_interfaces/my_robot_interfaces/msg/detail/hardware_status__struct.hpp
[1.188s] -- Up-to-date: /home/krishil/ros2_ws/install/my_robot_interfaces/include/my_robot_interfaces/my_robot_interfaces/msg/detail/hardware_status__builder.hpp
[1.188s] -- Up-to-date: /home/krishil/ros2_ws/install/my_robot_interfaces/include/my_robot_interfaces/my_robot_interfaces/msg/hardware_status.hpp
[1.188s] -- Up-to-date: /home/krishil/ros2_ws/install/my_robot_interfaces/include/my_robot_interfaces/my_robot_interfaces
[1.188s] -- Up-to-date: /home/krishil/ros2_ws/install/my_robot_interfaces/include/my_robot_interfaces/my_robot_interfaces/msg
[1.188s] -- Up-to-date: /home/krishil/ros2_ws/install/my_robot_interfaces/include/my_robot_interfaces/my_robot_interfaces/msg/detail
[1.188s] -- Up-to-date: /home/krishil/ros2_ws/install/my_robot_interfaces/include/my_robot_interfaces/my_robot_interfaces/msg/detail/dds_fastrtps
[1.188s] -- Up-to-date: /home/krishil/ros2_ws/install/my_robot_interfaces/include/my_robot_interfaces/my_robot_interfaces/msg/detail/hardware_status__rosidl_typesupport_fastrtps_cpp.hpp
[1.188s] -- Up-to-date: /home/krishil/ros2_ws/install/my_robot_interfaces/include/my_robot_interfaces/my_robot_interfaces/msg/rosidl_typesupport_fastrtps_cpp__visibility_control.h
[1.188s] -- Up-to-date: /home/krishil/ros2_ws/install/my_robot_interfaces/lib/libmy_robot_interfaces__rosidl_typesupport_fastrtps_cpp.so
[1.189s] -- Up-to-date: /home/krishil/ros2_ws/install/my_robot_interfaces/include/my_robot_interfaces/my_robot_interfaces
[1.189s] -- Up-to-date: /home/krishil/ros2_ws/install/my_robot_interfaces/include/my_robot_interfaces/my_robot_interfaces/msg
[1.189s] -- Up-to-date: /home/krishil/ros2_ws/install/my_robot_interfaces/include/my_robot_interfaces/my_robot_interfaces/msg/detail
[1.189s] -- Up-to-date: /home/krishil/ros2_ws/install/my_robot_interfaces/include/my_robot_interfaces/my_robot_interfaces/msg/detail/hardware_status__type_support.cpp
[1.189s] -- Up-to-date: /home/krishil/ros2_ws/install/my_robot_interfaces/include/my_robot_interfaces/my_robot_interfaces/msg/detail/hardware_status__rosidl_typesupport_introspection_cpp.hpp
[1.189s] -- Up-to-date: /home/krishil/ros2_ws/install/my_robot_interfaces/lib/libmy_robot_interfaces__rosidl_typesupport_introspection_cpp.so
[1.189s] -- Up-to-date: /home/krishil/ros2_ws/install/my_robot_interfaces/lib/libmy_robot_interfaces__rosidl_typesupport_cpp.so
[1.189s] -- Up-to-date: /home/krishil/ros2_ws/install/my_robot_interfaces/share/my_robot_interfaces/environment/pythonpath.sh
[1.189s] -- Up-to-date: /home/krishil/ros2_ws/install/my_robot_interfaces/share/my_robot_interfaces/environment/pythonpath.dsv
[1.189s] -- Up-to-date: /home/krishil/ros2_ws/install/my_robot_interfaces/local/lib/python3.10/dist-packages/my_robot_interfaces-0.0.0-py3.10.egg-info
[1.189s] -- Installing: /home/krishil/ros2_ws/install/my_robot_interfaces/local/lib/python3.10/dist-packages/my_robot_interfaces-0.0.0-py3.10.egg-info/SOURCES.txt
[1.190s] -- Installing: /home/krishil/ros2_ws/install/my_robot_interfaces/local/lib/python3.10/dist-packages/my_robot_interfaces-0.0.0-py3.10.egg-info/top_level.txt
[1.190s] -- Installing: /home/krishil/ros2_ws/install/my_robot_interfaces/local/lib/python3.10/dist-packages/my_robot_interfaces-0.0.0-py3.10.egg-info/dependency_links.txt
[1.190s] -- Installing: /home/krishil/ros2_ws/install/my_robot_interfaces/local/lib/python3.10/dist-packages/my_robot_interfaces-0.0.0-py3.10.egg-info/PKG-INFO
[1.190s] -- Up-to-date: /home/krishil/ros2_ws/install/my_robot_interfaces/local/lib/python3.10/dist-packages/my_robot_interfaces
[1.190s] -- Up-to-date: /home/krishil/ros2_ws/install/my_robot_interfaces/local/lib/python3.10/dist-packages/my_robot_interfaces/msg
[1.190s] -- Up-to-date: /home/krishil/ros2_ws/install/my_robot_interfaces/local/lib/python3.10/dist-packages/my_robot_interfaces/msg/_hardware_status_s.c
[1.190s] -- Up-to-date: /home/krishil/ros2_ws/install/my_robot_interfaces/local/lib/python3.10/dist-packages/my_robot_interfaces/msg/__init__.py
[1.190s] -- Up-to-date: /home/krishil/ros2_ws/install/my_robot_interfaces/local/lib/python3.10/dist-packages/my_robot_interfaces/msg/_hardware_status.py
[1.190s] -- Up-to-date: /home/krishil/ros2_ws/install/my_robot_interfaces/local/lib/python3.10/dist-packages/my_robot_interfaces/my_robot_interfaces_s__rosidl_typesupport_c.cpython-310-x86_64-linux-gnu.so
[1.190s] -- Up-to-date: /home/krishil/ros2_ws/install/my_robot_interfaces/local/lib/python3.10/dist-packages/my_robot_interfaces/__init__.py
[1.190s] -- Up-to-date: /home/krishil/ros2_ws/install/my_robot_interfaces/local/lib/python3.10/dist-packages/my_robot_interfaces/_my_robot_interfaces_s.ep.rosidl_typesupport_c.c
[1.190s] -- Up-to-date: /home/krishil/ros2_ws/install/my_robot_interfaces/local/lib/python3.10/dist-packages/my_robot_interfaces/my_robot_interfaces_s__rosidl_typesupport_introspection_c.cpython-310-x86_64-linux-gnu.so
[1.190s] -- Up-to-date: /home/krishil/ros2_ws/install/my_robot_interfaces/local/lib/python3.10/dist-packages/my_robot_interfaces/_my_robot_interfaces_s.ep.rosidl_typesupport_introspection_c.c
[1.190s] -- Up-to-date: /home/krishil/ros2_ws/install/my_robot_interfaces/local/lib/python3.10/dist-packages/my_robot_interfaces/my_robot_interfaces_s__rosidl_typesupport_fastrtps_c.cpython-310-x86_64-linux-gnu.so
[1.191s] -- Up-to-date: /home/krishil/ros2_ws/install/my_robot_interfaces/local/lib/python3.10/dist-packages/my_robot_interfaces/_my_robot_interfaces_s.ep.rosidl_typesupport_fastrtps_c.c
[1.191s] -- Up-to-date: /home/krishil/ros2_ws/install/my_robot_interfaces/local/lib/python3.10/dist-packages/my_robot_interfaces/libmy_robot_interfaces__rosidl_generator_py.so
[1.231s] Listing '/home/krishil/ros2_ws/install/my_robot_interfaces/local/lib/python3.10/dist-packages/my_robot_interfaces'...
[1.231s] Listing '/home/krishil/ros2_ws/install/my_robot_interfaces/local/lib/python3.10/dist-packages/my_robot_interfaces/msg'...
[1.242s] -- Up-to-date: /home/krishil/ros2_ws/install/my_robot_interfaces/local/lib/python3.10/dist-packages/my_robot_interfaces/my_robot_interfaces_s__rosidl_typesupport_fastrtps_c.cpython-310-x86_64-linux-gnu.so
[1.242s] -- Up-to-date: /home/krishil/ros2_ws/install/my_robot_interfaces/local/lib/python3.10/dist-packages/my_robot_interfaces/my_robot_interfaces_s__rosidl_typesupport_introspection_c.cpython-310-x86_64-linux-gnu.so
[1.242s] -- Up-to-date: /home/krishil/ros2_ws/install/my_robot_interfaces/local/lib/python3.10/dist-packages/my_robot_interfaces/my_robot_interfaces_s__rosidl_typesupport_c.cpython-310-x86_64-linux-gnu.so
[1.242s] -- Up-to-date: /home/krishil/ros2_ws/install/my_robot_interfaces/lib/libmy_robot_interfaces__rosidl_generator_py.so
[1.242s] -- Up-to-date: /home/krishil/ros2_ws/install/my_robot_interfaces/share/my_robot_interfaces/msg/HardwareStatus.idl
[1.242s] -- Up-to-date: /home/krishil/ros2_ws/install/my_robot_interfaces/share/my_robot_interfaces/msg/HardwareStatus.msg
[1.245s] -- Up-to-date: /home/krishil/ros2_ws/install/my_robot_interfaces/share/ament_index/resource_index/package_run_dependencies/my_robot_interfaces
[1.246s] -- Up-to-date: /home/krishil/ros2_ws/install/my_robot_interfaces/share/ament_index/resource_index/parent_prefix_path/my_robot_interfaces
[1.246s] -- Up-to-date: /home/krishil/ros2_ws/install/my_robot_interfaces/share/my_robot_interfaces/environment/ament_prefix_path.sh
[1.246s] -- Up-to-date: /home/krishil/ros2_ws/install/my_robot_interfaces/share/my_robot_interfaces/environment/ament_prefix_path.dsv
[1.246s] -- Up-to-date: /home/krishil/ros2_ws/install/my_robot_interfaces/share/my_robot_interfaces/environment/path.sh
[1.246s] -- Up-to-date: /home/krishil/ros2_ws/install/my_robot_interfaces/share/my_robot_interfaces/environment/path.dsv
[1.246s] -- Up-to-date: /home/krishil/ros2_ws/install/my_robot_interfaces/share/my_robot_interfaces/local_setup.bash
[1.247s] -- Up-to-date: /home/krishil/ros2_ws/install/my_robot_interfaces/share/my_robot_interfaces/local_setup.sh
[1.248s] -- Up-to-date: /home/krishil/ros2_ws/install/my_robot_interfaces/share/my_robot_interfaces/local_setup.zsh
[1.251s] -- Up-to-date: /home/krishil/ros2_ws/install/my_robot_interfaces/share/my_robot_interfaces/local_setup.dsv
[1.251s] -- Installing: /home/krishil/ros2_ws/install/my_robot_interfaces/share/my_robot_interfaces/package.dsv
[1.251s] -- Up-to-date: /home/krishil/ros2_ws/install/my_robot_interfaces/share/ament_index/resource_index/packages/my_robot_interfaces
[1.251s] -- Up-to-date: /home/krishil/ros2_ws/install/my_robot_interfaces/share/my_robot_interfaces/cmake/export_my_robot_interfaces__rosidl_generator_cExport.cmake
[1.251s] -- Up-to-date: /home/krishil/ros2_ws/install/my_robot_interfaces/share/my_robot_interfaces/cmake/export_my_robot_interfaces__rosidl_generator_cExport-noconfig.cmake
[1.251s] -- Up-to-date: /home/krishil/ros2_ws/install/my_robot_interfaces/share/my_robot_interfaces/cmake/export_my_robot_interfaces__rosidl_typesupport_fastrtps_cExport.cmake
[1.251s] -- Up-to-date: /home/krishil/ros2_ws/install/my_robot_interfaces/share/my_robot_interfaces/cmake/export_my_robot_interfaces__rosidl_typesupport_fastrtps_cExport-noconfig.cmake
[1.251s] -- Up-to-date: /home/krishil/ros2_ws/install/my_robot_interfaces/share/my_robot_interfaces/cmake/my_robot_interfaces__rosidl_typesupport_introspection_cExport.cmake
[1.251s] -- Up-to-date: /home/krishil/ros2_ws/install/my_robot_interfaces/share/my_robot_interfaces/cmake/my_robot_interfaces__rosidl_typesupport_introspection_cExport-noconfig.cmake
[1.251s] -- Up-to-date: /home/krishil/ros2_ws/install/my_robot_interfaces/share/my_robot_interfaces/cmake/my_robot_interfaces__rosidl_typesupport_cExport.cmake
[1.251s] -- Up-to-date: /home/krishil/ros2_ws/install/my_robot_interfaces/share/my_robot_interfaces/cmake/my_robot_interfaces__rosidl_typesupport_cExport-noconfig.cmake
[1.256s] -- Up-to-date: /home/krishil/ros2_ws/install/my_robot_interfaces/share/my_robot_interfaces/cmake/export_my_robot_interfaces__rosidl_generator_cppExport.cmake
[1.256s] -- Up-to-date: /home/krishil/ros2_ws/install/my_robot_interfaces/share/my_robot_interfaces/cmake/export_my_robot_interfaces__rosidl_typesupport_fastrtps_cppExport.cmake
[1.256s] -- Up-to-date: /home/krishil/ros2_ws/install/my_robot_interfaces/share/my_robot_interfaces/cmake/export_my_robot_interfaces__rosidl_typesupport_fastrtps_cppExport-noconfig.cmake
[1.256s] -- Up-to-date: /home/krishil/ros2_ws/install/my_robot_interfaces/share/my_robot_interfaces/cmake/my_robot_interfaces__rosidl_typesupport_introspection_cppExport.cmake
[1.256s] -- Up-to-date: /home/krishil/ros2_ws/install/my_robot_interfaces/share/my_robot_interfaces/cmake/my_robot_interfaces__rosidl_typesupport_introspection_cppExport-noconfig.cmake
[1.256s] -- Up-to-date: /home/krishil/ros2_ws/install/my_robot_interfaces/share/my_robot_interfaces/cmake/my_robot_interfaces__rosidl_typesupport_cppExport.cmake
[1.256s] -- Up-to-date: /home/krishil/ros2_ws/install/my_robot_interfaces/share/my_robot_interfaces/cmake/my_robot_interfaces__rosidl_typesupport_cppExport-noconfig.cmake
[1.256s] -- Up-to-date: /home/krishil/ros2_ws/install/my_robot_interfaces/share/my_robot_interfaces/cmake/export_my_robot_interfaces__rosidl_generator_pyExport.cmake
[1.256s] -- Up-to-date: /home/krishil/ros2_ws/install/my_robot_interfaces/share/my_robot_interfaces/cmake/export_my_robot_interfaces__rosidl_generator_pyExport-noconfig.cmake
[1.256s] -- Up-to-date: /home/krishil/ros2_ws/install/my_robot_interfaces/share/my_robot_interfaces/cmake/rosidl_cmake-extras.cmake
[1.256s] -- Up-to-date: /home/krishil/ros2_ws/install/my_robot_interfaces/share/my_robot_interfaces/cmake/ament_cmake_export_include_directories-extras.cmake
[1.256s] -- Up-to-date: /home/krishil/ros2_ws/install/my_robot_interfaces/share/my_robot_interfaces/cmake/ament_cmake_export_libraries-extras.cmake
[1.257s] -- Up-to-date: /home/krishil/ros2_ws/install/my_robot_interfaces/share/my_robot_interfaces/cmake/ament_cmake_export_targets-extras.cmake
[1.257s] -- Up-to-date: /home/krishil/ros2_ws/install/my_robot_interfaces/share/my_robot_interfaces/cmake/rosidl_cmake_export_typesupport_targets-extras.cmake
[1.258s] -- Up-to-date: /home/krishil/ros2_ws/install/my_robot_interfaces/share/my_robot_interfaces/cmake/ament_cmake_export_dependencies-extras.cmake
[1.258s] -- Up-to-date: /home/krishil/ros2_ws/install/my_robot_interfaces/share/my_robot_interfaces/cmake/rosidl_cmake_export_typesupport_libraries-extras.cmake
[1.258s] -- Up-to-date: /home/krishil/ros2_ws/install/my_robot_interfaces/share/my_robot_interfaces/cmake/my_robot_interfacesConfig.cmake
[1.259s] -- Up-to-date: /home/krishil/ros2_ws/install/my_robot_interfaces/share/my_robot_interfaces/cmake/my_robot_interfacesConfig-version.cmake
[1.259s] -- Up-to-date: /home/krishil/ros2_ws/install/my_robot_interfaces/share/my_robot_interfaces/package.xml
[1.263s] Invoked command in '/home/krishil/ros2_ws/build/my_robot_interfaces' returned '0': CMAKE_PREFIX_PATH=${CMAKE_PREFIX_PATH}:/home/krishil/ros2_ws/install/my_py_pkg:/opt/ros/humble /usr/bin/cmake --install /home/krishil/ros2_ws/build/my_robot_interfaces
