[0.627s] DEBUG:colcon:Command line arguments: ['/usr/bin/colcon', 'build']
[0.627s] DEBUG:colcon:Parsed command line arguments: Namespace(log_base=None, log_level=None, verb_name='build', build_base='build', install_base='install', merge_install=False, symlink_install=False, test_result_base=None, continue_on_error=False, executor='parallel', parallel_workers=3, event_handlers=None, ignore_user_meta=False, metas=['./colcon.meta'], base_paths=['.'], packages_ignore=None, packages_ignore_regex=None, paths=None, packages_up_to=None, packages_up_to_regex=None, packages_above=None, packages_above_and_dependencies=None, packages_above_depth=None, packages_select_by_dep=None, packages_skip_by_dep=None, packages_skip_up_to=None, packages_select_build_failed=False, packages_skip_build_finished=False, packages_select_test_failures=False, packages_skip_test_passed=False, packages_select=None, packages_skip=None, packages_select_regex=None, packages_skip_regex=None, packages_start=None, packages_end=None, allow_overriding=[], cmake_args=None, cmake_target=None, cmake_target_skip_unavailable=False, cmake_clean_cache=False, cmake_clean_first=False, cmake_force_configure=False, ament_cmake_args=None, catkin_cmake_args=None, catkin_skip_building_tests=False, verb_parser=<colcon_defaults.argument_parser.defaults.DefaultArgumentsDecorator object at 0x7ce9a0f38190>, verb_extension=<colcon_core.verb.build.BuildVerb object at 0x7ce9a102cd30>, main=<bound method BuildVerb.main of <colcon_core.verb.build.BuildVerb object at 0x7ce9a102cd30>>)
[2.346s] Level 1:colcon.colcon_core.package_discovery:discover_packages(colcon_meta) check parameters
[2.346s] Level 1:colcon.colcon_core.package_discovery:discover_packages(recursive) check parameters
[2.346s] Level 1:colcon.colcon_core.package_discovery:discover_packages(ignore) check parameters
[2.346s] Level 1:colcon.colcon_core.package_discovery:discover_packages(path) check parameters
[2.346s] Level 1:colcon.colcon_core.package_discovery:discover_packages(colcon_meta) discover
[2.346s] Level 1:colcon.colcon_core.package_discovery:discover_packages(recursive) discover
[2.346s] INFO:colcon.colcon_core.package_discovery:Crawling recursively for packages in '/home/krishil/ros2_ws'
[2.347s] Level 1:colcon.colcon_core.package_identification:_identify(.) by extensions ['ignore', 'ignore_ament_install']
[2.347s] Level 1:colcon.colcon_core.package_identification:_identify(.) by extension 'ignore'
[2.347s] Level 1:colcon.colcon_core.package_identification:_identify(.) by extension 'ignore_ament_install'
[2.347s] Level 1:colcon.colcon_core.package_identification:_identify(.) by extensions ['colcon_pkg']
[2.347s] Level 1:colcon.colcon_core.package_identification:_identify(.) by extension 'colcon_pkg'
[2.347s] Level 1:colcon.colcon_core.package_identification:_identify(.) by extensions ['colcon_meta']
[2.347s] Level 1:colcon.colcon_core.package_identification:_identify(.) by extension 'colcon_meta'
[2.347s] Level 1:colcon.colcon_core.package_identification:_identify(.) by extensions ['ros']
[2.347s] Level 1:colcon.colcon_core.package_identification:_identify(.) by extension 'ros'
[2.387s] Level 1:colcon.colcon_core.package_identification:_identify(.) by extensions ['cmake', 'python']
[2.387s] Level 1:colcon.colcon_core.package_identification:_identify(.) by extension 'cmake'
[2.387s] Level 1:colcon.colcon_core.package_identification:_identify(.) by extension 'python'
[2.387s] Level 1:colcon.colcon_core.package_identification:_identify(.) by extensions ['python_setup_py']
[2.387s] Level 1:colcon.colcon_core.package_identification:_identify(.) by extension 'python_setup_py'
[2.388s] Level 1:colcon.colcon_core.package_identification:_identify(build) by extensions ['ignore', 'ignore_ament_install']
[2.388s] Level 1:colcon.colcon_core.package_identification:_identify(build) by extension 'ignore'
[2.388s] Level 1:colcon.colcon_core.package_identification:_identify(build) ignored
[2.388s] Level 1:colcon.colcon_core.package_identification:_identify(install) by extensions ['ignore', 'ignore_ament_install']
[2.388s] Level 1:colcon.colcon_core.package_identification:_identify(install) by extension 'ignore'
[2.388s] Level 1:colcon.colcon_core.package_identification:_identify(install) ignored
[2.388s] Level 1:colcon.colcon_core.package_identification:_identify(log) by extensions ['ignore', 'ignore_ament_install']
[2.388s] Level 1:colcon.colcon_core.package_identification:_identify(log) by extension 'ignore'
[2.388s] Level 1:colcon.colcon_core.package_identification:_identify(log) ignored
[2.388s] Level 1:colcon.colcon_core.package_identification:_identify(src) by extensions ['ignore', 'ignore_ament_install']
[2.388s] Level 1:colcon.colcon_core.package_identification:_identify(src) by extension 'ignore'
[2.388s] Level 1:colcon.colcon_core.package_identification:_identify(src) by extension 'ignore_ament_install'
[2.388s] Level 1:colcon.colcon_core.package_identification:_identify(src) by extensions ['colcon_pkg']
[2.388s] Level 1:colcon.colcon_core.package_identification:_identify(src) by extension 'colcon_pkg'
[2.389s] Level 1:colcon.colcon_core.package_identification:_identify(src) by extensions ['colcon_meta']
[2.389s] Level 1:colcon.colcon_core.package_identification:_identify(src) by extension 'colcon_meta'
[2.389s] Level 1:colcon.colcon_core.package_identification:_identify(src) by extensions ['ros']
[2.389s] Level 1:colcon.colcon_core.package_identification:_identify(src) by extension 'ros'
[2.389s] Level 1:colcon.colcon_core.package_identification:_identify(src) by extensions ['cmake', 'python']
[2.389s] Level 1:colcon.colcon_core.package_identification:_identify(src) by extension 'cmake'
[2.389s] Level 1:colcon.colcon_core.package_identification:_identify(src) by extension 'python'
[2.389s] Level 1:colcon.colcon_core.package_identification:_identify(src) by extensions ['python_setup_py']
[2.389s] Level 1:colcon.colcon_core.package_identification:_identify(src) by extension 'python_setup_py'
[2.389s] Level 1:colcon.colcon_core.package_identification:_identify(src/my_cpp_pkg) by extensions ['ignore', 'ignore_ament_install']
[2.389s] Level 1:colcon.colcon_core.package_identification:_identify(src/my_cpp_pkg) by extension 'ignore'
[2.389s] Level 1:colcon.colcon_core.package_identification:_identify(src/my_cpp_pkg) by extension 'ignore_ament_install'
[2.389s] Level 1:colcon.colcon_core.package_identification:_identify(src/my_cpp_pkg) by extensions ['colcon_pkg']
[2.389s] Level 1:colcon.colcon_core.package_identification:_identify(src/my_cpp_pkg) by extension 'colcon_pkg'
[2.389s] Level 1:colcon.colcon_core.package_identification:_identify(src/my_cpp_pkg) by extensions ['colcon_meta']
[2.389s] Level 1:colcon.colcon_core.package_identification:_identify(src/my_cpp_pkg) by extension 'colcon_meta'
[2.389s] Level 1:colcon.colcon_core.package_identification:_identify(src/my_cpp_pkg) by extensions ['ros']
[2.389s] Level 1:colcon.colcon_core.package_identification:_identify(src/my_cpp_pkg) by extension 'ros'
[2.414s] DEBUG:colcon.colcon_core.package_identification:Package 'src/my_cpp_pkg' with type 'ros.ament_cmake' and name 'my_cpp_pkg'
[2.414s] Level 1:colcon.colcon_core.package_identification:_identify(src/my_py_pkg) by extensions ['ignore', 'ignore_ament_install']
[2.414s] Level 1:colcon.colcon_core.package_identification:_identify(src/my_py_pkg) by extension 'ignore'
[2.414s] Level 1:colcon.colcon_core.package_identification:_identify(src/my_py_pkg) by extension 'ignore_ament_install'
[2.414s] Level 1:colcon.colcon_core.package_identification:_identify(src/my_py_pkg) by extensions ['colcon_pkg']
[2.415s] Level 1:colcon.colcon_core.package_identification:_identify(src/my_py_pkg) by extension 'colcon_pkg'
[2.415s] Level 1:colcon.colcon_core.package_identification:_identify(src/my_py_pkg) by extensions ['colcon_meta']
[2.415s] Level 1:colcon.colcon_core.package_identification:_identify(src/my_py_pkg) by extension 'colcon_meta'
[2.415s] Level 1:colcon.colcon_core.package_identification:_identify(src/my_py_pkg) by extensions ['ros']
[2.415s] Level 1:colcon.colcon_core.package_identification:_identify(src/my_py_pkg) by extension 'ros'
[2.429s] DEBUG:colcon.colcon_core.package_identification:Package 'src/my_py_pkg' with type 'ros.ament_python' and name 'my_py_pkg'
[2.429s] Level 1:colcon.colcon_core.package_discovery:discover_packages(recursive) using defaults
[2.429s] Level 1:colcon.colcon_core.package_discovery:discover_packages(ignore) discover
[2.429s] Level 1:colcon.colcon_core.package_discovery:discover_packages(ignore) using defaults
[2.429s] Level 1:colcon.colcon_core.package_discovery:discover_packages(path) discover
[2.429s] Level 1:colcon.colcon_core.package_discovery:discover_packages(path) using defaults
[2.530s] Level 1:colcon.colcon_core.package_discovery:discover_packages(prefix_path) check parameters
[2.530s] Level 1:colcon.colcon_core.package_discovery:discover_packages(prefix_path) discover
[2.536s] DEBUG:colcon.colcon_installed_package_information.package_discovery:Found 2 installed packages in /home/krishil/ros2_ws/install
[2.537s] DEBUG:colcon.colcon_installed_package_information.package_discovery:Found 270 installed packages in /opt/ros/humble
[2.538s] Level 1:colcon.colcon_core.package_discovery:discover_packages(prefix_path) using defaults
[2.640s] Level 5:colcon.colcon_core.verb:set package 'my_cpp_pkg' build argument 'cmake_args' from command line to 'None'
[2.640s] Level 5:colcon.colcon_core.verb:set package 'my_cpp_pkg' build argument 'cmake_target' from command line to 'None'
[2.640s] Level 5:colcon.colcon_core.verb:set package 'my_cpp_pkg' build argument 'cmake_target_skip_unavailable' from command line to 'False'
[2.640s] Level 5:colcon.colcon_core.verb:set package 'my_cpp_pkg' build argument 'cmake_clean_cache' from command line to 'False'
[2.640s] Level 5:colcon.colcon_core.verb:set package 'my_cpp_pkg' build argument 'cmake_clean_first' from command line to 'False'
[2.640s] Level 5:colcon.colcon_core.verb:set package 'my_cpp_pkg' build argument 'cmake_force_configure' from command line to 'False'
[2.640s] Level 5:colcon.colcon_core.verb:set package 'my_cpp_pkg' build argument 'ament_cmake_args' from command line to 'None'
[2.640s] Level 5:colcon.colcon_core.verb:set package 'my_cpp_pkg' build argument 'catkin_cmake_args' from command line to 'None'
[2.640s] Level 5:colcon.colcon_core.verb:set package 'my_cpp_pkg' build argument 'catkin_skip_building_tests' from command line to 'False'
[2.640s] DEBUG:colcon.colcon_core.verb:Building package 'my_cpp_pkg' with the following arguments: {'ament_cmake_args': None, 'build_base': '/home/krishil/ros2_ws/build/my_cpp_pkg', 'catkin_cmake_args': None, 'catkin_skip_building_tests': False, 'cmake_args': None, 'cmake_clean_cache': False, 'cmake_clean_first': False, 'cmake_force_configure': False, 'cmake_target': None, 'cmake_target_skip_unavailable': False, 'install_base': '/home/krishil/ros2_ws/install/my_cpp_pkg', 'merge_install': False, 'path': '/home/krishil/ros2_ws/src/my_cpp_pkg', 'symlink_install': False, 'test_result_base': None}
[2.641s] Level 5:colcon.colcon_core.verb:set package 'my_py_pkg' build argument 'cmake_args' from command line to 'None'
[2.641s] Level 5:colcon.colcon_core.verb:set package 'my_py_pkg' build argument 'cmake_target' from command line to 'None'
[2.641s] Level 5:colcon.colcon_core.verb:set package 'my_py_pkg' build argument 'cmake_target_skip_unavailable' from command line to 'False'
[2.641s] Level 5:colcon.colcon_core.verb:set package 'my_py_pkg' build argument 'cmake_clean_cache' from command line to 'False'
[2.641s] Level 5:colcon.colcon_core.verb:set package 'my_py_pkg' build argument 'cmake_clean_first' from command line to 'False'
[2.641s] Level 5:colcon.colcon_core.verb:set package 'my_py_pkg' build argument 'cmake_force_configure' from command line to 'False'
[2.641s] Level 5:colcon.colcon_core.verb:set package 'my_py_pkg' build argument 'ament_cmake_args' from command line to 'None'
[2.641s] Level 5:colcon.colcon_core.verb:set package 'my_py_pkg' build argument 'catkin_cmake_args' from command line to 'None'
[2.641s] Level 5:colcon.colcon_core.verb:set package 'my_py_pkg' build argument 'catkin_skip_building_tests' from command line to 'False'
[2.641s] DEBUG:colcon.colcon_core.verb:Building package 'my_py_pkg' with the following arguments: {'ament_cmake_args': None, 'build_base': '/home/krishil/ros2_ws/build/my_py_pkg', 'catkin_cmake_args': None, 'catkin_skip_building_tests': False, 'cmake_args': None, 'cmake_clean_cache': False, 'cmake_clean_first': False, 'cmake_force_configure': False, 'cmake_target': None, 'cmake_target_skip_unavailable': False, 'install_base': '/home/krishil/ros2_ws/install/my_py_pkg', 'merge_install': False, 'path': '/home/krishil/ros2_ws/src/my_py_pkg', 'symlink_install': False, 'test_result_base': None}
[2.641s] INFO:colcon.colcon_core.executor:Executing jobs using 'parallel' executor
[2.643s] DEBUG:colcon.colcon_parallel_executor.executor.parallel:run_until_complete
[2.644s] INFO:colcon.colcon_ros.task.ament_cmake.build:Building ROS package in '/home/krishil/ros2_ws/src/my_cpp_pkg' with build type 'ament_cmake'
[2.644s] INFO:colcon.colcon_cmake.task.cmake.build:Building CMake package in '/home/krishil/ros2_ws/src/my_cpp_pkg'
[2.653s] INFO:colcon.colcon_core.plugin_system:Skipping extension 'colcon_core.shell.bat': Not used on non-Windows systems
[2.653s] INFO:colcon.colcon_core.shell:Skip shell extension 'powershell' for command environment: Not usable outside of PowerShell
[2.653s] DEBUG:colcon.colcon_core.shell:Skip shell extension 'dsv' for command environment
[2.658s] INFO:colcon.colcon_ros.task.ament_python.build:Building ROS package in '/home/krishil/ros2_ws/src/my_py_pkg' with build type 'ament_python'
[2.659s] Level 1:colcon.colcon_core.shell:create_environment_hook('my_py_pkg', 'ament_prefix_path')
[2.659s] INFO:colcon.colcon_core.shell:Creating environment hook '/home/krishil/ros2_ws/install/my_py_pkg/share/my_py_pkg/hook/ament_prefix_path.ps1'
[2.660s] INFO:colcon.colcon_core.shell:Creating environment descriptor '/home/krishil/ros2_ws/install/my_py_pkg/share/my_py_pkg/hook/ament_prefix_path.dsv'
[2.662s] INFO:colcon.colcon_core.shell:Creating environment hook '/home/krishil/ros2_ws/install/my_py_pkg/share/my_py_pkg/hook/ament_prefix_path.sh'
[2.664s] INFO:colcon.colcon_core.shell:Skip shell extension 'powershell' for command environment: Not usable outside of PowerShell
[2.664s] DEBUG:colcon.colcon_core.shell:Skip shell extension 'dsv' for command environment
[2.711s] DEBUG:colcon.colcon_core.event_handler.log_command:Invoking command in '/home/krishil/ros2_ws/build/my_cpp_pkg': CMAKE_PREFIX_PATH=${CMAKE_PREFIX_PATH}:/home/krishil/ros2_ws/install/my_py_pkg:/opt/ros/humble /usr/bin/cmake --build /home/krishil/ros2_ws/build/my_cpp_pkg -- -j3 -l3
[3.095s] INFO:colcon.colcon_core.task.python.build:Building Python package in '/home/krishil/ros2_ws/src/my_py_pkg'
[3.096s] INFO:colcon.colcon_core.shell:Skip shell extension 'powershell' for command environment: Not usable outside of PowerShell
[3.096s] DEBUG:colcon.colcon_core.shell:Skip shell extension 'dsv' for command environment
[3.108s] DEBUG:colcon.colcon_core.event_handler.log_command:Invoked command in '/home/krishil/ros2_ws/build/my_cpp_pkg' returned '0': CMAKE_PREFIX_PATH=${CMAKE_PREFIX_PATH}:/home/krishil/ros2_ws/install/my_py_pkg:/opt/ros/humble /usr/bin/cmake --build /home/krishil/ros2_ws/build/my_cpp_pkg -- -j3 -l3
[3.211s] DEBUG:colcon.colcon_core.event_handler.log_command:Invoking command in '/home/krishil/ros2_ws/build/my_cpp_pkg': CMAKE_PREFIX_PATH=${CMAKE_PREFIX_PATH}:/home/krishil/ros2_ws/install/my_py_pkg:/opt/ros/humble /usr/bin/cmake --install /home/krishil/ros2_ws/build/my_cpp_pkg
[3.265s] Level 1:colcon.colcon_core.environment:create_environment_scripts_only(my_cpp_pkg)
[3.266s] DEBUG:colcon.colcon_core.event_handler.log_command:Invoked command in '/home/krishil/ros2_ws/build/my_cpp_pkg' returned '0': CMAKE_PREFIX_PATH=${CMAKE_PREFIX_PATH}:/home/krishil/ros2_ws/install/my_py_pkg:/opt/ros/humble /usr/bin/cmake --install /home/krishil/ros2_ws/build/my_cpp_pkg
[3.274s] Level 1:colcon.colcon_core.environment:checking '/home/krishil/ros2_ws/install/my_cpp_pkg' for CMake module files
[3.274s] Level 1:colcon.colcon_core.environment:checking '/home/krishil/ros2_ws/install/my_cpp_pkg' for CMake config files
[3.275s] Level 1:colcon.colcon_core.shell:create_environment_hook('my_cpp_pkg', 'cmake_prefix_path')
[3.275s] INFO:colcon.colcon_core.shell:Creating environment hook '/home/krishil/ros2_ws/install/my_cpp_pkg/share/my_cpp_pkg/hook/cmake_prefix_path.ps1'
[3.276s] INFO:colcon.colcon_core.shell:Creating environment descriptor '/home/krishil/ros2_ws/install/my_cpp_pkg/share/my_cpp_pkg/hook/cmake_prefix_path.dsv'
[3.281s] INFO:colcon.colcon_core.shell:Creating environment hook '/home/krishil/ros2_ws/install/my_cpp_pkg/share/my_cpp_pkg/hook/cmake_prefix_path.sh'
[3.282s] Level 1:colcon.colcon_core.environment:checking '/home/krishil/ros2_ws/install/my_cpp_pkg/lib'
[3.282s] Level 1:colcon.colcon_core.environment:checking '/home/krishil/ros2_ws/install/my_cpp_pkg/bin'
[3.282s] Level 1:colcon.colcon_core.environment:checking '/home/krishil/ros2_ws/install/my_cpp_pkg/lib/pkgconfig/my_cpp_pkg.pc'
[3.283s] Level 1:colcon.colcon_core.environment:checking '/home/krishil/ros2_ws/install/my_cpp_pkg/lib/python3.10/site-packages'
[3.283s] Level 1:colcon.colcon_core.environment:checking '/home/krishil/ros2_ws/install/my_cpp_pkg/bin'
[3.283s] INFO:colcon.colcon_core.shell:Creating package script '/home/krishil/ros2_ws/install/my_cpp_pkg/share/my_cpp_pkg/package.ps1'
[3.286s] INFO:colcon.colcon_core.shell:Creating package descriptor '/home/krishil/ros2_ws/install/my_cpp_pkg/share/my_cpp_pkg/package.dsv'
[3.295s] INFO:colcon.colcon_core.shell:Creating package script '/home/krishil/ros2_ws/install/my_cpp_pkg/share/my_cpp_pkg/package.sh'
[3.298s] INFO:colcon.colcon_core.shell:Creating package script '/home/krishil/ros2_ws/install/my_cpp_pkg/share/my_cpp_pkg/package.bash'
[3.306s] INFO:colcon.colcon_core.shell:Creating package script '/home/krishil/ros2_ws/install/my_cpp_pkg/share/my_cpp_pkg/package.zsh'
[3.311s] Level 1:colcon.colcon_core.environment:create_file_with_runtime_dependencies(/home/krishil/ros2_ws/install/my_cpp_pkg/share/colcon-core/packages/my_cpp_pkg)
[3.367s] Level 1:colcon.colcon_core.environment:create_environment_scripts_only(my_cpp_pkg)
[3.368s] Level 1:colcon.colcon_core.environment:checking '/home/krishil/ros2_ws/install/my_cpp_pkg' for CMake module files
[3.368s] Level 1:colcon.colcon_core.environment:checking '/home/krishil/ros2_ws/install/my_cpp_pkg' for CMake config files
[3.368s] Level 1:colcon.colcon_core.shell:create_environment_hook('my_cpp_pkg', 'cmake_prefix_path')
[3.368s] INFO:colcon.colcon_core.shell:Creating environment hook '/home/krishil/ros2_ws/install/my_cpp_pkg/share/my_cpp_pkg/hook/cmake_prefix_path.ps1'
[3.369s] INFO:colcon.colcon_core.shell:Creating environment descriptor '/home/krishil/ros2_ws/install/my_cpp_pkg/share/my_cpp_pkg/hook/cmake_prefix_path.dsv'
[3.370s] INFO:colcon.colcon_core.shell:Creating environment hook '/home/krishil/ros2_ws/install/my_cpp_pkg/share/my_cpp_pkg/hook/cmake_prefix_path.sh'
[3.371s] Level 1:colcon.colcon_core.environment:checking '/home/krishil/ros2_ws/install/my_cpp_pkg/lib'
[3.371s] Level 1:colcon.colcon_core.environment:checking '/home/krishil/ros2_ws/install/my_cpp_pkg/bin'
[3.371s] Level 1:colcon.colcon_core.environment:checking '/home/krishil/ros2_ws/install/my_cpp_pkg/lib/pkgconfig/my_cpp_pkg.pc'
[3.371s] Level 1:colcon.colcon_core.environment:checking '/home/krishil/ros2_ws/install/my_cpp_pkg/lib/python3.10/site-packages'
[3.372s] Level 1:colcon.colcon_core.environment:checking '/home/krishil/ros2_ws/install/my_cpp_pkg/bin'
[3.372s] INFO:colcon.colcon_core.shell:Creating package script '/home/krishil/ros2_ws/install/my_cpp_pkg/share/my_cpp_pkg/package.ps1'
[3.373s] INFO:colcon.colcon_core.shell:Creating package descriptor '/home/krishil/ros2_ws/install/my_cpp_pkg/share/my_cpp_pkg/package.dsv'
[3.374s] INFO:colcon.colcon_core.shell:Creating package script '/home/krishil/ros2_ws/install/my_cpp_pkg/share/my_cpp_pkg/package.sh'
[3.374s] INFO:colcon.colcon_core.shell:Creating package script '/home/krishil/ros2_ws/install/my_cpp_pkg/share/my_cpp_pkg/package.bash'
[3.375s] INFO:colcon.colcon_core.shell:Creating package script '/home/krishil/ros2_ws/install/my_cpp_pkg/share/my_cpp_pkg/package.zsh'
[3.376s] Level 1:colcon.colcon_core.environment:create_file_with_runtime_dependencies(/home/krishil/ros2_ws/install/my_cpp_pkg/share/colcon-core/packages/my_cpp_pkg)
[3.740s] DEBUG:colcon.colcon_core.event_handler.log_command:Invoking command in '/home/krishil/ros2_ws/src/my_py_pkg': PYTHONPATH=/home/krishil/ros2_ws/build/my_py_pkg/prefix_override:/usr/lib/python3/dist-packages/colcon_core/task/python/colcon_distutils_commands:/home/krishil/ros2_ws/install/my_py_pkg/lib/python3.10/site-packages:${PYTHONPATH} /usr/bin/python3 -W ignore:setup.py install is deprecated setup.py egg_info --egg-base ../../build/my_py_pkg build --build-base /home/krishil/ros2_ws/build/my_py_pkg/build install --record /home/krishil/ros2_ws/build/my_py_pkg/install.log --single-version-externally-managed install_data
[4.232s] Level 1:colcon.colcon_core.environment:checking '/home/krishil/ros2_ws/install/my_py_pkg' for CMake module files
[4.233s] DEBUG:colcon.colcon_core.event_handler.log_command:Invoked command in '/home/krishil/ros2_ws/src/my_py_pkg' returned '0': PYTHONPATH=/home/krishil/ros2_ws/build/my_py_pkg/prefix_override:/usr/lib/python3/dist-packages/colcon_core/task/python/colcon_distutils_commands:/home/krishil/ros2_ws/install/my_py_pkg/lib/python3.10/site-packages:${PYTHONPATH} /usr/bin/python3 -W ignore:setup.py install is deprecated setup.py egg_info --egg-base ../../build/my_py_pkg build --build-base /home/krishil/ros2_ws/build/my_py_pkg/build install --record /home/krishil/ros2_ws/build/my_py_pkg/install.log --single-version-externally-managed install_data
[4.233s] Level 1:colcon.colcon_core.environment:checking '/home/krishil/ros2_ws/install/my_py_pkg' for CMake config files
[4.234s] Level 1:colcon.colcon_core.environment:checking '/home/krishil/ros2_ws/install/my_py_pkg/lib'
[4.234s] Level 1:colcon.colcon_core.environment:checking '/home/krishil/ros2_ws/install/my_py_pkg/bin'
[4.234s] Level 1:colcon.colcon_core.environment:checking '/home/krishil/ros2_ws/install/my_py_pkg/lib/pkgconfig/my_py_pkg.pc'
[4.234s] Level 1:colcon.colcon_core.environment:checking '/home/krishil/ros2_ws/install/my_py_pkg/lib/python3.10/site-packages'
[4.234s] Level 1:colcon.colcon_core.shell:create_environment_hook('my_py_pkg', 'pythonpath')
[4.234s] INFO:colcon.colcon_core.shell:Creating environment hook '/home/krishil/ros2_ws/install/my_py_pkg/share/my_py_pkg/hook/pythonpath.ps1'
[4.235s] INFO:colcon.colcon_core.shell:Creating environment descriptor '/home/krishil/ros2_ws/install/my_py_pkg/share/my_py_pkg/hook/pythonpath.dsv'
[4.235s] INFO:colcon.colcon_core.shell:Creating environment hook '/home/krishil/ros2_ws/install/my_py_pkg/share/my_py_pkg/hook/pythonpath.sh'
[4.237s] Level 1:colcon.colcon_core.environment:checking '/home/krishil/ros2_ws/install/my_py_pkg/bin'
[4.237s] Level 1:colcon.colcon_core.environment:create_environment_scripts_only(my_py_pkg)
[4.237s] INFO:colcon.colcon_core.shell:Creating package script '/home/krishil/ros2_ws/install/my_py_pkg/share/my_py_pkg/package.ps1'
[4.238s] INFO:colcon.colcon_core.shell:Creating package descriptor '/home/krishil/ros2_ws/install/my_py_pkg/share/my_py_pkg/package.dsv'
[4.239s] INFO:colcon.colcon_core.shell:Creating package script '/home/krishil/ros2_ws/install/my_py_pkg/share/my_py_pkg/package.sh'
[4.240s] INFO:colcon.colcon_core.shell:Creating package script '/home/krishil/ros2_ws/install/my_py_pkg/share/my_py_pkg/package.bash'
[4.241s] INFO:colcon.colcon_core.shell:Creating package script '/home/krishil/ros2_ws/install/my_py_pkg/share/my_py_pkg/package.zsh'
[4.242s] Level 1:colcon.colcon_core.environment:create_file_with_runtime_dependencies(/home/krishil/ros2_ws/install/my_py_pkg/share/colcon-core/packages/my_py_pkg)
[4.243s] DEBUG:colcon.colcon_parallel_executor.executor.parallel:closing loop
[4.243s] DEBUG:colcon.colcon_parallel_executor.executor.parallel:loop closed
[4.243s] DEBUG:colcon.colcon_parallel_executor.executor.parallel:run_until_complete finished with '0'
[4.243s] DEBUG:colcon.colcon_core.event_reactor:joining thread
[4.264s] INFO:colcon.colcon_core.plugin_system:Skipping extension 'colcon_notification.desktop_notification.terminal_notifier': Not used on non-Darwin systems
[4.264s] INFO:colcon.colcon_core.plugin_system:Skipping extension 'colcon_notification.desktop_notification.win32': Not used on non-Windows systems
[4.264s] INFO:colcon.colcon_notification.desktop_notification:Sending desktop notification using 'notify2'
[4.329s] DEBUG:colcon.colcon_core.event_reactor:joined thread
[4.330s] INFO:colcon.colcon_core.shell:Creating prefix script '/home/krishil/ros2_ws/install/local_setup.ps1'
[4.337s] INFO:colcon.colcon_core.shell:Creating prefix util module '/home/krishil/ros2_ws/install/_local_setup_util_ps1.py'
[4.345s] INFO:colcon.colcon_core.shell:Creating prefix chain script '/home/krishil/ros2_ws/install/setup.ps1'
[4.347s] INFO:colcon.colcon_core.shell:Creating prefix script '/home/krishil/ros2_ws/install/local_setup.sh'
[4.348s] INFO:colcon.colcon_core.shell:Creating prefix util module '/home/krishil/ros2_ws/install/_local_setup_util_sh.py'
[4.349s] INFO:colcon.colcon_core.shell:Creating prefix chain script '/home/krishil/ros2_ws/install/setup.sh'
[4.362s] INFO:colcon.colcon_core.shell:Creating prefix script '/home/krishil/ros2_ws/install/local_setup.bash'
[4.364s] INFO:colcon.colcon_core.shell:Creating prefix chain script '/home/krishil/ros2_ws/install/setup.bash'
[4.368s] INFO:colcon.colcon_core.shell:Creating prefix script '/home/krishil/ros2_ws/install/local_setup.zsh'
[4.380s] INFO:colcon.colcon_core.shell:Creating prefix chain script '/home/krishil/ros2_ws/install/setup.zsh'
