[0.019s] Invoking command in '/home/krishil/ros2_ws/build/my_robot_interfaces': CMAKE_PREFIX_PATH=${CMAKE_PREFIX_PATH}:/home/krishil/ros2_ws/install/my_py_pkg:/opt/ros/humble /usr/bin/cmake --build /home/krishil/ros2_ws/build/my_robot_interfaces -- -j3 -l3
[0.141s] [ 10%] Built target my_robot_interfaces__rosidl_generator_c
[0.144s] [ 12%] Built target my_robot_interfaces__cpp
[0.156s] [ 12%] Built target ament_cmake_python_copy_my_robot_interfaces
[0.204s] [ 29%] Built target my_robot_interfaces__rosidl_typesupport_c
[0.204s] [ 34%] Built target my_robot_interfaces__rosidl_typesupport_introspection_c
[0.222s] [ 44%] Built target my_robot_interfaces__rosidl_typesupport_fastrtps_c
[0.277s] [ 55%] Built target my_robot_interfaces__rosidl_typesupport_fastrtps_cpp
[0.278s] [ 65%] Built target my_robot_interfaces__rosidl_typesupport_introspection_cpp
[0.315s] [ 76%] Built target my_robot_interfaces__rosidl_typesupport_cpp
[0.379s] [ 76%] Built target my_robot_interfaces
[0.416s] [ 78%] Built target my_robot_interfaces__py
[0.482s] [ 87%] Built target my_robot_interfaces__rosidl_generator_py
[0.517s] [ 91%] Built target my_robot_interfaces__rosidl_typesupport_fastrtps_c__pyext
[0.521s] [ 95%] Built target my_robot_interfaces__rosidl_typesupport_introspection_c__pyext
[0.585s] [100%] Built target my_robot_interfaces__rosidl_typesupport_c__pyext
[0.596s] running egg_info
[0.597s] writing my_robot_interfaces.egg-info/PKG-INFO
[0.598s] writing dependency_links to my_robot_interfaces.egg-info/dependency_links.txt
[0.598s] writing top-level names to my_robot_interfaces.egg-info/top_level.txt
[0.602s] reading manifest file 'my_robot_interfaces.egg-info/SOURCES.txt'
[0.602s] writing manifest file 'my_robot_interfaces.egg-info/SOURCES.txt'
[0.657s] [100%] Built target ament_cmake_python_build_my_robot_interfaces_egg
[0.681s] Invoked command in '/home/krishil/ros2_ws/build/my_robot_interfaces' returned '0': CMAKE_PREFIX_PATH=${CMAKE_PREFIX_PATH}:/home/krishil/ros2_ws/install/my_py_pkg:/opt/ros/humble /usr/bin/cmake --build /home/krishil/ros2_ws/build/my_robot_interfaces -- -j3 -l3
[1.037s] Invoking command in '/home/krishil/ros2_ws/build/my_robot_interfaces': CMAKE_PREFIX_PATH=${CMAKE_PREFIX_PATH}:/home/krishil/ros2_ws/install/my_py_pkg:/opt/ros/humble /usr/bin/cmake --install /home/krishil/ros2_ws/build/my_robot_interfaces
[1.051s] -- Install configuration: ""
[1.051s] -- Up-to-date: /home/krishil/ros2_ws/install/my_robot_interfaces/share/ament_index/resource_index/rosidl_interfaces/my_robot_interfaces
[1.051s] -- Up-to-date: /home/krishil/ros2_ws/install/my_robot_interfaces/include/my_robot_interfaces/my_robot_interfaces
[1.051s] -- Up-to-date: /home/krishil/ros2_ws/install/my_robot_interfaces/include/my_robot_interfaces/my_robot_interfaces/msg
[1.051s] -- Up-to-date: /home/krishil/ros2_ws/install/my_robot_interfaces/include/my_robot_interfaces/my_robot_interfaces/msg/detail
[1.051s] -- Up-to-date: /home/krishil/ros2_ws/install/my_robot_interfaces/include/my_robot_interfaces/my_robot_interfaces/msg/detail/led_status__functions.c
[1.051s] -- Up-to-date: /home/krishil/ros2_ws/install/my_robot_interfaces/include/my_robot_interfaces/my_robot_interfaces/msg/detail/led_status__functions.h
[1.051s] -- Up-to-date: /home/krishil/ros2_ws/install/my_robot_interfaces/include/my_robot_interfaces/my_robot_interfaces/msg/detail/hardware_status__functions.c
[1.052s] -- Up-to-date: /home/krishil/ros2_ws/install/my_robot_interfaces/include/my_robot_interfaces/my_robot_interfaces/msg/detail/led_status__struct.h
[1.052s] -- Up-to-date: /home/krishil/ros2_ws/install/my_robot_interfaces/include/my_robot_interfaces/my_robot_interfaces/msg/detail/hardware_status__struct.h
[1.052s] -- Up-to-date: /home/krishil/ros2_ws/install/my_robot_interfaces/include/my_robot_interfaces/my_robot_interfaces/msg/detail/hardware_status__functions.h
[1.052s] -- Up-to-date: /home/krishil/ros2_ws/install/my_robot_interfaces/include/my_robot_interfaces/my_robot_interfaces/msg/detail/hardware_status__type_support.h
[1.052s] -- Up-to-date: /home/krishil/ros2_ws/install/my_robot_interfaces/include/my_robot_interfaces/my_robot_interfaces/msg/detail/led_status__type_support.h
[1.052s] -- Up-to-date: /home/krishil/ros2_ws/install/my_robot_interfaces/include/my_robot_interfaces/my_robot_interfaces/msg/led_status.h
[1.052s] -- Up-to-date: /home/krishil/ros2_ws/install/my_robot_interfaces/include/my_robot_interfaces/my_robot_interfaces/msg/hardware_status.h
[1.052s] -- Up-to-date: /home/krishil/ros2_ws/install/my_robot_interfaces/include/my_robot_interfaces/my_robot_interfaces/msg/rosidl_generator_c__visibility_control.h
[1.052s] -- Up-to-date: /home/krishil/ros2_ws/install/my_robot_interfaces/include/my_robot_interfaces/my_robot_interfaces/srv
[1.052s] -- Up-to-date: /home/krishil/ros2_ws/install/my_robot_interfaces/include/my_robot_interfaces/my_robot_interfaces/srv/compute_rectangle_area.h
[1.052s] -- Up-to-date: /home/krishil/ros2_ws/install/my_robot_interfaces/include/my_robot_interfaces/my_robot_interfaces/srv/detail
[1.053s] -- Up-to-date: /home/krishil/ros2_ws/install/my_robot_interfaces/include/my_robot_interfaces/my_robot_interfaces/srv/detail/compute_rectangle_area__type_support.h
[1.053s] -- Up-to-date: /home/krishil/ros2_ws/install/my_robot_interfaces/include/my_robot_interfaces/my_robot_interfaces/srv/detail/compute_rectangle_area__functions.h
[1.053s] -- Up-to-date: /home/krishil/ros2_ws/install/my_robot_interfaces/include/my_robot_interfaces/my_robot_interfaces/srv/detail/compute_rectangle_area__struct.h
[1.053s] -- Up-to-date: /home/krishil/ros2_ws/install/my_robot_interfaces/include/my_robot_interfaces/my_robot_interfaces/srv/detail/compute_rectangle_area__functions.c
[1.053s] -- Up-to-date: /home/krishil/ros2_ws/install/my_robot_interfaces/share/my_robot_interfaces/environment/library_path.sh
[1.053s] -- Up-to-date: /home/krishil/ros2_ws/install/my_robot_interfaces/share/my_robot_interfaces/environment/library_path.dsv
[1.053s] -- Up-to-date: /home/krishil/ros2_ws/install/my_robot_interfaces/lib/libmy_robot_interfaces__rosidl_generator_c.so
[1.053s] -- Up-to-date: /home/krishil/ros2_ws/install/my_robot_interfaces/include/my_robot_interfaces/my_robot_interfaces
[1.053s] -- Up-to-date: /home/krishil/ros2_ws/install/my_robot_interfaces/include/my_robot_interfaces/my_robot_interfaces/msg
[1.054s] -- Up-to-date: /home/krishil/ros2_ws/install/my_robot_interfaces/include/my_robot_interfaces/my_robot_interfaces/msg/detail
[1.054s] -- Up-to-date: /home/krishil/ros2_ws/install/my_robot_interfaces/include/my_robot_interfaces/my_robot_interfaces/msg/detail/hardware_status__rosidl_typesupport_fastrtps_c.h
[1.054s] -- Up-to-date: /home/krishil/ros2_ws/install/my_robot_interfaces/include/my_robot_interfaces/my_robot_interfaces/msg/detail/led_status__rosidl_typesupport_fastrtps_c.h
[1.054s] -- Up-to-date: /home/krishil/ros2_ws/install/my_robot_interfaces/include/my_robot_interfaces/my_robot_interfaces/msg/rosidl_typesupport_fastrtps_c__visibility_control.h
[1.054s] -- Up-to-date: /home/krishil/ros2_ws/install/my_robot_interfaces/include/my_robot_interfaces/my_robot_interfaces/srv
[1.054s] -- Up-to-date: /home/krishil/ros2_ws/install/my_robot_interfaces/include/my_robot_interfaces/my_robot_interfaces/srv/detail
[1.054s] -- Up-to-date: /home/krishil/ros2_ws/install/my_robot_interfaces/include/my_robot_interfaces/my_robot_interfaces/srv/detail/compute_rectangle_area__rosidl_typesupport_fastrtps_c.h
[1.054s] -- Up-to-date: /home/krishil/ros2_ws/install/my_robot_interfaces/lib/libmy_robot_interfaces__rosidl_typesupport_fastrtps_c.so
[1.054s] -- Up-to-date: /home/krishil/ros2_ws/install/my_robot_interfaces/include/my_robot_interfaces/my_robot_interfaces
[1.054s] -- Up-to-date: /home/krishil/ros2_ws/install/my_robot_interfaces/include/my_robot_interfaces/my_robot_interfaces/msg
[1.054s] -- Up-to-date: /home/krishil/ros2_ws/install/my_robot_interfaces/include/my_robot_interfaces/my_robot_interfaces/msg/detail
[1.054s] -- Up-to-date: /home/krishil/ros2_ws/install/my_robot_interfaces/include/my_robot_interfaces/my_robot_interfaces/msg/detail/led_status__type_support.c
[1.054s] -- Up-to-date: /home/krishil/ros2_ws/install/my_robot_interfaces/include/my_robot_interfaces/my_robot_interfaces/msg/detail/hardware_status__type_support.c
[1.054s] -- Up-to-date: /home/krishil/ros2_ws/install/my_robot_interfaces/include/my_robot_interfaces/my_robot_interfaces/msg/detail/hardware_status__rosidl_typesupport_introspection_c.h
[1.054s] -- Up-to-date: /home/krishil/ros2_ws/install/my_robot_interfaces/include/my_robot_interfaces/my_robot_interfaces/msg/detail/led_status__rosidl_typesupport_introspection_c.h
[1.054s] -- Up-to-date: /home/krishil/ros2_ws/install/my_robot_interfaces/include/my_robot_interfaces/my_robot_interfaces/msg/rosidl_typesupport_introspection_c__visibility_control.h
[1.054s] -- Up-to-date: /home/krishil/ros2_ws/install/my_robot_interfaces/include/my_robot_interfaces/my_robot_interfaces/srv
[1.054s] -- Up-to-date: /home/krishil/ros2_ws/install/my_robot_interfaces/include/my_robot_interfaces/my_robot_interfaces/srv/detail
[1.054s] -- Up-to-date: /home/krishil/ros2_ws/install/my_robot_interfaces/include/my_robot_interfaces/my_robot_interfaces/srv/detail/compute_rectangle_area__rosidl_typesupport_introspection_c.h
[1.054s] -- Up-to-date: /home/krishil/ros2_ws/install/my_robot_interfaces/include/my_robot_interfaces/my_robot_interfaces/srv/detail/compute_rectangle_area__type_support.c
[1.055s] -- Up-to-date: /home/krishil/ros2_ws/install/my_robot_interfaces/lib/libmy_robot_interfaces__rosidl_typesupport_introspection_c.so
[1.055s] -- Up-to-date: /home/krishil/ros2_ws/install/my_robot_interfaces/lib/libmy_robot_interfaces__rosidl_typesupport_c.so
[1.055s] -- Up-to-date: /home/krishil/ros2_ws/install/my_robot_interfaces/include/my_robot_interfaces/my_robot_interfaces
[1.055s] -- Up-to-date: /home/krishil/ros2_ws/install/my_robot_interfaces/include/my_robot_interfaces/my_robot_interfaces/msg
[1.055s] -- Up-to-date: /home/krishil/ros2_ws/install/my_robot_interfaces/include/my_robot_interfaces/my_robot_interfaces/msg/led_status.hpp
[1.055s] -- Up-to-date: /home/krishil/ros2_ws/install/my_robot_interfaces/include/my_robot_interfaces/my_robot_interfaces/msg/detail
[1.055s] -- Up-to-date: /home/krishil/ros2_ws/install/my_robot_interfaces/include/my_robot_interfaces/my_robot_interfaces/msg/detail/led_status__traits.hpp
[1.055s] -- Up-to-date: /home/krishil/ros2_ws/install/my_robot_interfaces/include/my_robot_interfaces/my_robot_interfaces/msg/detail/led_status__struct.hpp
[1.055s] -- Up-to-date: /home/krishil/ros2_ws/install/my_robot_interfaces/include/my_robot_interfaces/my_robot_interfaces/msg/detail/hardware_status__traits.hpp
[1.056s] -- Up-to-date: /home/krishil/ros2_ws/install/my_robot_interfaces/include/my_robot_interfaces/my_robot_interfaces/msg/detail/led_status__builder.hpp
[1.056s] -- Up-to-date: /home/krishil/ros2_ws/install/my_robot_interfaces/include/my_robot_interfaces/my_robot_interfaces/msg/detail/hardware_status__struct.hpp
[1.056s] -- Up-to-date: /home/krishil/ros2_ws/install/my_robot_interfaces/include/my_robot_interfaces/my_robot_interfaces/msg/detail/hardware_status__builder.hpp
[1.056s] -- Up-to-date: /home/krishil/ros2_ws/install/my_robot_interfaces/include/my_robot_interfaces/my_robot_interfaces/msg/hardware_status.hpp
[1.056s] -- Up-to-date: /home/krishil/ros2_ws/install/my_robot_interfaces/include/my_robot_interfaces/my_robot_interfaces/srv
[1.057s] -- Up-to-date: /home/krishil/ros2_ws/install/my_robot_interfaces/include/my_robot_interfaces/my_robot_interfaces/srv/detail
[1.057s] -- Up-to-date: /home/krishil/ros2_ws/install/my_robot_interfaces/include/my_robot_interfaces/my_robot_interfaces/srv/detail/compute_rectangle_area__traits.hpp
[1.057s] -- Up-to-date: /home/krishil/ros2_ws/install/my_robot_interfaces/include/my_robot_interfaces/my_robot_interfaces/srv/detail/compute_rectangle_area__struct.hpp
[1.057s] -- Up-to-date: /home/krishil/ros2_ws/install/my_robot_interfaces/include/my_robot_interfaces/my_robot_interfaces/srv/detail/compute_rectangle_area__builder.hpp
[1.057s] -- Up-to-date: /home/krishil/ros2_ws/install/my_robot_interfaces/include/my_robot_interfaces/my_robot_interfaces/srv/compute_rectangle_area.hpp
[1.057s] -- Up-to-date: /home/krishil/ros2_ws/install/my_robot_interfaces/include/my_robot_interfaces/my_robot_interfaces
[1.057s] -- Up-to-date: /home/krishil/ros2_ws/install/my_robot_interfaces/include/my_robot_interfaces/my_robot_interfaces/msg
[1.057s] -- Up-to-date: /home/krishil/ros2_ws/install/my_robot_interfaces/include/my_robot_interfaces/my_robot_interfaces/msg/detail
[1.057s] -- Up-to-date: /home/krishil/ros2_ws/install/my_robot_interfaces/include/my_robot_interfaces/my_robot_interfaces/msg/detail/dds_fastrtps
[1.058s] -- Up-to-date: /home/krishil/ros2_ws/install/my_robot_interfaces/include/my_robot_interfaces/my_robot_interfaces/msg/detail/led_status__rosidl_typesupport_fastrtps_cpp.hpp
[1.058s] -- Up-to-date: /home/krishil/ros2_ws/install/my_robot_interfaces/include/my_robot_interfaces/my_robot_interfaces/msg/detail/hardware_status__rosidl_typesupport_fastrtps_cpp.hpp
[1.060s] -- Up-to-date: /home/krishil/ros2_ws/install/my_robot_interfaces/include/my_robot_interfaces/my_robot_interfaces/msg/rosidl_typesupport_fastrtps_cpp__visibility_control.h
[1.060s] -- Up-to-date: /home/krishil/ros2_ws/install/my_robot_interfaces/include/my_robot_interfaces/my_robot_interfaces/srv
[1.060s] -- Up-to-date: /home/krishil/ros2_ws/install/my_robot_interfaces/include/my_robot_interfaces/my_robot_interfaces/srv/detail
[1.060s] -- Up-to-date: /home/krishil/ros2_ws/install/my_robot_interfaces/include/my_robot_interfaces/my_robot_interfaces/srv/detail/dds_fastrtps
[1.060s] -- Up-to-date: /home/krishil/ros2_ws/install/my_robot_interfaces/include/my_robot_interfaces/my_robot_interfaces/srv/detail/compute_rectangle_area__rosidl_typesupport_fastrtps_cpp.hpp
[1.060s] -- Up-to-date: /home/krishil/ros2_ws/install/my_robot_interfaces/lib/libmy_robot_interfaces__rosidl_typesupport_fastrtps_cpp.so
[1.060s] -- Up-to-date: /home/krishil/ros2_ws/install/my_robot_interfaces/include/my_robot_interfaces/my_robot_interfaces
[1.060s] -- Up-to-date: /home/krishil/ros2_ws/install/my_robot_interfaces/include/my_robot_interfaces/my_robot_interfaces/msg
[1.060s] -- Up-to-date: /home/krishil/ros2_ws/install/my_robot_interfaces/include/my_robot_interfaces/my_robot_interfaces/msg/detail
[1.060s] -- Up-to-date: /home/krishil/ros2_ws/install/my_robot_interfaces/include/my_robot_interfaces/my_robot_interfaces/msg/detail/hardware_status__type_support.cpp
[1.060s] -- Up-to-date: /home/krishil/ros2_ws/install/my_robot_interfaces/include/my_robot_interfaces/my_robot_interfaces/msg/detail/hardware_status__rosidl_typesupport_introspection_cpp.hpp
[1.060s] -- Up-to-date: /home/krishil/ros2_ws/install/my_robot_interfaces/include/my_robot_interfaces/my_robot_interfaces/msg/detail/led_status__rosidl_typesupport_introspection_cpp.hpp
[1.060s] -- Up-to-date: /home/krishil/ros2_ws/install/my_robot_interfaces/include/my_robot_interfaces/my_robot_interfaces/msg/detail/led_status__type_support.cpp
[1.060s] -- Up-to-date: /home/krishil/ros2_ws/install/my_robot_interfaces/include/my_robot_interfaces/my_robot_interfaces/srv
[1.060s] -- Up-to-date: /home/krishil/ros2_ws/install/my_robot_interfaces/include/my_robot_interfaces/my_robot_interfaces/srv/detail
[1.060s] -- Up-to-date: /home/krishil/ros2_ws/install/my_robot_interfaces/include/my_robot_interfaces/my_robot_interfaces/srv/detail/compute_rectangle_area__type_support.cpp
[1.061s] -- Up-to-date: /home/krishil/ros2_ws/install/my_robot_interfaces/include/my_robot_interfaces/my_robot_interfaces/srv/detail/compute_rectangle_area__rosidl_typesupport_introspection_cpp.hpp
[1.061s] -- Up-to-date: /home/krishil/ros2_ws/install/my_robot_interfaces/lib/libmy_robot_interfaces__rosidl_typesupport_introspection_cpp.so
[1.061s] -- Up-to-date: /home/krishil/ros2_ws/install/my_robot_interfaces/lib/libmy_robot_interfaces__rosidl_typesupport_cpp.so
[1.061s] -- Up-to-date: /home/krishil/ros2_ws/install/my_robot_interfaces/share/my_robot_interfaces/environment/pythonpath.sh
[1.061s] -- Up-to-date: /home/krishil/ros2_ws/install/my_robot_interfaces/share/my_robot_interfaces/environment/pythonpath.dsv
[1.061s] -- Up-to-date: /home/krishil/ros2_ws/install/my_robot_interfaces/local/lib/python3.10/dist-packages/my_robot_interfaces-0.0.0-py3.10.egg-info
[1.061s] -- Installing: /home/krishil/ros2_ws/install/my_robot_interfaces/local/lib/python3.10/dist-packages/my_robot_interfaces-0.0.0-py3.10.egg-info/SOURCES.txt
[1.061s] -- Installing: /home/krishil/ros2_ws/install/my_robot_interfaces/local/lib/python3.10/dist-packages/my_robot_interfaces-0.0.0-py3.10.egg-info/top_level.txt
[1.061s] -- Installing: /home/krishil/ros2_ws/install/my_robot_interfaces/local/lib/python3.10/dist-packages/my_robot_interfaces-0.0.0-py3.10.egg-info/dependency_links.txt
[1.061s] -- Installing: /home/krishil/ros2_ws/install/my_robot_interfaces/local/lib/python3.10/dist-packages/my_robot_interfaces-0.0.0-py3.10.egg-info/PKG-INFO
[1.061s] -- Up-to-date: /home/krishil/ros2_ws/install/my_robot_interfaces/local/lib/python3.10/dist-packages/my_robot_interfaces
[1.061s] -- Up-to-date: /home/krishil/ros2_ws/install/my_robot_interfaces/local/lib/python3.10/dist-packages/my_robot_interfaces/msg
[1.061s] -- Up-to-date: /home/krishil/ros2_ws/install/my_robot_interfaces/local/lib/python3.10/dist-packages/my_robot_interfaces/msg/_hardware_status_s.c
[1.061s] -- Up-to-date: /home/krishil/ros2_ws/install/my_robot_interfaces/local/lib/python3.10/dist-packages/my_robot_interfaces/msg/__init__.py
[1.061s] -- Up-to-date: /home/krishil/ros2_ws/install/my_robot_interfaces/local/lib/python3.10/dist-packages/my_robot_interfaces/msg/_led_status_s.c
[1.061s] -- Up-to-date: /home/krishil/ros2_ws/install/my_robot_interfaces/local/lib/python3.10/dist-packages/my_robot_interfaces/msg/_hardware_status.py
[1.061s] -- Up-to-date: /home/krishil/ros2_ws/install/my_robot_interfaces/local/lib/python3.10/dist-packages/my_robot_interfaces/msg/_led_status.py
[1.061s] -- Up-to-date: /home/krishil/ros2_ws/install/my_robot_interfaces/local/lib/python3.10/dist-packages/my_robot_interfaces/my_robot_interfaces_s__rosidl_typesupport_c.cpython-310-x86_64-linux-gnu.so
[1.061s] -- Up-to-date: /home/krishil/ros2_ws/install/my_robot_interfaces/local/lib/python3.10/dist-packages/my_robot_interfaces/__init__.py
[1.061s] -- Up-to-date: /home/krishil/ros2_ws/install/my_robot_interfaces/local/lib/python3.10/dist-packages/my_robot_interfaces/_my_robot_interfaces_s.ep.rosidl_typesupport_c.c
[1.062s] -- Up-to-date: /home/krishil/ros2_ws/install/my_robot_interfaces/local/lib/python3.10/dist-packages/my_robot_interfaces/srv
[1.062s] -- Up-to-date: /home/krishil/ros2_ws/install/my_robot_interfaces/local/lib/python3.10/dist-packages/my_robot_interfaces/srv/__init__.py
[1.062s] -- Up-to-date: /home/krishil/ros2_ws/install/my_robot_interfaces/local/lib/python3.10/dist-packages/my_robot_interfaces/srv/_compute_rectangle_area_s.c
[1.062s] -- Up-to-date: /home/krishil/ros2_ws/install/my_robot_interfaces/local/lib/python3.10/dist-packages/my_robot_interfaces/srv/_compute_rectangle_area.py
[1.062s] -- Up-to-date: /home/krishil/ros2_ws/install/my_robot_interfaces/local/lib/python3.10/dist-packages/my_robot_interfaces/my_robot_interfaces_s__rosidl_typesupport_introspection_c.cpython-310-x86_64-linux-gnu.so
[1.062s] -- Up-to-date: /home/krishil/ros2_ws/install/my_robot_interfaces/local/lib/python3.10/dist-packages/my_robot_interfaces/_my_robot_interfaces_s.ep.rosidl_typesupport_introspection_c.c
[1.062s] -- Up-to-date: /home/krishil/ros2_ws/install/my_robot_interfaces/local/lib/python3.10/dist-packages/my_robot_interfaces/my_robot_interfaces_s__rosidl_typesupport_fastrtps_c.cpython-310-x86_64-linux-gnu.so
[1.062s] -- Up-to-date: /home/krishil/ros2_ws/install/my_robot_interfaces/local/lib/python3.10/dist-packages/my_robot_interfaces/_my_robot_interfaces_s.ep.rosidl_typesupport_fastrtps_c.c
[1.062s] -- Up-to-date: /home/krishil/ros2_ws/install/my_robot_interfaces/local/lib/python3.10/dist-packages/my_robot_interfaces/libmy_robot_interfaces__rosidl_generator_py.so
[1.091s] Listing '/home/krishil/ros2_ws/install/my_robot_interfaces/local/lib/python3.10/dist-packages/my_robot_interfaces'...
[1.091s] Listing '/home/krishil/ros2_ws/install/my_robot_interfaces/local/lib/python3.10/dist-packages/my_robot_interfaces/msg'...
[1.091s] Listing '/home/krishil/ros2_ws/install/my_robot_interfaces/local/lib/python3.10/dist-packages/my_robot_interfaces/srv'...
[1.100s] -- Up-to-date: /home/krishil/ros2_ws/install/my_robot_interfaces/local/lib/python3.10/dist-packages/my_robot_interfaces/my_robot_interfaces_s__rosidl_typesupport_fastrtps_c.cpython-310-x86_64-linux-gnu.so
[1.100s] -- Up-to-date: /home/krishil/ros2_ws/install/my_robot_interfaces/local/lib/python3.10/dist-packages/my_robot_interfaces/my_robot_interfaces_s__rosidl_typesupport_introspection_c.cpython-310-x86_64-linux-gnu.so
[1.100s] -- Up-to-date: /home/krishil/ros2_ws/install/my_robot_interfaces/local/lib/python3.10/dist-packages/my_robot_interfaces/my_robot_interfaces_s__rosidl_typesupport_c.cpython-310-x86_64-linux-gnu.so
[1.100s] -- Up-to-date: /home/krishil/ros2_ws/install/my_robot_interfaces/lib/libmy_robot_interfaces__rosidl_generator_py.so
[1.100s] -- Up-to-date: /home/krishil/ros2_ws/install/my_robot_interfaces/share/my_robot_interfaces/msg/HardwareStatus.idl
[1.100s] -- Up-to-date: /home/krishil/ros2_ws/install/my_robot_interfaces/share/my_robot_interfaces/srv/ComputeRectangleArea.idl
[1.100s] -- Up-to-date: /home/krishil/ros2_ws/install/my_robot_interfaces/share/my_robot_interfaces/msg/LedStatus.idl
[1.100s] -- Up-to-date: /home/krishil/ros2_ws/install/my_robot_interfaces/share/my_robot_interfaces/msg/HardwareStatus.msg
[1.100s] -- Up-to-date: /home/krishil/ros2_ws/install/my_robot_interfaces/share/my_robot_interfaces/srv/ComputeRectangleArea.srv
[1.101s] -- Up-to-date: /home/krishil/ros2_ws/install/my_robot_interfaces/share/my_robot_interfaces/srv/ComputeRectangleArea_Request.msg
[1.101s] -- Up-to-date: /home/krishil/ros2_ws/install/my_robot_interfaces/share/my_robot_interfaces/srv/ComputeRectangleArea_Response.msg
[1.101s] -- Up-to-date: /home/krishil/ros2_ws/install/my_robot_interfaces/share/my_robot_interfaces/msg/LedStatus.msg
[1.101s] -- Up-to-date: /home/krishil/ros2_ws/install/my_robot_interfaces/share/ament_index/resource_index/package_run_dependencies/my_robot_interfaces
[1.102s] -- Up-to-date: /home/krishil/ros2_ws/install/my_robot_interfaces/share/ament_index/resource_index/parent_prefix_path/my_robot_interfaces
[1.102s] -- Up-to-date: /home/krishil/ros2_ws/install/my_robot_interfaces/share/my_robot_interfaces/environment/ament_prefix_path.sh
[1.102s] -- Up-to-date: /home/krishil/ros2_ws/install/my_robot_interfaces/share/my_robot_interfaces/environment/ament_prefix_path.dsv
[1.102s] -- Up-to-date: /home/krishil/ros2_ws/install/my_robot_interfaces/share/my_robot_interfaces/environment/path.sh
[1.102s] -- Up-to-date: /home/krishil/ros2_ws/install/my_robot_interfaces/share/my_robot_interfaces/environment/path.dsv
[1.102s] -- Up-to-date: /home/krishil/ros2_ws/install/my_robot_interfaces/share/my_robot_interfaces/local_setup.bash
[1.103s] -- Up-to-date: /home/krishil/ros2_ws/install/my_robot_interfaces/share/my_robot_interfaces/local_setup.sh
[1.103s] -- Up-to-date: /home/krishil/ros2_ws/install/my_robot_interfaces/share/my_robot_interfaces/local_setup.zsh
[1.103s] -- Up-to-date: /home/krishil/ros2_ws/install/my_robot_interfaces/share/my_robot_interfaces/local_setup.dsv
[1.103s] -- Installing: /home/krishil/ros2_ws/install/my_robot_interfaces/share/my_robot_interfaces/package.dsv
[1.103s] -- Up-to-date: /home/krishil/ros2_ws/install/my_robot_interfaces/share/ament_index/resource_index/packages/my_robot_interfaces
[1.103s] -- Up-to-date: /home/krishil/ros2_ws/install/my_robot_interfaces/share/my_robot_interfaces/cmake/export_my_robot_interfaces__rosidl_generator_cExport.cmake
[1.104s] -- Up-to-date: /home/krishil/ros2_ws/install/my_robot_interfaces/share/my_robot_interfaces/cmake/export_my_robot_interfaces__rosidl_generator_cExport-noconfig.cmake
[1.104s] -- Up-to-date: /home/krishil/ros2_ws/install/my_robot_interfaces/share/my_robot_interfaces/cmake/export_my_robot_interfaces__rosidl_typesupport_fastrtps_cExport.cmake
[1.104s] -- Up-to-date: /home/krishil/ros2_ws/install/my_robot_interfaces/share/my_robot_interfaces/cmake/export_my_robot_interfaces__rosidl_typesupport_fastrtps_cExport-noconfig.cmake
[1.104s] -- Up-to-date: /home/krishil/ros2_ws/install/my_robot_interfaces/share/my_robot_interfaces/cmake/my_robot_interfaces__rosidl_typesupport_introspection_cExport.cmake
[1.104s] -- Up-to-date: /home/krishil/ros2_ws/install/my_robot_interfaces/share/my_robot_interfaces/cmake/my_robot_interfaces__rosidl_typesupport_introspection_cExport-noconfig.cmake
[1.104s] -- Up-to-date: /home/krishil/ros2_ws/install/my_robot_interfaces/share/my_robot_interfaces/cmake/my_robot_interfaces__rosidl_typesupport_cExport.cmake
[1.105s] -- Up-to-date: /home/krishil/ros2_ws/install/my_robot_interfaces/share/my_robot_interfaces/cmake/my_robot_interfaces__rosidl_typesupport_cExport-noconfig.cmake
[1.105s] -- Up-to-date: /home/krishil/ros2_ws/install/my_robot_interfaces/share/my_robot_interfaces/cmake/export_my_robot_interfaces__rosidl_generator_cppExport.cmake
[1.105s] -- Up-to-date: /home/krishil/ros2_ws/install/my_robot_interfaces/share/my_robot_interfaces/cmake/export_my_robot_interfaces__rosidl_typesupport_fastrtps_cppExport.cmake
[1.105s] -- Up-to-date: /home/krishil/ros2_ws/install/my_robot_interfaces/share/my_robot_interfaces/cmake/export_my_robot_interfaces__rosidl_typesupport_fastrtps_cppExport-noconfig.cmake
[1.105s] -- Up-to-date: /home/krishil/ros2_ws/install/my_robot_interfaces/share/my_robot_interfaces/cmake/my_robot_interfaces__rosidl_typesupport_introspection_cppExport.cmake
[1.105s] -- Up-to-date: /home/krishil/ros2_ws/install/my_robot_interfaces/share/my_robot_interfaces/cmake/my_robot_interfaces__rosidl_typesupport_introspection_cppExport-noconfig.cmake
[1.107s] -- Up-to-date: /home/krishil/ros2_ws/install/my_robot_interfaces/share/my_robot_interfaces/cmake/my_robot_interfaces__rosidl_typesupport_cppExport.cmake
[1.108s] -- Up-to-date: /home/krishil/ros2_ws/install/my_robot_interfaces/share/my_robot_interfaces/cmake/my_robot_interfaces__rosidl_typesupport_cppExport-noconfig.cmake
[1.108s] -- Up-to-date: /home/krishil/ros2_ws/install/my_robot_interfaces/share/my_robot_interfaces/cmake/export_my_robot_interfaces__rosidl_generator_pyExport.cmake
[1.108s] -- Up-to-date: /home/krishil/ros2_ws/install/my_robot_interfaces/share/my_robot_interfaces/cmake/export_my_robot_interfaces__rosidl_generator_pyExport-noconfig.cmake
[1.108s] -- Up-to-date: /home/krishil/ros2_ws/install/my_robot_interfaces/share/my_robot_interfaces/cmake/rosidl_cmake-extras.cmake
[1.108s] -- Up-to-date: /home/krishil/ros2_ws/install/my_robot_interfaces/share/my_robot_interfaces/cmake/ament_cmake_export_include_directories-extras.cmake
[1.108s] -- Up-to-date: /home/krishil/ros2_ws/install/my_robot_interfaces/share/my_robot_interfaces/cmake/ament_cmake_export_libraries-extras.cmake
[1.108s] -- Up-to-date: /home/krishil/ros2_ws/install/my_robot_interfaces/share/my_robot_interfaces/cmake/ament_cmake_export_targets-extras.cmake
[1.109s] -- Up-to-date: /home/krishil/ros2_ws/install/my_robot_interfaces/share/my_robot_interfaces/cmake/rosidl_cmake_export_typesupport_targets-extras.cmake
[1.109s] -- Up-to-date: /home/krishil/ros2_ws/install/my_robot_interfaces/share/my_robot_interfaces/cmake/ament_cmake_export_dependencies-extras.cmake
[1.109s] -- Up-to-date: /home/krishil/ros2_ws/install/my_robot_interfaces/share/my_robot_interfaces/cmake/rosidl_cmake_export_typesupport_libraries-extras.cmake
[1.109s] -- Up-to-date: /home/krishil/ros2_ws/install/my_robot_interfaces/share/my_robot_interfaces/cmake/my_robot_interfacesConfig.cmake
[1.109s] -- Up-to-date: /home/krishil/ros2_ws/install/my_robot_interfaces/share/my_robot_interfaces/cmake/my_robot_interfacesConfig-version.cmake
[1.109s] -- Up-to-date: /home/krishil/ros2_ws/install/my_robot_interfaces/share/my_robot_interfaces/package.xml
[1.111s] Invoked command in '/home/krishil/ros2_ws/build/my_robot_interfaces' returned '0': CMAKE_PREFIX_PATH=${CMAKE_PREFIX_PATH}:/home/krishil/ros2_ws/install/my_py_pkg:/opt/ros/humble /usr/bin/cmake --install /home/krishil/ros2_ws/build/my_robot_interfaces
