[0.049s] Invoking command in '/home/krishil/ros2_ws/build/my_cpp_pkg': CMAKE_PREFIX_PATH=${CMAKE_PREFIX_PATH}:/home/krishil/ros2_ws/install/my_py_pkg:/opt/ros/humble /usr/bin/cmake --build /home/krishil/ros2_ws/build/my_cpp_pkg -- -j3 -l3
[0.112s] -- Found ament_cmake: 1.3.10 (/opt/ros/humble/share/ament_cmake/cmake)
[0.276s] -- Found rclcpp: 16.0.10 (/opt/ros/humble/share/rclcpp/cmake)
[0.311s] -- Found rosidl_generator_c: 3.1.5 (/opt/ros/humble/share/rosidl_generator_c/cmake)
[0.321s] -- Found rosidl_adapter: 3.1.5 (/opt/ros/humble/share/rosidl_adapter/cmake)
[0.329s] -- Found rosidl_generator_cpp: 3.1.5 (/opt/ros/humble/share/rosidl_generator_cpp/cmake)
[0.339s] -- Using all available rosidl_typesupport_c: rosidl_typesupport_fastrtps_c;rosidl_typesupport_introspection_c
[0.357s] -- Using all available rosidl_typesupport_cpp: rosidl_typesupport_fastrtps_cpp;rosidl_typesupport_introspection_cpp
[0.401s] -- Found rmw_implementation_cmake: 6.1.2 (/opt/ros/humble/share/rmw_implementation_cmake/cmake)
[0.405s] -- Found rmw_fastrtps_cpp: 6.2.7 (/opt/ros/humble/share/rmw_fastrtps_cpp/cmake)
[0.595s] -- Using RMW implementation 'rmw_fastrtps_cpp' as default
[0.690s] -- Configuring done
[0.799s] -- Generating done
[0.802s] -- Build files have been written to: /home/krishil/ros2_ws/build/my_cpp_pkg
[0.889s] [ 50%] [32mBuilding CXX object CMakeFiles/cpp_node.dir/src/my_first_node.cpp.o[0m
[5.297s] [100%] [32m[1mLinking CXX executable cpp_node[0m
[5.679s] [100%] Built target cpp_node
[5.716s] Invoked command in '/home/krishil/ros2_ws/build/my_cpp_pkg' returned '0': CMAKE_PREFIX_PATH=${CMAKE_PREFIX_PATH}:/home/krishil/ros2_ws/install/my_py_pkg:/opt/ros/humble /usr/bin/cmake --build /home/krishil/ros2_ws/build/my_cpp_pkg -- -j3 -l3
[5.852s] Invoking command in '/home/krishil/ros2_ws/build/my_cpp_pkg': CMAKE_PREFIX_PATH=${CMAKE_PREFIX_PATH}:/home/krishil/ros2_ws/install/my_py_pkg:/opt/ros/humble /usr/bin/cmake --install /home/krishil/ros2_ws/build/my_cpp_pkg
[5.865s] -- Install configuration: ""
[5.866s] -- Installing: /home/krishil/ros2_ws/install/my_cpp_pkg/lib/my_cpp_pkg/cpp_node
[5.866s] -- Set runtime path of "/home/krishil/ros2_ws/install/my_cpp_pkg/lib/my_cpp_pkg/cpp_node" to ""
[5.866s] -- Up-to-date: /home/krishil/ros2_ws/install/my_cpp_pkg/share/ament_index/resource_index/package_run_dependencies/my_cpp_pkg
[5.866s] -- Installing: /home/krishil/ros2_ws/install/my_cpp_pkg/share/ament_index/resource_index/parent_prefix_path/my_cpp_pkg
[5.867s] -- Up-to-date: /home/krishil/ros2_ws/install/my_cpp_pkg/share/my_cpp_pkg/environment/ament_prefix_path.sh
[5.867s] -- Installing: /home/krishil/ros2_ws/install/my_cpp_pkg/share/my_cpp_pkg/environment/ament_prefix_path.dsv
[5.867s] -- Up-to-date: /home/krishil/ros2_ws/install/my_cpp_pkg/share/my_cpp_pkg/environment/path.sh
[5.867s] -- Installing: /home/krishil/ros2_ws/install/my_cpp_pkg/share/my_cpp_pkg/environment/path.dsv
[5.867s] -- Up-to-date: /home/krishil/ros2_ws/install/my_cpp_pkg/share/my_cpp_pkg/local_setup.bash
[5.867s] -- Up-to-date: /home/krishil/ros2_ws/install/my_cpp_pkg/share/my_cpp_pkg/local_setup.sh
[5.867s] -- Up-to-date: /home/krishil/ros2_ws/install/my_cpp_pkg/share/my_cpp_pkg/local_setup.zsh
[5.867s] -- Installing: /home/krishil/ros2_ws/install/my_cpp_pkg/share/my_cpp_pkg/local_setup.dsv
[5.867s] -- Installing: /home/krishil/ros2_ws/install/my_cpp_pkg/share/my_cpp_pkg/package.dsv
[5.868s] -- Up-to-date: /home/krishil/ros2_ws/install/my_cpp_pkg/share/ament_index/resource_index/packages/my_cpp_pkg
[5.869s] -- Up-to-date: /home/krishil/ros2_ws/install/my_cpp_pkg/share/my_cpp_pkg/cmake/my_cpp_pkgConfig.cmake
[5.869s] -- Up-to-date: /home/krishil/ros2_ws/install/my_cpp_pkg/share/my_cpp_pkg/cmake/my_cpp_pkgConfig-version.cmake
[5.869s] -- Up-to-date: /home/krishil/ros2_ws/install/my_cpp_pkg/share/my_cpp_pkg/package.xml
[5.872s] Invoked command in '/home/krishil/ros2_ws/build/my_cpp_pkg' returned '0': CMAKE_PREFIX_PATH=${CMAKE_PREFIX_PATH}:/home/krishil/ros2_ws/install/my_py_pkg:/opt/ros/humble /usr/bin/cmake --install /home/krishil/ros2_ws/build/my_cpp_pkg
