[1.012s] Invoking command in '/home/krishil/ros2_ws/src/my_py_pkg': PYTHONPATH=/home/krishil/ros2_ws/build/my_py_pkg/prefix_override:/usr/lib/python3/dist-packages/colcon_core/task/python/colcon_distutils_commands:/home/krishil/ros2_ws/install/my_py_pkg/lib/python3.10/site-packages:${PYTHONPATH} /usr/bin/python3 -W ignore:setup.py install is deprecated setup.py egg_info --egg-base ../../build/my_py_pkg build --build-base /home/krishil/ros2_ws/build/my_py_pkg/build install --record /home/krishil/ros2_ws/build/my_py_pkg/install.log --single-version-externally-managed install_data
[1.482s] running egg_info
[1.482s] writing ../../build/my_py_pkg/my_py_pkg.egg-info/PKG-INFO
[1.482s] writing dependency_links to ../../build/my_py_pkg/my_py_pkg.egg-info/dependency_links.txt
[1.485s] writing entry points to ../../build/my_py_pkg/my_py_pkg.egg-info/entry_points.txt
[1.485s] writing requirements to ../../build/my_py_pkg/my_py_pkg.egg-info/requires.txt
[1.485s] writing top-level names to ../../build/my_py_pkg/my_py_pkg.egg-info/top_level.txt
[1.496s] reading manifest file '../../build/my_py_pkg/my_py_pkg.egg-info/SOURCES.txt'
[1.496s] writing manifest file '../../build/my_py_pkg/my_py_pkg.egg-info/SOURCES.txt'
[1.496s] running build
[1.496s] running build_py
[1.496s] copying my_py_pkg/add_two_ints_client_no_oop.py -> /home/krishil/ros2_ws/build/my_py_pkg/build/lib/my_py_pkg
[1.496s] copying my_py_pkg/add_two_ints_client_oop.py -> /home/krishil/ros2_ws/build/my_py_pkg/build/lib/my_py_pkg
[1.497s] running install
[1.498s] running install_lib
[1.498s] copying /home/krishil/ros2_ws/build/my_py_pkg/build/lib/my_py_pkg/add_two_ints_client_no_oop.py -> /home/krishil/ros2_ws/install/my_py_pkg/lib/python3.10/site-packages/my_py_pkg
[1.498s] copying /home/krishil/ros2_ws/build/my_py_pkg/build/lib/my_py_pkg/add_two_ints_client_oop.py -> /home/krishil/ros2_ws/install/my_py_pkg/lib/python3.10/site-packages/my_py_pkg
[1.498s] byte-compiling /home/krishil/ros2_ws/install/my_py_pkg/lib/python3.10/site-packages/my_py_pkg/add_two_ints_client_no_oop.py to add_two_ints_client_no_oop.cpython-310.pyc
[1.500s] byte-compiling /home/krishil/ros2_ws/install/my_py_pkg/lib/python3.10/site-packages/my_py_pkg/add_two_ints_client_oop.py to add_two_ints_client_oop.cpython-310.pyc
[1.501s] running install_data
[1.501s] running install_egg_info
[1.513s] removing '/home/krishil/ros2_ws/install/my_py_pkg/lib/python3.10/site-packages/my_py_pkg-0.0.0-py3.10.egg-info' (and everything under it)
[1.514s] Copying ../../build/my_py_pkg/my_py_pkg.egg-info to /home/krishil/ros2_ws/install/my_py_pkg/lib/python3.10/site-packages/my_py_pkg-0.0.0-py3.10.egg-info
[1.514s] running install_scripts
[1.535s] Installing add_two_ints_client_no_oop script to /home/krishil/ros2_ws/install/my_py_pkg/lib/my_py_pkg
[1.536s] Installing add_two_ints_server script to /home/krishil/ros2_ws/install/my_py_pkg/lib/my_py_pkg
[1.538s] Installing number_counter script to /home/krishil/ros2_ws/install/my_py_pkg/lib/my_py_pkg
[1.538s] Installing pynode script to /home/krishil/ros2_ws/install/my_py_pkg/lib/my_py_pkg
[1.539s] Installing robot_news_station script to /home/krishil/ros2_ws/install/my_py_pkg/lib/my_py_pkg
[1.539s] writing list of installed files to '/home/krishil/ros2_ws/build/my_py_pkg/install.log'
[1.645s] Invoked command in '/home/krishil/ros2_ws/src/my_py_pkg' returned '0': PYTHONPATH=/home/krishil/ros2_ws/build/my_py_pkg/prefix_override:/usr/lib/python3/dist-packages/colcon_core/task/python/colcon_distutils_commands:/home/krishil/ros2_ws/install/my_py_pkg/lib/python3.10/site-packages:${PYTHONPATH} /usr/bin/python3 -W ignore:setup.py install is deprecated setup.py egg_info --egg-base ../../build/my_py_pkg build --build-base /home/krishil/ros2_ws/build/my_py_pkg/build install --record /home/krishil/ros2_ws/build/my_py_pkg/install.log --single-version-externally-managed install_data
