[0.121s] DEBUG:colcon:Command line arguments: ['/usr/bin/colcon', 'build']
[0.121s] DEBUG:colcon:Parsed command line arguments: Namespace(log_base=None, log_level=None, verb_name='build', build_base='build', install_base='install', merge_install=False, symlink_install=False, test_result_base=None, continue_on_error=False, executor='parallel', parallel_workers=3, event_handlers=None, ignore_user_meta=False, metas=['./colcon.meta'], base_paths=['.'], packages_ignore=None, packages_ignore_regex=None, paths=None, packages_up_to=None, packages_up_to_regex=None, packages_above=None, packages_above_and_dependencies=None, packages_above_depth=None, packages_select_by_dep=None, packages_skip_by_dep=None, packages_skip_up_to=None, packages_select_build_failed=False, packages_skip_build_finished=False, packages_select_test_failures=False, packages_skip_test_passed=False, packages_select=None, packages_skip=None, packages_select_regex=None, packages_skip_regex=None, packages_start=None, packages_end=None, allow_overriding=[], cmake_args=None, cmake_target=None, cmake_target_skip_unavailable=False, cmake_clean_cache=False, cmake_clean_first=False, cmake_force_configure=False, ament_cmake_args=None, catkin_cmake_args=None, catkin_skip_building_tests=False, verb_parser=<colcon_defaults.argument_parser.defaults.DefaultArgumentsDecorator object at 0x796ba18c42e0>, verb_extension=<colcon_core.verb.build.BuildVerb object at 0x796ba19b8e80>, main=<bound method BuildVerb.main of <colcon_core.verb.build.BuildVerb object at 0x796ba19b8e80>>)
[0.264s] Level 1:colcon.colcon_core.package_discovery:discover_packages(colcon_meta) check parameters
[0.265s] Level 1:colcon.colcon_core.package_discovery:discover_packages(recursive) check parameters
[0.265s] Level 1:colcon.colcon_core.package_discovery:discover_packages(ignore) check parameters
[0.265s] Level 1:colcon.colcon_core.package_discovery:discover_packages(path) check parameters
[0.265s] Level 1:colcon.colcon_core.package_discovery:discover_packages(colcon_meta) discover
[0.265s] Level 1:colcon.colcon_core.package_discovery:discover_packages(recursive) discover
[0.265s] INFO:colcon.colcon_core.package_discovery:Crawling recursively for packages in '/home/krishil/ros2_ws'
[0.265s] Level 1:colcon.colcon_core.package_identification:_identify(.) by extensions ['ignore', 'ignore_ament_install']
[0.265s] Level 1:colcon.colcon_core.package_identification:_identify(.) by extension 'ignore'
[0.265s] Level 1:colcon.colcon_core.package_identification:_identify(.) by extension 'ignore_ament_install'
[0.265s] Level 1:colcon.colcon_core.package_identification:_identify(.) by extensions ['colcon_pkg']
[0.265s] Level 1:colcon.colcon_core.package_identification:_identify(.) by extension 'colcon_pkg'
[0.265s] Level 1:colcon.colcon_core.package_identification:_identify(.) by extensions ['colcon_meta']
[0.265s] Level 1:colcon.colcon_core.package_identification:_identify(.) by extension 'colcon_meta'
[0.265s] Level 1:colcon.colcon_core.package_identification:_identify(.) by extensions ['ros']
[0.265s] Level 1:colcon.colcon_core.package_identification:_identify(.) by extension 'ros'
[0.275s] Level 1:colcon.colcon_core.package_identification:_identify(.) by extensions ['cmake', 'python']
[0.275s] Level 1:colcon.colcon_core.package_identification:_identify(.) by extension 'cmake'
[0.275s] Level 1:colcon.colcon_core.package_identification:_identify(.) by extension 'python'
[0.275s] Level 1:colcon.colcon_core.package_identification:_identify(.) by extensions ['python_setup_py']
[0.275s] Level 1:colcon.colcon_core.package_identification:_identify(.) by extension 'python_setup_py'
[0.275s] Level 1:colcon.colcon_core.package_identification:_identify(build) by extensions ['ignore', 'ignore_ament_install']
[0.275s] Level 1:colcon.colcon_core.package_identification:_identify(build) by extension 'ignore'
[0.275s] Level 1:colcon.colcon_core.package_identification:_identify(build) ignored
[0.275s] Level 1:colcon.colcon_core.package_identification:_identify(install) by extensions ['ignore', 'ignore_ament_install']
[0.275s] Level 1:colcon.colcon_core.package_identification:_identify(install) by extension 'ignore'
[0.276s] Level 1:colcon.colcon_core.package_identification:_identify(install) ignored
[0.276s] Level 1:colcon.colcon_core.package_identification:_identify(log) by extensions ['ignore', 'ignore_ament_install']
[0.276s] Level 1:colcon.colcon_core.package_identification:_identify(log) by extension 'ignore'
[0.276s] Level 1:colcon.colcon_core.package_identification:_identify(log) ignored
[0.276s] Level 1:colcon.colcon_core.package_identification:_identify(src) by extensions ['ignore', 'ignore_ament_install']
[0.276s] Level 1:colcon.colcon_core.package_identification:_identify(src) by extension 'ignore'
[0.276s] Level 1:colcon.colcon_core.package_identification:_identify(src) by extension 'ignore_ament_install'
[0.276s] Level 1:colcon.colcon_core.package_identification:_identify(src) by extensions ['colcon_pkg']
[0.276s] Level 1:colcon.colcon_core.package_identification:_identify(src) by extension 'colcon_pkg'
[0.276s] Level 1:colcon.colcon_core.package_identification:_identify(src) by extensions ['colcon_meta']
[0.276s] Level 1:colcon.colcon_core.package_identification:_identify(src) by extension 'colcon_meta'
[0.276s] Level 1:colcon.colcon_core.package_identification:_identify(src) by extensions ['ros']
[0.276s] Level 1:colcon.colcon_core.package_identification:_identify(src) by extension 'ros'
[0.276s] Level 1:colcon.colcon_core.package_identification:_identify(src) by extensions ['cmake', 'python']
[0.276s] Level 1:colcon.colcon_core.package_identification:_identify(src) by extension 'cmake'
[0.276s] Level 1:colcon.colcon_core.package_identification:_identify(src) by extension 'python'
[0.276s] Level 1:colcon.colcon_core.package_identification:_identify(src) by extensions ['python_setup_py']
[0.276s] Level 1:colcon.colcon_core.package_identification:_identify(src) by extension 'python_setup_py'
[0.276s] Level 1:colcon.colcon_core.package_identification:_identify(src/build) by extensions ['ignore', 'ignore_ament_install']
[0.277s] Level 1:colcon.colcon_core.package_identification:_identify(src/build) by extension 'ignore'
[0.277s] Level 1:colcon.colcon_core.package_identification:_identify(src/build) ignored
[0.277s] Level 1:colcon.colcon_core.package_identification:_identify(src/install) by extensions ['ignore', 'ignore_ament_install']
[0.277s] Level 1:colcon.colcon_core.package_identification:_identify(src/install) by extension 'ignore'
[0.277s] Level 1:colcon.colcon_core.package_identification:_identify(src/install) ignored
[0.277s] Level 1:colcon.colcon_core.package_identification:_identify(src/log) by extensions ['ignore', 'ignore_ament_install']
[0.277s] Level 1:colcon.colcon_core.package_identification:_identify(src/log) by extension 'ignore'
[0.277s] Level 1:colcon.colcon_core.package_identification:_identify(src/log) ignored
[0.277s] Level 1:colcon.colcon_core.package_identification:_identify(src/my_cpp_pkg) by extensions ['ignore', 'ignore_ament_install']
[0.277s] Level 1:colcon.colcon_core.package_identification:_identify(src/my_cpp_pkg) by extension 'ignore'
[0.277s] Level 1:colcon.colcon_core.package_identification:_identify(src/my_cpp_pkg) by extension 'ignore_ament_install'
[0.277s] Level 1:colcon.colcon_core.package_identification:_identify(src/my_cpp_pkg) by extensions ['colcon_pkg']
[0.277s] Level 1:colcon.colcon_core.package_identification:_identify(src/my_cpp_pkg) by extension 'colcon_pkg'
[0.277s] Level 1:colcon.colcon_core.package_identification:_identify(src/my_cpp_pkg) by extensions ['colcon_meta']
[0.277s] Level 1:colcon.colcon_core.package_identification:_identify(src/my_cpp_pkg) by extension 'colcon_meta'
[0.277s] Level 1:colcon.colcon_core.package_identification:_identify(src/my_cpp_pkg) by extensions ['ros']
[0.277s] Level 1:colcon.colcon_core.package_identification:_identify(src/my_cpp_pkg) by extension 'ros'
[0.280s] DEBUG:colcon.colcon_core.package_identification:Package 'src/my_cpp_pkg' with type 'ros.ament_cmake' and name 'my_cpp_pkg'
[0.280s] Level 1:colcon.colcon_core.package_identification:_identify(src/my_py_pkg) by extensions ['ignore', 'ignore_ament_install']
[0.280s] Level 1:colcon.colcon_core.package_identification:_identify(src/my_py_pkg) by extension 'ignore'
[0.280s] Level 1:colcon.colcon_core.package_identification:_identify(src/my_py_pkg) by extension 'ignore_ament_install'
[0.280s] Level 1:colcon.colcon_core.package_identification:_identify(src/my_py_pkg) by extensions ['colcon_pkg']
[0.280s] Level 1:colcon.colcon_core.package_identification:_identify(src/my_py_pkg) by extension 'colcon_pkg'
[0.280s] Level 1:colcon.colcon_core.package_identification:_identify(src/my_py_pkg) by extensions ['colcon_meta']
[0.280s] Level 1:colcon.colcon_core.package_identification:_identify(src/my_py_pkg) by extension 'colcon_meta'
[0.280s] Level 1:colcon.colcon_core.package_identification:_identify(src/my_py_pkg) by extensions ['ros']
[0.280s] Level 1:colcon.colcon_core.package_identification:_identify(src/my_py_pkg) by extension 'ros'
[0.281s] DEBUG:colcon.colcon_core.package_identification:Package 'src/my_py_pkg' with type 'ros.ament_python' and name 'my_py_pkg'
[0.281s] Level 1:colcon.colcon_core.package_identification:_identify(src/my_robot_interfaces) by extensions ['ignore', 'ignore_ament_install']
[0.281s] Level 1:colcon.colcon_core.package_identification:_identify(src/my_robot_interfaces) by extension 'ignore'
[0.281s] Level 1:colcon.colcon_core.package_identification:_identify(src/my_robot_interfaces) by extension 'ignore_ament_install'
[0.281s] Level 1:colcon.colcon_core.package_identification:_identify(src/my_robot_interfaces) by extensions ['colcon_pkg']
[0.281s] Level 1:colcon.colcon_core.package_identification:_identify(src/my_robot_interfaces) by extension 'colcon_pkg'
[0.281s] Level 1:colcon.colcon_core.package_identification:_identify(src/my_robot_interfaces) by extensions ['colcon_meta']
[0.281s] Level 1:colcon.colcon_core.package_identification:_identify(src/my_robot_interfaces) by extension 'colcon_meta'
[0.281s] Level 1:colcon.colcon_core.package_identification:_identify(src/my_robot_interfaces) by extensions ['ros']
[0.281s] Level 1:colcon.colcon_core.package_identification:_identify(src/my_robot_interfaces) by extension 'ros'
[0.282s] DEBUG:colcon.colcon_core.package_identification:Package 'src/my_robot_interfaces' with type 'ros.ament_cmake' and name 'my_robot_interfaces'
[0.282s] Level 1:colcon.colcon_core.package_discovery:discover_packages(recursive) using defaults
[0.282s] Level 1:colcon.colcon_core.package_discovery:discover_packages(ignore) discover
[0.282s] Level 1:colcon.colcon_core.package_discovery:discover_packages(ignore) using defaults
[0.282s] Level 1:colcon.colcon_core.package_discovery:discover_packages(path) discover
[0.282s] Level 1:colcon.colcon_core.package_discovery:discover_packages(path) using defaults
[0.299s] Level 1:colcon.colcon_core.package_discovery:discover_packages(prefix_path) check parameters
[0.299s] Level 1:colcon.colcon_core.package_discovery:discover_packages(prefix_path) discover
[0.300s] DEBUG:colcon.colcon_installed_package_information.package_discovery:Found 3 installed packages in /home/krishil/ros2_ws/install
[0.301s] DEBUG:colcon.colcon_installed_package_information.package_discovery:Found 270 installed packages in /opt/ros/humble
[0.303s] Level 1:colcon.colcon_core.package_discovery:discover_packages(prefix_path) using defaults
[0.343s] Level 5:colcon.colcon_core.verb:set package 'my_robot_interfaces' build argument 'cmake_args' from command line to 'None'
[0.344s] Level 5:colcon.colcon_core.verb:set package 'my_robot_interfaces' build argument 'cmake_target' from command line to 'None'
[0.344s] Level 5:colcon.colcon_core.verb:set package 'my_robot_interfaces' build argument 'cmake_target_skip_unavailable' from command line to 'False'
[0.344s] Level 5:colcon.colcon_core.verb:set package 'my_robot_interfaces' build argument 'cmake_clean_cache' from command line to 'False'
[0.344s] Level 5:colcon.colcon_core.verb:set package 'my_robot_interfaces' build argument 'cmake_clean_first' from command line to 'False'
[0.344s] Level 5:colcon.colcon_core.verb:set package 'my_robot_interfaces' build argument 'cmake_force_configure' from command line to 'False'
[0.344s] Level 5:colcon.colcon_core.verb:set package 'my_robot_interfaces' build argument 'ament_cmake_args' from command line to 'None'
[0.344s] Level 5:colcon.colcon_core.verb:set package 'my_robot_interfaces' build argument 'catkin_cmake_args' from command line to 'None'
[0.344s] Level 5:colcon.colcon_core.verb:set package 'my_robot_interfaces' build argument 'catkin_skip_building_tests' from command line to 'False'
[0.344s] DEBUG:colcon.colcon_core.verb:Building package 'my_robot_interfaces' with the following arguments: {'ament_cmake_args': None, 'build_base': '/home/krishil/ros2_ws/build/my_robot_interfaces', 'catkin_cmake_args': None, 'catkin_skip_building_tests': False, 'cmake_args': None, 'cmake_clean_cache': False, 'cmake_clean_first': False, 'cmake_force_configure': False, 'cmake_target': None, 'cmake_target_skip_unavailable': False, 'install_base': '/home/krishil/ros2_ws/install/my_robot_interfaces', 'merge_install': False, 'path': '/home/krishil/ros2_ws/src/my_robot_interfaces', 'symlink_install': False, 'test_result_base': None}
[0.344s] Level 5:colcon.colcon_core.verb:set package 'my_cpp_pkg' build argument 'cmake_args' from command line to 'None'
[0.344s] Level 5:colcon.colcon_core.verb:set package 'my_cpp_pkg' build argument 'cmake_target' from command line to 'None'
[0.344s] Level 5:colcon.colcon_core.verb:set package 'my_cpp_pkg' build argument 'cmake_target_skip_unavailable' from command line to 'False'
[0.344s] Level 5:colcon.colcon_core.verb:set package 'my_cpp_pkg' build argument 'cmake_clean_cache' from command line to 'False'
[0.344s] Level 5:colcon.colcon_core.verb:set package 'my_cpp_pkg' build argument 'cmake_clean_first' from command line to 'False'
[0.344s] Level 5:colcon.colcon_core.verb:set package 'my_cpp_pkg' build argument 'cmake_force_configure' from command line to 'False'
[0.344s] Level 5:colcon.colcon_core.verb:set package 'my_cpp_pkg' build argument 'ament_cmake_args' from command line to 'None'
[0.344s] Level 5:colcon.colcon_core.verb:set package 'my_cpp_pkg' build argument 'catkin_cmake_args' from command line to 'None'
[0.344s] Level 5:colcon.colcon_core.verb:set package 'my_cpp_pkg' build argument 'catkin_skip_building_tests' from command line to 'False'
[0.344s] DEBUG:colcon.colcon_core.verb:Building package 'my_cpp_pkg' with the following arguments: {'ament_cmake_args': None, 'build_base': '/home/krishil/ros2_ws/build/my_cpp_pkg', 'catkin_cmake_args': None, 'catkin_skip_building_tests': False, 'cmake_args': None, 'cmake_clean_cache': False, 'cmake_clean_first': False, 'cmake_force_configure': False, 'cmake_target': None, 'cmake_target_skip_unavailable': False, 'install_base': '/home/krishil/ros2_ws/install/my_cpp_pkg', 'merge_install': False, 'path': '/home/krishil/ros2_ws/src/my_cpp_pkg', 'symlink_install': False, 'test_result_base': None}
[0.345s] Level 5:colcon.colcon_core.verb:set package 'my_py_pkg' build argument 'cmake_args' from command line to 'None'
[0.345s] Level 5:colcon.colcon_core.verb:set package 'my_py_pkg' build argument 'cmake_target' from command line to 'None'
[0.345s] Level 5:colcon.colcon_core.verb:set package 'my_py_pkg' build argument 'cmake_target_skip_unavailable' from command line to 'False'
[0.345s] Level 5:colcon.colcon_core.verb:set package 'my_py_pkg' build argument 'cmake_clean_cache' from command line to 'False'
[0.345s] Level 5:colcon.colcon_core.verb:set package 'my_py_pkg' build argument 'cmake_clean_first' from command line to 'False'
[0.345s] Level 5:colcon.colcon_core.verb:set package 'my_py_pkg' build argument 'cmake_force_configure' from command line to 'False'
[0.345s] Level 5:colcon.colcon_core.verb:set package 'my_py_pkg' build argument 'ament_cmake_args' from command line to 'None'
[0.345s] Level 5:colcon.colcon_core.verb:set package 'my_py_pkg' build argument 'catkin_cmake_args' from command line to 'None'
[0.345s] Level 5:colcon.colcon_core.verb:set package 'my_py_pkg' build argument 'catkin_skip_building_tests' from command line to 'False'
[0.345s] DEBUG:colcon.colcon_core.verb:Building package 'my_py_pkg' with the following arguments: {'ament_cmake_args': None, 'build_base': '/home/krishil/ros2_ws/build/my_py_pkg', 'catkin_cmake_args': None, 'catkin_skip_building_tests': False, 'cmake_args': None, 'cmake_clean_cache': False, 'cmake_clean_first': False, 'cmake_force_configure': False, 'cmake_target': None, 'cmake_target_skip_unavailable': False, 'install_base': '/home/krishil/ros2_ws/install/my_py_pkg', 'merge_install': False, 'path': '/home/krishil/ros2_ws/src/my_py_pkg', 'symlink_install': False, 'test_result_base': None}
[0.345s] INFO:colcon.colcon_core.executor:Executing jobs using 'parallel' executor
[0.354s] DEBUG:colcon.colcon_parallel_executor.executor.parallel:run_until_complete
[0.355s] INFO:colcon.colcon_ros.task.ament_cmake.build:Building ROS package in '/home/krishil/ros2_ws/src/my_robot_interfaces' with build type 'ament_cmake'
[0.355s] INFO:colcon.colcon_cmake.task.cmake.build:Building CMake package in '/home/krishil/ros2_ws/src/my_robot_interfaces'
[0.362s] INFO:colcon.colcon_core.plugin_system:Skipping extension 'colcon_core.shell.bat': Not used on non-Windows systems
[0.363s] INFO:colcon.colcon_core.shell:Skip shell extension 'powershell' for command environment: Not usable outside of PowerShell
[0.363s] DEBUG:colcon.colcon_core.shell:Skip shell extension 'dsv' for command environment
[0.420s] DEBUG:colcon.colcon_core.event_handler.log_command:Invoking command in '/home/krishil/ros2_ws/build/my_robot_interfaces': CMAKE_PREFIX_PATH=${CMAKE_PREFIX_PATH}:/home/krishil/ros2_ws/install/my_py_pkg:/opt/ros/humble /usr/bin/cmake --build /home/krishil/ros2_ws/build/my_robot_interfaces -- -j3 -l3
[0.974s] DEBUG:colcon.colcon_core.event_handler.log_command:Invoked command in '/home/krishil/ros2_ws/build/my_robot_interfaces' returned '0': CMAKE_PREFIX_PATH=${CMAKE_PREFIX_PATH}:/home/krishil/ros2_ws/install/my_py_pkg:/opt/ros/humble /usr/bin/cmake --build /home/krishil/ros2_ws/build/my_robot_interfaces -- -j3 -l3
[1.352s] DEBUG:colcon.colcon_core.event_handler.log_command:Invoking command in '/home/krishil/ros2_ws/build/my_robot_interfaces': CMAKE_PREFIX_PATH=${CMAKE_PREFIX_PATH}:/home/krishil/ros2_ws/install/my_py_pkg:/opt/ros/humble /usr/bin/cmake --install /home/krishil/ros2_ws/build/my_robot_interfaces
[1.425s] Level 1:colcon.colcon_core.environment:create_environment_scripts_only(my_robot_interfaces)
[1.437s] DEBUG:colcon.colcon_core.event_handler.log_command:Invoked command in '/home/krishil/ros2_ws/build/my_robot_interfaces' returned '0': CMAKE_PREFIX_PATH=${CMAKE_PREFIX_PATH}:/home/krishil/ros2_ws/install/my_py_pkg:/opt/ros/humble /usr/bin/cmake --install /home/krishil/ros2_ws/build/my_robot_interfaces
[1.440s] Level 1:colcon.colcon_core.environment:checking '/home/krishil/ros2_ws/install/my_robot_interfaces' for CMake module files
[1.441s] Level 1:colcon.colcon_core.environment:checking '/home/krishil/ros2_ws/install/my_robot_interfaces' for CMake config files
[1.441s] Level 1:colcon.colcon_core.shell:create_environment_hook('my_robot_interfaces', 'cmake_prefix_path')
[1.441s] INFO:colcon.colcon_core.shell:Creating environment hook '/home/krishil/ros2_ws/install/my_robot_interfaces/share/my_robot_interfaces/hook/cmake_prefix_path.ps1'
[1.444s] INFO:colcon.colcon_core.shell:Creating environment descriptor '/home/krishil/ros2_ws/install/my_robot_interfaces/share/my_robot_interfaces/hook/cmake_prefix_path.dsv'
[1.446s] INFO:colcon.colcon_core.shell:Creating environment hook '/home/krishil/ros2_ws/install/my_robot_interfaces/share/my_robot_interfaces/hook/cmake_prefix_path.sh'
[1.448s] Level 1:colcon.colcon_core.environment:checking '/home/krishil/ros2_ws/install/my_robot_interfaces/lib'
[1.448s] Level 1:colcon.colcon_core.shell:create_environment_hook('my_robot_interfaces', 'ld_library_path_lib')
[1.449s] INFO:colcon.colcon_core.shell:Creating environment hook '/home/krishil/ros2_ws/install/my_robot_interfaces/share/my_robot_interfaces/hook/ld_library_path_lib.ps1'
[1.449s] INFO:colcon.colcon_core.shell:Creating environment descriptor '/home/krishil/ros2_ws/install/my_robot_interfaces/share/my_robot_interfaces/hook/ld_library_path_lib.dsv'
[1.450s] INFO:colcon.colcon_core.shell:Creating environment hook '/home/krishil/ros2_ws/install/my_robot_interfaces/share/my_robot_interfaces/hook/ld_library_path_lib.sh'
[1.450s] Level 1:colcon.colcon_core.environment:checking '/home/krishil/ros2_ws/install/my_robot_interfaces/bin'
[1.450s] Level 1:colcon.colcon_core.environment:checking '/home/krishil/ros2_ws/install/my_robot_interfaces/lib/pkgconfig/my_robot_interfaces.pc'
[1.451s] Level 1:colcon.colcon_core.environment:checking '/home/krishil/ros2_ws/install/my_robot_interfaces/lib/python3.10/site-packages'
[1.451s] Level 1:colcon.colcon_core.environment:checking '/home/krishil/ros2_ws/install/my_robot_interfaces/bin'
[1.451s] INFO:colcon.colcon_core.shell:Creating package script '/home/krishil/ros2_ws/install/my_robot_interfaces/share/my_robot_interfaces/package.ps1'
[1.452s] INFO:colcon.colcon_core.shell:Creating package descriptor '/home/krishil/ros2_ws/install/my_robot_interfaces/share/my_robot_interfaces/package.dsv'
[1.453s] INFO:colcon.colcon_core.shell:Creating package script '/home/krishil/ros2_ws/install/my_robot_interfaces/share/my_robot_interfaces/package.sh'
[1.454s] INFO:colcon.colcon_core.shell:Creating package script '/home/krishil/ros2_ws/install/my_robot_interfaces/share/my_robot_interfaces/package.bash'
[1.455s] INFO:colcon.colcon_core.shell:Creating package script '/home/krishil/ros2_ws/install/my_robot_interfaces/share/my_robot_interfaces/package.zsh'
[1.455s] Level 1:colcon.colcon_core.environment:create_file_with_runtime_dependencies(/home/krishil/ros2_ws/install/my_robot_interfaces/share/colcon-core/packages/my_robot_interfaces)
[1.800s] Level 1:colcon.colcon_core.environment:create_environment_scripts_only(my_robot_interfaces)
[1.801s] Level 1:colcon.colcon_core.environment:checking '/home/krishil/ros2_ws/install/my_robot_interfaces' for CMake module files
[1.802s] Level 1:colcon.colcon_core.environment:checking '/home/krishil/ros2_ws/install/my_robot_interfaces' for CMake config files
[1.802s] Level 1:colcon.colcon_core.shell:create_environment_hook('my_robot_interfaces', 'cmake_prefix_path')
[1.802s] INFO:colcon.colcon_core.shell:Creating environment hook '/home/krishil/ros2_ws/install/my_robot_interfaces/share/my_robot_interfaces/hook/cmake_prefix_path.ps1'
[1.804s] INFO:colcon.colcon_core.shell:Creating environment descriptor '/home/krishil/ros2_ws/install/my_robot_interfaces/share/my_robot_interfaces/hook/cmake_prefix_path.dsv'
[1.805s] INFO:colcon.colcon_core.shell:Creating environment hook '/home/krishil/ros2_ws/install/my_robot_interfaces/share/my_robot_interfaces/hook/cmake_prefix_path.sh'
[1.807s] Level 1:colcon.colcon_core.environment:checking '/home/krishil/ros2_ws/install/my_robot_interfaces/lib'
[1.807s] Level 1:colcon.colcon_core.shell:create_environment_hook('my_robot_interfaces', 'ld_library_path_lib')
[1.810s] INFO:colcon.colcon_core.shell:Creating environment hook '/home/krishil/ros2_ws/install/my_robot_interfaces/share/my_robot_interfaces/hook/ld_library_path_lib.ps1'
[1.814s] INFO:colcon.colcon_core.shell:Creating environment descriptor '/home/krishil/ros2_ws/install/my_robot_interfaces/share/my_robot_interfaces/hook/ld_library_path_lib.dsv'
[1.815s] INFO:colcon.colcon_core.shell:Creating environment hook '/home/krishil/ros2_ws/install/my_robot_interfaces/share/my_robot_interfaces/hook/ld_library_path_lib.sh'
[1.816s] Level 1:colcon.colcon_core.environment:checking '/home/krishil/ros2_ws/install/my_robot_interfaces/bin'
[1.816s] Level 1:colcon.colcon_core.environment:checking '/home/krishil/ros2_ws/install/my_robot_interfaces/lib/pkgconfig/my_robot_interfaces.pc'
[1.817s] Level 1:colcon.colcon_core.environment:checking '/home/krishil/ros2_ws/install/my_robot_interfaces/lib/python3.10/site-packages'
[1.817s] Level 1:colcon.colcon_core.environment:checking '/home/krishil/ros2_ws/install/my_robot_interfaces/bin'
[1.818s] INFO:colcon.colcon_core.shell:Creating package script '/home/krishil/ros2_ws/install/my_robot_interfaces/share/my_robot_interfaces/package.ps1'
[1.819s] INFO:colcon.colcon_core.shell:Creating package descriptor '/home/krishil/ros2_ws/install/my_robot_interfaces/share/my_robot_interfaces/package.dsv'
[1.819s] INFO:colcon.colcon_core.shell:Creating package script '/home/krishil/ros2_ws/install/my_robot_interfaces/share/my_robot_interfaces/package.sh'
[1.822s] INFO:colcon.colcon_core.shell:Creating package script '/home/krishil/ros2_ws/install/my_robot_interfaces/share/my_robot_interfaces/package.bash'
[1.823s] INFO:colcon.colcon_core.shell:Creating package script '/home/krishil/ros2_ws/install/my_robot_interfaces/share/my_robot_interfaces/package.zsh'
[1.824s] Level 1:colcon.colcon_core.environment:create_file_with_runtime_dependencies(/home/krishil/ros2_ws/install/my_robot_interfaces/share/colcon-core/packages/my_robot_interfaces)
[1.833s] INFO:colcon.colcon_ros.task.ament_cmake.build:Building ROS package in '/home/krishil/ros2_ws/src/my_cpp_pkg' with build type 'ament_cmake'
[1.834s] INFO:colcon.colcon_cmake.task.cmake.build:Building CMake package in '/home/krishil/ros2_ws/src/my_cpp_pkg'
[1.834s] INFO:colcon.colcon_core.shell:Skip shell extension 'powershell' for command environment: Not usable outside of PowerShell
[1.835s] DEBUG:colcon.colcon_core.shell:Skip shell extension 'dsv' for command environment
[1.842s] INFO:colcon.colcon_ros.task.ament_python.build:Building ROS package in '/home/krishil/ros2_ws/src/my_py_pkg' with build type 'ament_python'
[1.842s] Level 1:colcon.colcon_core.shell:create_environment_hook('my_py_pkg', 'ament_prefix_path')
[1.843s] INFO:colcon.colcon_core.shell:Creating environment hook '/home/krishil/ros2_ws/install/my_py_pkg/share/my_py_pkg/hook/ament_prefix_path.ps1'
[1.844s] INFO:colcon.colcon_core.shell:Creating environment descriptor '/home/krishil/ros2_ws/install/my_py_pkg/share/my_py_pkg/hook/ament_prefix_path.dsv'
[1.845s] INFO:colcon.colcon_core.shell:Creating environment hook '/home/krishil/ros2_ws/install/my_py_pkg/share/my_py_pkg/hook/ament_prefix_path.sh'
[1.846s] INFO:colcon.colcon_core.shell:Skip shell extension 'powershell' for command environment: Not usable outside of PowerShell
[1.846s] DEBUG:colcon.colcon_core.shell:Skip shell extension 'dsv' for command environment
[1.882s] DEBUG:colcon.colcon_core.event_handler.log_command:Invoking command in '/home/krishil/ros2_ws/build/my_cpp_pkg': AMENT_PREFIX_PATH=/home/krishil/ros2_ws/install/my_robot_interfaces:${AMENT_PREFIX_PATH} CMAKE_PREFIX_PATH=/home/krishil/ros2_ws/install/my_robot_interfaces:/home/krishil/ros2_ws/install/my_cpp_pkg:/home/krishil/ros2_ws/install/my_py_pkg:/opt/ros/humble LD_LIBRARY_PATH=/home/krishil/ros2_ws/install/my_robot_interfaces/lib:${LD_LIBRARY_PATH} PYTHONPATH=/home/krishil/ros2_ws/install/my_robot_interfaces/local/lib/python3.10/dist-packages:${PYTHONPATH} /usr/bin/cmake --build /home/krishil/ros2_ws/build/my_cpp_pkg -- -j3 -l3
[2.288s] INFO:colcon.colcon_core.task.python.build:Building Python package in '/home/krishil/ros2_ws/src/my_py_pkg'
[2.289s] INFO:colcon.colcon_core.shell:Skip shell extension 'powershell' for command environment: Not usable outside of PowerShell
[2.289s] DEBUG:colcon.colcon_core.shell:Skip shell extension 'dsv' for command environment
[2.311s] DEBUG:colcon.colcon_core.event_handler.log_command:Invoked command in '/home/krishil/ros2_ws/build/my_cpp_pkg' returned '0': AMENT_PREFIX_PATH=/home/krishil/ros2_ws/install/my_robot_interfaces:${AMENT_PREFIX_PATH} CMAKE_PREFIX_PATH=/home/krishil/ros2_ws/install/my_robot_interfaces:/home/krishil/ros2_ws/install/my_cpp_pkg:/home/krishil/ros2_ws/install/my_py_pkg:/opt/ros/humble LD_LIBRARY_PATH=/home/krishil/ros2_ws/install/my_robot_interfaces/lib:${LD_LIBRARY_PATH} PYTHONPATH=/home/krishil/ros2_ws/install/my_robot_interfaces/local/lib/python3.10/dist-packages:${PYTHONPATH} /usr/bin/cmake --build /home/krishil/ros2_ws/build/my_cpp_pkg -- -j3 -l3
[2.464s] DEBUG:colcon.colcon_core.event_handler.log_command:Invoking command in '/home/krishil/ros2_ws/build/my_cpp_pkg': AMENT_PREFIX_PATH=/home/krishil/ros2_ws/install/my_robot_interfaces:${AMENT_PREFIX_PATH} CMAKE_PREFIX_PATH=/home/krishil/ros2_ws/install/my_robot_interfaces:/home/krishil/ros2_ws/install/my_cpp_pkg:/home/krishil/ros2_ws/install/my_py_pkg:/opt/ros/humble LD_LIBRARY_PATH=/home/krishil/ros2_ws/install/my_robot_interfaces/lib:${LD_LIBRARY_PATH} PYTHONPATH=/home/krishil/ros2_ws/install/my_robot_interfaces/local/lib/python3.10/dist-packages:${PYTHONPATH} /usr/bin/cmake --install /home/krishil/ros2_ws/build/my_cpp_pkg
[2.511s] Level 1:colcon.colcon_core.environment:create_environment_scripts_only(my_cpp_pkg)
[2.512s] Level 1:colcon.colcon_core.environment:checking '/home/krishil/ros2_ws/install/my_cpp_pkg' for CMake module files
[2.512s] Level 1:colcon.colcon_core.environment:checking '/home/krishil/ros2_ws/install/my_cpp_pkg' for CMake config files
[2.513s] Level 1:colcon.colcon_core.shell:create_environment_hook('my_cpp_pkg', 'cmake_prefix_path')
[2.513s] INFO:colcon.colcon_core.shell:Creating environment hook '/home/krishil/ros2_ws/install/my_cpp_pkg/share/my_cpp_pkg/hook/cmake_prefix_path.ps1'
[2.516s] DEBUG:colcon.colcon_core.event_handler.log_command:Invoked command in '/home/krishil/ros2_ws/build/my_cpp_pkg' returned '0': AMENT_PREFIX_PATH=/home/krishil/ros2_ws/install/my_robot_interfaces:${AMENT_PREFIX_PATH} CMAKE_PREFIX_PATH=/home/krishil/ros2_ws/install/my_robot_interfaces:/home/krishil/ros2_ws/install/my_cpp_pkg:/home/krishil/ros2_ws/install/my_py_pkg:/opt/ros/humble LD_LIBRARY_PATH=/home/krishil/ros2_ws/install/my_robot_interfaces/lib:${LD_LIBRARY_PATH} PYTHONPATH=/home/krishil/ros2_ws/install/my_robot_interfaces/local/lib/python3.10/dist-packages:${PYTHONPATH} /usr/bin/cmake --install /home/krishil/ros2_ws/build/my_cpp_pkg
[2.516s] INFO:colcon.colcon_core.shell:Creating environment descriptor '/home/krishil/ros2_ws/install/my_cpp_pkg/share/my_cpp_pkg/hook/cmake_prefix_path.dsv'
[2.517s] INFO:colcon.colcon_core.shell:Creating environment hook '/home/krishil/ros2_ws/install/my_cpp_pkg/share/my_cpp_pkg/hook/cmake_prefix_path.sh'
[2.518s] Level 1:colcon.colcon_core.environment:checking '/home/krishil/ros2_ws/install/my_cpp_pkg/lib'
[2.518s] Level 1:colcon.colcon_core.environment:checking '/home/krishil/ros2_ws/install/my_cpp_pkg/bin'
[2.518s] Level 1:colcon.colcon_core.environment:checking '/home/krishil/ros2_ws/install/my_cpp_pkg/lib/pkgconfig/my_cpp_pkg.pc'
[2.518s] Level 1:colcon.colcon_core.environment:checking '/home/krishil/ros2_ws/install/my_cpp_pkg/lib/python3.10/site-packages'
[2.519s] Level 1:colcon.colcon_core.environment:checking '/home/krishil/ros2_ws/install/my_cpp_pkg/bin'
[2.519s] INFO:colcon.colcon_core.shell:Creating package script '/home/krishil/ros2_ws/install/my_cpp_pkg/share/my_cpp_pkg/package.ps1'
[2.519s] INFO:colcon.colcon_core.shell:Creating package descriptor '/home/krishil/ros2_ws/install/my_cpp_pkg/share/my_cpp_pkg/package.dsv'
[2.520s] INFO:colcon.colcon_core.shell:Creating package script '/home/krishil/ros2_ws/install/my_cpp_pkg/share/my_cpp_pkg/package.sh'
[2.520s] INFO:colcon.colcon_core.shell:Creating package script '/home/krishil/ros2_ws/install/my_cpp_pkg/share/my_cpp_pkg/package.bash'
[2.521s] INFO:colcon.colcon_core.shell:Creating package script '/home/krishil/ros2_ws/install/my_cpp_pkg/share/my_cpp_pkg/package.zsh'
[2.522s] Level 1:colcon.colcon_core.environment:create_file_with_runtime_dependencies(/home/krishil/ros2_ws/install/my_cpp_pkg/share/colcon-core/packages/my_cpp_pkg)
[2.679s] Level 1:colcon.colcon_core.environment:create_environment_scripts_only(my_cpp_pkg)
[2.679s] Level 1:colcon.colcon_core.environment:checking '/home/krishil/ros2_ws/install/my_cpp_pkg' for CMake module files
[2.688s] Level 1:colcon.colcon_core.environment:checking '/home/krishil/ros2_ws/install/my_cpp_pkg' for CMake config files
[2.688s] Level 1:colcon.colcon_core.shell:create_environment_hook('my_cpp_pkg', 'cmake_prefix_path')
[2.689s] INFO:colcon.colcon_core.shell:Creating environment hook '/home/krishil/ros2_ws/install/my_cpp_pkg/share/my_cpp_pkg/hook/cmake_prefix_path.ps1'
[2.692s] INFO:colcon.colcon_core.shell:Creating environment descriptor '/home/krishil/ros2_ws/install/my_cpp_pkg/share/my_cpp_pkg/hook/cmake_prefix_path.dsv'
[2.694s] INFO:colcon.colcon_core.shell:Creating environment hook '/home/krishil/ros2_ws/install/my_cpp_pkg/share/my_cpp_pkg/hook/cmake_prefix_path.sh'
[2.695s] Level 1:colcon.colcon_core.environment:checking '/home/krishil/ros2_ws/install/my_cpp_pkg/lib'
[2.695s] Level 1:colcon.colcon_core.environment:checking '/home/krishil/ros2_ws/install/my_cpp_pkg/bin'
[2.695s] Level 1:colcon.colcon_core.environment:checking '/home/krishil/ros2_ws/install/my_cpp_pkg/lib/pkgconfig/my_cpp_pkg.pc'
[2.696s] Level 1:colcon.colcon_core.environment:checking '/home/krishil/ros2_ws/install/my_cpp_pkg/lib/python3.10/site-packages'
[2.696s] Level 1:colcon.colcon_core.environment:checking '/home/krishil/ros2_ws/install/my_cpp_pkg/bin'
[2.697s] INFO:colcon.colcon_core.shell:Creating package script '/home/krishil/ros2_ws/install/my_cpp_pkg/share/my_cpp_pkg/package.ps1'
[2.698s] INFO:colcon.colcon_core.shell:Creating package descriptor '/home/krishil/ros2_ws/install/my_cpp_pkg/share/my_cpp_pkg/package.dsv'
[2.700s] INFO:colcon.colcon_core.shell:Creating package script '/home/krishil/ros2_ws/install/my_cpp_pkg/share/my_cpp_pkg/package.sh'
[2.703s] INFO:colcon.colcon_core.shell:Creating package script '/home/krishil/ros2_ws/install/my_cpp_pkg/share/my_cpp_pkg/package.bash'
[2.704s] INFO:colcon.colcon_core.shell:Creating package script '/home/krishil/ros2_ws/install/my_cpp_pkg/share/my_cpp_pkg/package.zsh'
[2.707s] Level 1:colcon.colcon_core.environment:create_file_with_runtime_dependencies(/home/krishil/ros2_ws/install/my_cpp_pkg/share/colcon-core/packages/my_cpp_pkg)
[2.802s] DEBUG:colcon.colcon_core.event_handler.log_command:Invoking command in '/home/krishil/ros2_ws/src/my_py_pkg': AMENT_PREFIX_PATH=/home/krishil/ros2_ws/install/my_robot_interfaces:${AMENT_PREFIX_PATH} CMAKE_PREFIX_PATH=/home/krishil/ros2_ws/install/my_robot_interfaces:${CMAKE_PREFIX_PATH} LD_LIBRARY_PATH=/home/krishil/ros2_ws/install/my_robot_interfaces/lib:${LD_LIBRARY_PATH} PYTHONPATH=/home/krishil/ros2_ws/build/my_py_pkg/prefix_override:/usr/lib/python3/dist-packages/colcon_core/task/python/colcon_distutils_commands:/home/krishil/ros2_ws/install/my_py_pkg/lib/python3.10/site-packages:/home/krishil/ros2_ws/install/my_robot_interfaces/local/lib/python3.10/dist-packages:${PYTHONPATH} /usr/bin/python3 -W ignore:setup.py install is deprecated setup.py egg_info --egg-base ../../build/my_py_pkg build --build-base /home/krishil/ros2_ws/build/my_py_pkg/build install --record /home/krishil/ros2_ws/build/my_py_pkg/install.log --single-version-externally-managed install_data
[3.171s] Level 1:colcon.colcon_core.environment:checking '/home/krishil/ros2_ws/install/my_py_pkg' for CMake module files
[3.172s] Level 1:colcon.colcon_core.environment:checking '/home/krishil/ros2_ws/install/my_py_pkg' for CMake config files
[3.173s] DEBUG:colcon.colcon_core.event_handler.log_command:Invoked command in '/home/krishil/ros2_ws/src/my_py_pkg' returned '0': AMENT_PREFIX_PATH=/home/krishil/ros2_ws/install/my_robot_interfaces:${AMENT_PREFIX_PATH} CMAKE_PREFIX_PATH=/home/krishil/ros2_ws/install/my_robot_interfaces:${CMAKE_PREFIX_PATH} LD_LIBRARY_PATH=/home/krishil/ros2_ws/install/my_robot_interfaces/lib:${LD_LIBRARY_PATH} PYTHONPATH=/home/krishil/ros2_ws/build/my_py_pkg/prefix_override:/usr/lib/python3/dist-packages/colcon_core/task/python/colcon_distutils_commands:/home/krishil/ros2_ws/install/my_py_pkg/lib/python3.10/site-packages:/home/krishil/ros2_ws/install/my_robot_interfaces/local/lib/python3.10/dist-packages:${PYTHONPATH} /usr/bin/python3 -W ignore:setup.py install is deprecated setup.py egg_info --egg-base ../../build/my_py_pkg build --build-base /home/krishil/ros2_ws/build/my_py_pkg/build install --record /home/krishil/ros2_ws/build/my_py_pkg/install.log --single-version-externally-managed install_data
[3.174s] Level 1:colcon.colcon_core.environment:checking '/home/krishil/ros2_ws/install/my_py_pkg/lib'
[3.174s] Level 1:colcon.colcon_core.environment:checking '/home/krishil/ros2_ws/install/my_py_pkg/bin'
[3.174s] Level 1:colcon.colcon_core.environment:checking '/home/krishil/ros2_ws/install/my_py_pkg/lib/pkgconfig/my_py_pkg.pc'
[3.175s] Level 1:colcon.colcon_core.environment:checking '/home/krishil/ros2_ws/install/my_py_pkg/lib/python3.10/site-packages'
[3.175s] Level 1:colcon.colcon_core.shell:create_environment_hook('my_py_pkg', 'pythonpath')
[3.175s] INFO:colcon.colcon_core.shell:Creating environment hook '/home/krishil/ros2_ws/install/my_py_pkg/share/my_py_pkg/hook/pythonpath.ps1'
[3.176s] INFO:colcon.colcon_core.shell:Creating environment descriptor '/home/krishil/ros2_ws/install/my_py_pkg/share/my_py_pkg/hook/pythonpath.dsv'
[3.177s] INFO:colcon.colcon_core.shell:Creating environment hook '/home/krishil/ros2_ws/install/my_py_pkg/share/my_py_pkg/hook/pythonpath.sh'
[3.178s] Level 1:colcon.colcon_core.environment:checking '/home/krishil/ros2_ws/install/my_py_pkg/bin'
[3.178s] Level 1:colcon.colcon_core.environment:create_environment_scripts_only(my_py_pkg)
[3.178s] INFO:colcon.colcon_core.shell:Creating package script '/home/krishil/ros2_ws/install/my_py_pkg/share/my_py_pkg/package.ps1'
[3.179s] INFO:colcon.colcon_core.shell:Creating package descriptor '/home/krishil/ros2_ws/install/my_py_pkg/share/my_py_pkg/package.dsv'
[3.180s] INFO:colcon.colcon_core.shell:Creating package script '/home/krishil/ros2_ws/install/my_py_pkg/share/my_py_pkg/package.sh'
[3.181s] INFO:colcon.colcon_core.shell:Creating package script '/home/krishil/ros2_ws/install/my_py_pkg/share/my_py_pkg/package.bash'
[3.182s] INFO:colcon.colcon_core.shell:Creating package script '/home/krishil/ros2_ws/install/my_py_pkg/share/my_py_pkg/package.zsh'
[3.184s] Level 1:colcon.colcon_core.environment:create_file_with_runtime_dependencies(/home/krishil/ros2_ws/install/my_py_pkg/share/colcon-core/packages/my_py_pkg)
[3.184s] DEBUG:colcon.colcon_parallel_executor.executor.parallel:closing loop
[3.186s] DEBUG:colcon.colcon_parallel_executor.executor.parallel:loop closed
[3.186s] DEBUG:colcon.colcon_parallel_executor.executor.parallel:run_until_complete finished with '0'
[3.186s] DEBUG:colcon.colcon_core.event_reactor:joining thread
[3.192s] INFO:colcon.colcon_core.plugin_system:Skipping extension 'colcon_notification.desktop_notification.terminal_notifier': Not used on non-Darwin systems
[3.192s] INFO:colcon.colcon_core.plugin_system:Skipping extension 'colcon_notification.desktop_notification.win32': Not used on non-Windows systems
[3.192s] INFO:colcon.colcon_notification.desktop_notification:Sending desktop notification using 'notify2'
[3.217s] DEBUG:colcon.colcon_core.event_reactor:joined thread
[3.218s] INFO:colcon.colcon_core.shell:Creating prefix script '/home/krishil/ros2_ws/install/local_setup.ps1'
[3.219s] INFO:colcon.colcon_core.shell:Creating prefix util module '/home/krishil/ros2_ws/install/_local_setup_util_ps1.py'
[3.221s] INFO:colcon.colcon_core.shell:Creating prefix chain script '/home/krishil/ros2_ws/install/setup.ps1'
[3.222s] INFO:colcon.colcon_core.shell:Creating prefix script '/home/krishil/ros2_ws/install/local_setup.sh'
[3.223s] INFO:colcon.colcon_core.shell:Creating prefix util module '/home/krishil/ros2_ws/install/_local_setup_util_sh.py'
[3.224s] INFO:colcon.colcon_core.shell:Creating prefix chain script '/home/krishil/ros2_ws/install/setup.sh'
[3.226s] INFO:colcon.colcon_core.shell:Creating prefix script '/home/krishil/ros2_ws/install/local_setup.bash'
[3.227s] INFO:colcon.colcon_core.shell:Creating prefix chain script '/home/krishil/ros2_ws/install/setup.bash'
[3.228s] INFO:colcon.colcon_core.shell:Creating prefix script '/home/krishil/ros2_ws/install/local_setup.zsh'
[3.229s] INFO:colcon.colcon_core.shell:Creating prefix chain script '/home/krishil/ros2_ws/install/setup.zsh'
