[0.173s] DEBUG:colcon:Command line arguments: ['/usr/bin/colcon', 'build']
[0.173s] DEBUG:colcon:Parsed command line arguments: Namespace(log_base=None, log_level=None, verb_name='build', build_base='build', install_base='install', merge_install=False, symlink_install=False, test_result_base=None, continue_on_error=False, executor='parallel', parallel_workers=3, event_handlers=None, ignore_user_meta=False, metas=['./colcon.meta'], base_paths=['.'], packages_ignore=None, packages_ignore_regex=None, paths=None, packages_up_to=None, packages_up_to_regex=None, packages_above=None, packages_above_and_dependencies=None, packages_above_depth=None, packages_select_by_dep=None, packages_skip_by_dep=None, packages_skip_up_to=None, packages_select_build_failed=False, packages_skip_build_finished=False, packages_select_test_failures=False, packages_skip_test_passed=False, packages_select=None, packages_skip=None, packages_select_regex=None, packages_skip_regex=None, packages_start=None, packages_end=None, allow_overriding=[], cmake_args=None, cmake_target=None, cmake_target_skip_unavailable=False, cmake_clean_cache=False, cmake_clean_first=False, cmake_force_configure=False, ament_cmake_args=None, catkin_cmake_args=None, catkin_skip_building_tests=False, verb_parser=<colcon_defaults.argument_parser.defaults.DefaultArgumentsDecorator object at 0x74172d08bf40>, verb_extension=<colcon_core.verb.build.BuildVerb object at 0x74172d1bcac0>, main=<bound method BuildVerb.main of <colcon_core.verb.build.BuildVerb object at 0x74172d1bcac0>>)
[0.430s] Level 1:colcon.colcon_core.package_discovery:discover_packages(colcon_meta) check parameters
[0.430s] Level 1:colcon.colcon_core.package_discovery:discover_packages(recursive) check parameters
[0.430s] Level 1:colcon.colcon_core.package_discovery:discover_packages(ignore) check parameters
[0.430s] Level 1:colcon.colcon_core.package_discovery:discover_packages(path) check parameters
[0.430s] Level 1:colcon.colcon_core.package_discovery:discover_packages(colcon_meta) discover
[0.430s] Level 1:colcon.colcon_core.package_discovery:discover_packages(recursive) discover
[0.430s] INFO:colcon.colcon_core.package_discovery:Crawling recursively for packages in '/home/krishil/ros2_ws'
[0.430s] Level 1:colcon.colcon_core.package_identification:_identify(.) by extensions ['ignore', 'ignore_ament_install']
[0.430s] Level 1:colcon.colcon_core.package_identification:_identify(.) by extension 'ignore'
[0.430s] Level 1:colcon.colcon_core.package_identification:_identify(.) by extension 'ignore_ament_install'
[0.430s] Level 1:colcon.colcon_core.package_identification:_identify(.) by extensions ['colcon_pkg']
[0.430s] Level 1:colcon.colcon_core.package_identification:_identify(.) by extension 'colcon_pkg'
[0.430s] Level 1:colcon.colcon_core.package_identification:_identify(.) by extensions ['colcon_meta']
[0.430s] Level 1:colcon.colcon_core.package_identification:_identify(.) by extension 'colcon_meta'
[0.431s] Level 1:colcon.colcon_core.package_identification:_identify(.) by extensions ['ros']
[0.431s] Level 1:colcon.colcon_core.package_identification:_identify(.) by extension 'ros'
[0.449s] Level 1:colcon.colcon_core.package_identification:_identify(.) by extensions ['cmake', 'python']
[0.449s] Level 1:colcon.colcon_core.package_identification:_identify(.) by extension 'cmake'
[0.449s] Level 1:colcon.colcon_core.package_identification:_identify(.) by extension 'python'
[0.449s] Level 1:colcon.colcon_core.package_identification:_identify(.) by extensions ['python_setup_py']
[0.450s] Level 1:colcon.colcon_core.package_identification:_identify(.) by extension 'python_setup_py'
[0.450s] Level 1:colcon.colcon_core.package_identification:_identify(build) by extensions ['ignore', 'ignore_ament_install']
[0.450s] Level 1:colcon.colcon_core.package_identification:_identify(build) by extension 'ignore'
[0.450s] Level 1:colcon.colcon_core.package_identification:_identify(build) ignored
[0.450s] Level 1:colcon.colcon_core.package_identification:_identify(install) by extensions ['ignore', 'ignore_ament_install']
[0.450s] Level 1:colcon.colcon_core.package_identification:_identify(install) by extension 'ignore'
[0.450s] Level 1:colcon.colcon_core.package_identification:_identify(install) ignored
[0.450s] Level 1:colcon.colcon_core.package_identification:_identify(log) by extensions ['ignore', 'ignore_ament_install']
[0.450s] Level 1:colcon.colcon_core.package_identification:_identify(log) by extension 'ignore'
[0.450s] Level 1:colcon.colcon_core.package_identification:_identify(log) ignored
[0.450s] Level 1:colcon.colcon_core.package_identification:_identify(src) by extensions ['ignore', 'ignore_ament_install']
[0.450s] Level 1:colcon.colcon_core.package_identification:_identify(src) by extension 'ignore'
[0.450s] Level 1:colcon.colcon_core.package_identification:_identify(src) by extension 'ignore_ament_install'
[0.451s] Level 1:colcon.colcon_core.package_identification:_identify(src) by extensions ['colcon_pkg']
[0.451s] Level 1:colcon.colcon_core.package_identification:_identify(src) by extension 'colcon_pkg'
[0.451s] Level 1:colcon.colcon_core.package_identification:_identify(src) by extensions ['colcon_meta']
[0.451s] Level 1:colcon.colcon_core.package_identification:_identify(src) by extension 'colcon_meta'
[0.451s] Level 1:colcon.colcon_core.package_identification:_identify(src) by extensions ['ros']
[0.451s] Level 1:colcon.colcon_core.package_identification:_identify(src) by extension 'ros'
[0.451s] Level 1:colcon.colcon_core.package_identification:_identify(src) by extensions ['cmake', 'python']
[0.451s] Level 1:colcon.colcon_core.package_identification:_identify(src) by extension 'cmake'
[0.451s] Level 1:colcon.colcon_core.package_identification:_identify(src) by extension 'python'
[0.451s] Level 1:colcon.colcon_core.package_identification:_identify(src) by extensions ['python_setup_py']
[0.451s] Level 1:colcon.colcon_core.package_identification:_identify(src) by extension 'python_setup_py'
[0.451s] Level 1:colcon.colcon_core.package_identification:_identify(src/my_cpp_pkg) by extensions ['ignore', 'ignore_ament_install']
[0.451s] Level 1:colcon.colcon_core.package_identification:_identify(src/my_cpp_pkg) by extension 'ignore'
[0.451s] Level 1:colcon.colcon_core.package_identification:_identify(src/my_cpp_pkg) by extension 'ignore_ament_install'
[0.451s] Level 1:colcon.colcon_core.package_identification:_identify(src/my_cpp_pkg) by extensions ['colcon_pkg']
[0.451s] Level 1:colcon.colcon_core.package_identification:_identify(src/my_cpp_pkg) by extension 'colcon_pkg'
[0.451s] Level 1:colcon.colcon_core.package_identification:_identify(src/my_cpp_pkg) by extensions ['colcon_meta']
[0.451s] Level 1:colcon.colcon_core.package_identification:_identify(src/my_cpp_pkg) by extension 'colcon_meta'
[0.451s] Level 1:colcon.colcon_core.package_identification:_identify(src/my_cpp_pkg) by extensions ['ros']
[0.451s] Level 1:colcon.colcon_core.package_identification:_identify(src/my_cpp_pkg) by extension 'ros'
[0.459s] DEBUG:colcon.colcon_core.package_identification:Package 'src/my_cpp_pkg' with type 'ros.ament_cmake' and name 'my_cpp_pkg'
[0.459s] Level 1:colcon.colcon_core.package_identification:_identify(src/my_py_pkg) by extensions ['ignore', 'ignore_ament_install']
[0.460s] Level 1:colcon.colcon_core.package_identification:_identify(src/my_py_pkg) by extension 'ignore'
[0.460s] Level 1:colcon.colcon_core.package_identification:_identify(src/my_py_pkg) by extension 'ignore_ament_install'
[0.460s] Level 1:colcon.colcon_core.package_identification:_identify(src/my_py_pkg) by extensions ['colcon_pkg']
[0.460s] Level 1:colcon.colcon_core.package_identification:_identify(src/my_py_pkg) by extension 'colcon_pkg'
[0.460s] Level 1:colcon.colcon_core.package_identification:_identify(src/my_py_pkg) by extensions ['colcon_meta']
[0.460s] Level 1:colcon.colcon_core.package_identification:_identify(src/my_py_pkg) by extension 'colcon_meta'
[0.460s] Level 1:colcon.colcon_core.package_identification:_identify(src/my_py_pkg) by extensions ['ros']
[0.460s] Level 1:colcon.colcon_core.package_identification:_identify(src/my_py_pkg) by extension 'ros'
[0.461s] DEBUG:colcon.colcon_core.package_identification:Package 'src/my_py_pkg' with type 'ros.ament_python' and name 'my_py_pkg'
[0.461s] Level 1:colcon.colcon_core.package_discovery:discover_packages(recursive) using defaults
[0.461s] Level 1:colcon.colcon_core.package_discovery:discover_packages(ignore) discover
[0.461s] Level 1:colcon.colcon_core.package_discovery:discover_packages(ignore) using defaults
[0.461s] Level 1:colcon.colcon_core.package_discovery:discover_packages(path) discover
[0.462s] Level 1:colcon.colcon_core.package_discovery:discover_packages(path) using defaults
[0.501s] Level 1:colcon.colcon_core.package_discovery:discover_packages(prefix_path) check parameters
[0.501s] Level 1:colcon.colcon_core.package_discovery:discover_packages(prefix_path) discover
[0.506s] DEBUG:colcon.colcon_installed_package_information.package_discovery:Found 2 installed packages in /home/krishil/ros2_ws/install
[0.510s] DEBUG:colcon.colcon_installed_package_information.package_discovery:Found 270 installed packages in /opt/ros/humble
[0.511s] Level 1:colcon.colcon_core.package_discovery:discover_packages(prefix_path) using defaults
[0.608s] Level 5:colcon.colcon_core.verb:set package 'my_cpp_pkg' build argument 'cmake_args' from command line to 'None'
[0.608s] Level 5:colcon.colcon_core.verb:set package 'my_cpp_pkg' build argument 'cmake_target' from command line to 'None'
[0.608s] Level 5:colcon.colcon_core.verb:set package 'my_cpp_pkg' build argument 'cmake_target_skip_unavailable' from command line to 'False'
[0.608s] Level 5:colcon.colcon_core.verb:set package 'my_cpp_pkg' build argument 'cmake_clean_cache' from command line to 'False'
[0.608s] Level 5:colcon.colcon_core.verb:set package 'my_cpp_pkg' build argument 'cmake_clean_first' from command line to 'False'
[0.608s] Level 5:colcon.colcon_core.verb:set package 'my_cpp_pkg' build argument 'cmake_force_configure' from command line to 'False'
[0.608s] Level 5:colcon.colcon_core.verb:set package 'my_cpp_pkg' build argument 'ament_cmake_args' from command line to 'None'
[0.608s] Level 5:colcon.colcon_core.verb:set package 'my_cpp_pkg' build argument 'catkin_cmake_args' from command line to 'None'
[0.608s] Level 5:colcon.colcon_core.verb:set package 'my_cpp_pkg' build argument 'catkin_skip_building_tests' from command line to 'False'
[0.608s] DEBUG:colcon.colcon_core.verb:Building package 'my_cpp_pkg' with the following arguments: {'ament_cmake_args': None, 'build_base': '/home/krishil/ros2_ws/build/my_cpp_pkg', 'catkin_cmake_args': None, 'catkin_skip_building_tests': False, 'cmake_args': None, 'cmake_clean_cache': False, 'cmake_clean_first': False, 'cmake_force_configure': False, 'cmake_target': None, 'cmake_target_skip_unavailable': False, 'install_base': '/home/krishil/ros2_ws/install/my_cpp_pkg', 'merge_install': False, 'path': '/home/krishil/ros2_ws/src/my_cpp_pkg', 'symlink_install': False, 'test_result_base': None}
[0.609s] Level 5:colcon.colcon_core.verb:set package 'my_py_pkg' build argument 'cmake_args' from command line to 'None'
[0.609s] Level 5:colcon.colcon_core.verb:set package 'my_py_pkg' build argument 'cmake_target' from command line to 'None'
[0.609s] Level 5:colcon.colcon_core.verb:set package 'my_py_pkg' build argument 'cmake_target_skip_unavailable' from command line to 'False'
[0.609s] Level 5:colcon.colcon_core.verb:set package 'my_py_pkg' build argument 'cmake_clean_cache' from command line to 'False'
[0.609s] Level 5:colcon.colcon_core.verb:set package 'my_py_pkg' build argument 'cmake_clean_first' from command line to 'False'
[0.609s] Level 5:colcon.colcon_core.verb:set package 'my_py_pkg' build argument 'cmake_force_configure' from command line to 'False'
[0.609s] Level 5:colcon.colcon_core.verb:set package 'my_py_pkg' build argument 'ament_cmake_args' from command line to 'None'
[0.609s] Level 5:colcon.colcon_core.verb:set package 'my_py_pkg' build argument 'catkin_cmake_args' from command line to 'None'
[0.609s] Level 5:colcon.colcon_core.verb:set package 'my_py_pkg' build argument 'catkin_skip_building_tests' from command line to 'False'
[0.609s] DEBUG:colcon.colcon_core.verb:Building package 'my_py_pkg' with the following arguments: {'ament_cmake_args': None, 'build_base': '/home/krishil/ros2_ws/build/my_py_pkg', 'catkin_cmake_args': None, 'catkin_skip_building_tests': False, 'cmake_args': None, 'cmake_clean_cache': False, 'cmake_clean_first': False, 'cmake_force_configure': False, 'cmake_target': None, 'cmake_target_skip_unavailable': False, 'install_base': '/home/krishil/ros2_ws/install/my_py_pkg', 'merge_install': False, 'path': '/home/krishil/ros2_ws/src/my_py_pkg', 'symlink_install': False, 'test_result_base': None}
[0.610s] INFO:colcon.colcon_core.executor:Executing jobs using 'parallel' executor
[0.612s] DEBUG:colcon.colcon_parallel_executor.executor.parallel:run_until_complete
[0.613s] INFO:colcon.colcon_ros.task.ament_cmake.build:Building ROS package in '/home/krishil/ros2_ws/src/my_cpp_pkg' with build type 'ament_cmake'
[0.613s] INFO:colcon.colcon_cmake.task.cmake.build:Building CMake package in '/home/krishil/ros2_ws/src/my_cpp_pkg'
[0.616s] INFO:colcon.colcon_core.plugin_system:Skipping extension 'colcon_core.shell.bat': Not used on non-Windows systems
[0.616s] INFO:colcon.colcon_core.shell:Skip shell extension 'powershell' for command environment: Not usable outside of PowerShell
[0.616s] DEBUG:colcon.colcon_core.shell:Skip shell extension 'dsv' for command environment
[0.628s] INFO:colcon.colcon_ros.task.ament_python.build:Building ROS package in '/home/krishil/ros2_ws/src/my_py_pkg' with build type 'ament_python'
[0.628s] Level 1:colcon.colcon_core.shell:create_environment_hook('my_py_pkg', 'ament_prefix_path')
[0.629s] INFO:colcon.colcon_core.shell:Creating environment hook '/home/krishil/ros2_ws/install/my_py_pkg/share/my_py_pkg/hook/ament_prefix_path.ps1'
[0.630s] INFO:colcon.colcon_core.shell:Creating environment descriptor '/home/krishil/ros2_ws/install/my_py_pkg/share/my_py_pkg/hook/ament_prefix_path.dsv'
[0.634s] INFO:colcon.colcon_core.shell:Creating environment hook '/home/krishil/ros2_ws/install/my_py_pkg/share/my_py_pkg/hook/ament_prefix_path.sh'
[0.636s] INFO:colcon.colcon_core.shell:Skip shell extension 'powershell' for command environment: Not usable outside of PowerShell
[0.637s] DEBUG:colcon.colcon_core.shell:Skip shell extension 'dsv' for command environment
[0.663s] DEBUG:colcon.colcon_core.event_handler.log_command:Invoking command in '/home/krishil/ros2_ws/build/my_cpp_pkg': CMAKE_PREFIX_PATH=${CMAKE_PREFIX_PATH}:/home/krishil/ros2_ws/install/my_py_pkg:/opt/ros/humble /usr/bin/cmake --build /home/krishil/ros2_ws/build/my_cpp_pkg -- -j3 -l3
[1.463s] INFO:colcon.colcon_core.task.python.build:Building Python package in '/home/krishil/ros2_ws/src/my_py_pkg'
[1.464s] INFO:colcon.colcon_core.shell:Skip shell extension 'powershell' for command environment: Not usable outside of PowerShell
[1.464s] DEBUG:colcon.colcon_core.shell:Skip shell extension 'dsv' for command environment
[2.650s] DEBUG:colcon.colcon_core.event_handler.log_command:Invoking command in '/home/krishil/ros2_ws/src/my_py_pkg': PYTHONPATH=/home/krishil/ros2_ws/build/my_py_pkg/prefix_override:/usr/lib/python3/dist-packages/colcon_core/task/python/colcon_distutils_commands:/home/krishil/ros2_ws/install/my_py_pkg/lib/python3.10/site-packages:${PYTHONPATH} /usr/bin/python3 -W ignore:setup.py install is deprecated setup.py egg_info --egg-base ../../build/my_py_pkg build --build-base /home/krishil/ros2_ws/build/my_py_pkg/build install --record /home/krishil/ros2_ws/build/my_py_pkg/install.log --single-version-externally-managed install_data
[3.509s] DEBUG:colcon.colcon_core.event_handler.log_command:Invoked command in '/home/krishil/ros2_ws/src/my_py_pkg' returned '0': PYTHONPATH=/home/krishil/ros2_ws/build/my_py_pkg/prefix_override:/usr/lib/python3/dist-packages/colcon_core/task/python/colcon_distutils_commands:/home/krishil/ros2_ws/install/my_py_pkg/lib/python3.10/site-packages:${PYTHONPATH} /usr/bin/python3 -W ignore:setup.py install is deprecated setup.py egg_info --egg-base ../../build/my_py_pkg build --build-base /home/krishil/ros2_ws/build/my_py_pkg/build install --record /home/krishil/ros2_ws/build/my_py_pkg/install.log --single-version-externally-managed install_data
[3.511s] Level 1:colcon.colcon_core.environment:checking '/home/krishil/ros2_ws/install/my_py_pkg' for CMake module files
[3.512s] Level 1:colcon.colcon_core.environment:checking '/home/krishil/ros2_ws/install/my_py_pkg' for CMake config files
[3.512s] Level 1:colcon.colcon_core.environment:checking '/home/krishil/ros2_ws/install/my_py_pkg/lib'
[3.513s] Level 1:colcon.colcon_core.environment:checking '/home/krishil/ros2_ws/install/my_py_pkg/bin'
[3.513s] Level 1:colcon.colcon_core.environment:checking '/home/krishil/ros2_ws/install/my_py_pkg/lib/pkgconfig/my_py_pkg.pc'
[3.513s] Level 1:colcon.colcon_core.environment:checking '/home/krishil/ros2_ws/install/my_py_pkg/lib/python3.10/site-packages'
[3.513s] Level 1:colcon.colcon_core.shell:create_environment_hook('my_py_pkg', 'pythonpath')
[3.513s] INFO:colcon.colcon_core.shell:Creating environment hook '/home/krishil/ros2_ws/install/my_py_pkg/share/my_py_pkg/hook/pythonpath.ps1'
[3.514s] INFO:colcon.colcon_core.shell:Creating environment descriptor '/home/krishil/ros2_ws/install/my_py_pkg/share/my_py_pkg/hook/pythonpath.dsv'
[3.516s] INFO:colcon.colcon_core.shell:Creating environment hook '/home/krishil/ros2_ws/install/my_py_pkg/share/my_py_pkg/hook/pythonpath.sh'
[3.517s] Level 1:colcon.colcon_core.environment:checking '/home/krishil/ros2_ws/install/my_py_pkg/bin'
[3.517s] Level 1:colcon.colcon_core.environment:create_environment_scripts_only(my_py_pkg)
[3.518s] INFO:colcon.colcon_core.shell:Creating package script '/home/krishil/ros2_ws/install/my_py_pkg/share/my_py_pkg/package.ps1'
[3.520s] INFO:colcon.colcon_core.shell:Creating package descriptor '/home/krishil/ros2_ws/install/my_py_pkg/share/my_py_pkg/package.dsv'
[3.523s] INFO:colcon.colcon_core.shell:Creating package script '/home/krishil/ros2_ws/install/my_py_pkg/share/my_py_pkg/package.sh'
[3.524s] INFO:colcon.colcon_core.shell:Creating package script '/home/krishil/ros2_ws/install/my_py_pkg/share/my_py_pkg/package.bash'
[3.525s] INFO:colcon.colcon_core.shell:Creating package script '/home/krishil/ros2_ws/install/my_py_pkg/share/my_py_pkg/package.zsh'
[3.527s] Level 1:colcon.colcon_core.environment:create_file_with_runtime_dependencies(/home/krishil/ros2_ws/install/my_py_pkg/share/colcon-core/packages/my_py_pkg)
[5.913s] DEBUG:colcon.colcon_core.event_handler.log_command:Invoked command in '/home/krishil/ros2_ws/build/my_cpp_pkg' returned '0': CMAKE_PREFIX_PATH=${CMAKE_PREFIX_PATH}:/home/krishil/ros2_ws/install/my_py_pkg:/opt/ros/humble /usr/bin/cmake --build /home/krishil/ros2_ws/build/my_cpp_pkg -- -j3 -l3
[6.013s] DEBUG:colcon.colcon_core.event_handler.log_command:Invoking command in '/home/krishil/ros2_ws/build/my_cpp_pkg': CMAKE_PREFIX_PATH=${CMAKE_PREFIX_PATH}:/home/krishil/ros2_ws/install/my_py_pkg:/opt/ros/humble /usr/bin/cmake --install /home/krishil/ros2_ws/build/my_cpp_pkg
[6.050s] Level 1:colcon.colcon_core.environment:create_environment_scripts_only(my_cpp_pkg)
[6.050s] Level 1:colcon.colcon_core.environment:checking '/home/krishil/ros2_ws/install/my_cpp_pkg' for CMake module files
[6.051s] DEBUG:colcon.colcon_core.event_handler.log_command:Invoked command in '/home/krishil/ros2_ws/build/my_cpp_pkg' returned '0': CMAKE_PREFIX_PATH=${CMAKE_PREFIX_PATH}:/home/krishil/ros2_ws/install/my_py_pkg:/opt/ros/humble /usr/bin/cmake --install /home/krishil/ros2_ws/build/my_cpp_pkg
[6.051s] Level 1:colcon.colcon_core.environment:checking '/home/krishil/ros2_ws/install/my_cpp_pkg' for CMake config files
[6.052s] Level 1:colcon.colcon_core.shell:create_environment_hook('my_cpp_pkg', 'cmake_prefix_path')
[6.052s] INFO:colcon.colcon_core.shell:Creating environment hook '/home/krishil/ros2_ws/install/my_cpp_pkg/share/my_cpp_pkg/hook/cmake_prefix_path.ps1'
[6.054s] INFO:colcon.colcon_core.shell:Creating environment descriptor '/home/krishil/ros2_ws/install/my_cpp_pkg/share/my_cpp_pkg/hook/cmake_prefix_path.dsv'
[6.057s] INFO:colcon.colcon_core.shell:Creating environment hook '/home/krishil/ros2_ws/install/my_cpp_pkg/share/my_cpp_pkg/hook/cmake_prefix_path.sh'
[6.060s] Level 1:colcon.colcon_core.environment:checking '/home/krishil/ros2_ws/install/my_cpp_pkg/lib'
[6.060s] Level 1:colcon.colcon_core.environment:checking '/home/krishil/ros2_ws/install/my_cpp_pkg/bin'
[6.060s] Level 1:colcon.colcon_core.environment:checking '/home/krishil/ros2_ws/install/my_cpp_pkg/lib/pkgconfig/my_cpp_pkg.pc'
[6.062s] Level 1:colcon.colcon_core.environment:checking '/home/krishil/ros2_ws/install/my_cpp_pkg/lib/python3.10/site-packages'
[6.062s] Level 1:colcon.colcon_core.environment:checking '/home/krishil/ros2_ws/install/my_cpp_pkg/bin'
[6.062s] INFO:colcon.colcon_core.shell:Creating package script '/home/krishil/ros2_ws/install/my_cpp_pkg/share/my_cpp_pkg/package.ps1'
[6.064s] INFO:colcon.colcon_core.shell:Creating package descriptor '/home/krishil/ros2_ws/install/my_cpp_pkg/share/my_cpp_pkg/package.dsv'
[6.065s] INFO:colcon.colcon_core.shell:Creating package script '/home/krishil/ros2_ws/install/my_cpp_pkg/share/my_cpp_pkg/package.sh'
[6.066s] INFO:colcon.colcon_core.shell:Creating package script '/home/krishil/ros2_ws/install/my_cpp_pkg/share/my_cpp_pkg/package.bash'
[6.067s] INFO:colcon.colcon_core.shell:Creating package script '/home/krishil/ros2_ws/install/my_cpp_pkg/share/my_cpp_pkg/package.zsh'
[6.068s] Level 1:colcon.colcon_core.environment:create_file_with_runtime_dependencies(/home/krishil/ros2_ws/install/my_cpp_pkg/share/colcon-core/packages/my_cpp_pkg)
[6.158s] Level 1:colcon.colcon_core.environment:create_environment_scripts_only(my_cpp_pkg)
[6.159s] Level 1:colcon.colcon_core.environment:checking '/home/krishil/ros2_ws/install/my_cpp_pkg' for CMake module files
[6.160s] Level 1:colcon.colcon_core.environment:checking '/home/krishil/ros2_ws/install/my_cpp_pkg' for CMake config files
[6.160s] Level 1:colcon.colcon_core.shell:create_environment_hook('my_cpp_pkg', 'cmake_prefix_path')
[6.160s] INFO:colcon.colcon_core.shell:Creating environment hook '/home/krishil/ros2_ws/install/my_cpp_pkg/share/my_cpp_pkg/hook/cmake_prefix_path.ps1'
[6.161s] INFO:colcon.colcon_core.shell:Creating environment descriptor '/home/krishil/ros2_ws/install/my_cpp_pkg/share/my_cpp_pkg/hook/cmake_prefix_path.dsv'
[6.163s] INFO:colcon.colcon_core.shell:Creating environment hook '/home/krishil/ros2_ws/install/my_cpp_pkg/share/my_cpp_pkg/hook/cmake_prefix_path.sh'
[6.164s] Level 1:colcon.colcon_core.environment:checking '/home/krishil/ros2_ws/install/my_cpp_pkg/lib'
[6.165s] Level 1:colcon.colcon_core.environment:checking '/home/krishil/ros2_ws/install/my_cpp_pkg/bin'
[6.165s] Level 1:colcon.colcon_core.environment:checking '/home/krishil/ros2_ws/install/my_cpp_pkg/lib/pkgconfig/my_cpp_pkg.pc'
[6.165s] Level 1:colcon.colcon_core.environment:checking '/home/krishil/ros2_ws/install/my_cpp_pkg/lib/python3.10/site-packages'
[6.165s] Level 1:colcon.colcon_core.environment:checking '/home/krishil/ros2_ws/install/my_cpp_pkg/bin'
[6.166s] INFO:colcon.colcon_core.shell:Creating package script '/home/krishil/ros2_ws/install/my_cpp_pkg/share/my_cpp_pkg/package.ps1'
[6.167s] INFO:colcon.colcon_core.shell:Creating package descriptor '/home/krishil/ros2_ws/install/my_cpp_pkg/share/my_cpp_pkg/package.dsv'
[6.168s] INFO:colcon.colcon_core.shell:Creating package script '/home/krishil/ros2_ws/install/my_cpp_pkg/share/my_cpp_pkg/package.sh'
[6.169s] INFO:colcon.colcon_core.shell:Creating package script '/home/krishil/ros2_ws/install/my_cpp_pkg/share/my_cpp_pkg/package.bash'
[6.172s] INFO:colcon.colcon_core.shell:Creating package script '/home/krishil/ros2_ws/install/my_cpp_pkg/share/my_cpp_pkg/package.zsh'
[6.173s] Level 1:colcon.colcon_core.environment:create_file_with_runtime_dependencies(/home/krishil/ros2_ws/install/my_cpp_pkg/share/colcon-core/packages/my_cpp_pkg)
[6.174s] DEBUG:colcon.colcon_parallel_executor.executor.parallel:closing loop
[6.174s] DEBUG:colcon.colcon_parallel_executor.executor.parallel:loop closed
[6.174s] DEBUG:colcon.colcon_parallel_executor.executor.parallel:run_until_complete finished with '0'
[6.175s] DEBUG:colcon.colcon_core.event_reactor:joining thread
[6.181s] INFO:colcon.colcon_core.plugin_system:Skipping extension 'colcon_notification.desktop_notification.terminal_notifier': Not used on non-Darwin systems
[6.181s] INFO:colcon.colcon_core.plugin_system:Skipping extension 'colcon_notification.desktop_notification.win32': Not used on non-Windows systems
[6.181s] INFO:colcon.colcon_notification.desktop_notification:Sending desktop notification using 'notify2'
[6.204s] DEBUG:colcon.colcon_core.event_reactor:joined thread
[6.205s] INFO:colcon.colcon_core.shell:Creating prefix script '/home/krishil/ros2_ws/install/local_setup.ps1'
[6.209s] INFO:colcon.colcon_core.shell:Creating prefix util module '/home/krishil/ros2_ws/install/_local_setup_util_ps1.py'
[6.210s] INFO:colcon.colcon_core.shell:Creating prefix chain script '/home/krishil/ros2_ws/install/setup.ps1'
[6.213s] INFO:colcon.colcon_core.shell:Creating prefix script '/home/krishil/ros2_ws/install/local_setup.sh'
[6.214s] INFO:colcon.colcon_core.shell:Creating prefix util module '/home/krishil/ros2_ws/install/_local_setup_util_sh.py'
[6.215s] INFO:colcon.colcon_core.shell:Creating prefix chain script '/home/krishil/ros2_ws/install/setup.sh'
[6.217s] INFO:colcon.colcon_core.shell:Creating prefix script '/home/krishil/ros2_ws/install/local_setup.bash'
[6.219s] INFO:colcon.colcon_core.shell:Creating prefix chain script '/home/krishil/ros2_ws/install/setup.bash'
[6.221s] INFO:colcon.colcon_core.shell:Creating prefix script '/home/krishil/ros2_ws/install/local_setup.zsh'
[6.222s] INFO:colcon.colcon_core.shell:Creating prefix chain script '/home/krishil/ros2_ws/install/setup.zsh'
